{"numTotalTestSuites":21,"numPassedTestSuites":7,"numFailedTestSuites":13,"numPendingTestSuites":1,"numTotalTests":36,"numPassedTests":3,"numFailedTests":25,"numPendingTests":0,"numTodoTests":0,"snapshot":{"added":0,"failure":false,"filesAdded":0,"filesRemoved":0,"filesRemovedList":[],"filesUnmatched":0,"filesUpdated":0,"matched":0,"total":0,"unchecked":0,"uncheckedKeysByFile":[],"unmatched":0,"updated":0,"didUpdate":false},"startTime":1756016541455,"success":false,"testResults":[{"assertionResults":[],"startTime":1756016541455,"endTime":1756016541455,"status":"failed","message":"Failed to resolve import \"lighthouse\" from \"tests/performance/lighthouse.test.ts\". Does the file exist?","name":"/Users/zhuwencan/work/phoenixcoder/apps/community/admin/tests/performance/lighthouse.test.ts"},{"assertionResults":[{"ancestorTitles":["KnowledgeBase Component"],"fullName":"KnowledgeBase Component renders knowledge base page with title","status":"failed","title":"renders knowledge base page with title","duration":609.098618,"failureMessages":["TestingLibraryElementError: Unable to find an element with the text: 知识库管理. This could be because the text is broken up by multiple elements. In this case, you can provide a function for your text matcher to make your matcher more flexible.\n\nIgnored nodes: comments, script, style\n\u001b[36m<body>\u001b[39m\n  \u001b[36m<div>\u001b[39m\n    \u001b[36m<div\u001b[39m\n      \u001b[33mclass\u001b[39m=\u001b[32m\"MuiBox-root css-11u4k1p\"\u001b[39m\n    \u001b[36m>\u001b[39m\n      \u001b[36m<div\u001b[39m\n        \u001b[33mclass\u001b[39m=\u001b[32m\"MuiPaper-root MuiPaper-elevation MuiPaper-rounded MuiPaper-elevation1 css-bjirhk-MuiPaper-root\"\u001b[39m\n        \u001b[33mstyle\u001b[39m=\u001b[32m\"--Paper-shadow: 0px 2px 1px -1px rgba(0,0,0,0.2),0px 1px 1px 0px rgba(0,0,0,0.14),0px 1px 3px 0px rgba(0,0,0,0.12);\"\u001b[39m\n      \u001b[36m>\u001b[39m\n        \u001b[36m<div\u001b[39m\n          \u001b[33mclass\u001b[39m=\u001b[32m\"MuiBox-root css-69i1ev\"\u001b[39m\n        \u001b[36m>\u001b[39m\n          \u001b[36m<div\u001b[39m\n            \u001b[33mclass\u001b[39m=\u001b[32m\"MuiBox-root css-0\"\u001b[39m\n          \u001b[36m>\u001b[39m\n            \u001b[36m<h3\u001b[39m\n              \u001b[33mclass\u001b[39m=\u001b[32m\"MuiTypography-root MuiTypography-h3 css-13f5nhx-MuiTypography-root\"\u001b[39m\n            \u001b[36m>\u001b[39m\n              \u001b[0m🧠 个人知识图谱\u001b[0m\n            \u001b[36m</h3>\u001b[39m\n            \u001b[36m<h6\u001b[39m\n              \u001b[33mclass\u001b[39m=\u001b[32m\"MuiTypography-root MuiTypography-h6 css-pflpob-MuiTypography-root\"\u001b[39m\n            \u001b[36m>\u001b[39m\n              \u001b[0mPersonal Time-Space Multi-dimensional Knowledge Graph\u001b[0m\n            \u001b[36m</h6>\u001b[39m\n            \u001b[36m<p\u001b[39m\n              \u001b[33mclass\u001b[39m=\u001b[32m\"MuiTypography-root MuiTypography-body1 css-1lr0ivj-MuiTypography-root\"\u001b[39m\n            \u001b[36m>\u001b[39m\n              \u001b[0m记录个人认知发展轨迹，构建多维度知识体系，规划成长路线\u001b[0m\n            \u001b[36m</p>\u001b[39m\n          \u001b[36m</div>\u001b[39m\n          \u001b[36m<div\u001b[39m\n            \u001b[33mclass\u001b[39m=\u001b[32m\"MuiBox-root css-1c4h91x\"\u001b[39m\n          \u001b[36m>\u001b[39m\n            \u001b[36m<div\u001b[39m\n              \u001b[33mclass\u001b[39m=\u001b[32m\"MuiPaper-root MuiPaper-elevation MuiPaper-rounded MuiPaper-elevation1 MuiCard-root css-19p2e4e-MuiPaper-root-MuiCard-root\"\u001b[39m\n              \u001b[33mstyle\u001b[39m=\u001b[32m\"--Paper-shadow: 0px 2px 1px -1px rgba(0,0,0,0.2),0px 1px 1px 0px rgba(0,0,0,0.14),0px 1px 3px 0px rgba(0,0,0,0.12);\"\u001b[39m\n            \u001b[36m>\u001b[39m\n              \u001b[36m<div\u001b[39m\n                \u001b[33mclass\u001b[39m=\u001b[32m\"MuiCardContent-root css-a8xh-MuiCardContent-root\"\u001b[39m\n              \u001b[36m>\u001b[39m\n                \u001b[36m<h4\u001b[39m\n                  \u001b[33mclass\u001b[39m=\u001b[32m\"MuiTypography-root MuiTypography-h4 css-gyie49-MuiTypography-root\"\u001b[39m\n                \u001b[36m>\u001b[39m\n                  \u001b[0m156\u001b[0m\n                \u001b[36m</h4>\u001b[39m\n                \u001b[36m<span\u001b[39m\n                  \u001b[33mclass\u001b[39m=\u001b[32m\"MuiTypography-root MuiTypography-caption css-1374baf-MuiTypography-root\"\u001b[39m\n                \u001b[36m>\u001b[39m\n                  \u001b[0m知识节点\u001b[0m\n                \u001b[36m</span>\u001b[39m\n              \u001b[36m</div>\u001b[39m\n            \u001b[36m</div>\u001b[39m\n            \u001b[36m<div\u001b[39m\n              \u001b[33mclass\u001b[39m=\u001b[32m\"MuiPaper-root MuiPaper-elevation MuiPaper-rounded MuiPaper-elevation1 MuiCard-root css-19p2e4e-MuiPaper-root-MuiCard-root\"\u001b[39m\n              \u001b[33mstyle\u001b[39m=\u001b[32m\"--Paper-shadow: 0px 2px 1px -1px rgba(0,0,0,0.2),0px 1px 1px 0px rgba(0,0,0,0.14),0px 1px 3px 0px rgba(0,0,0,0.12);\"\u001b[39m\n            \u001b[36m>\u001b[39m\n              \u001b[36m<div\u001b[39m\n                \u001b[33mclass\u001b[39m=\u001b[32m\"MuiCardContent-root css-a8xh-MuiCardContent-root\"\u001b[39m\n              \u001b[36m>\u001b[39m\n                \u001b[36m<h4\u001b[39m\n                  \u001b[33mclass\u001b[39m=\u001b[32m\"MuiTypography-root MuiTypography-h4 css-1waorel-MuiTypography-root\"\u001b[39m\n                \u001b[36m>\u001b[39m\n                  \u001b[0m8\u001b[0m\n                \u001b[36m</h4>\u001b[39m\n                \u001b[36m<span\u001b[39m\n                  \u001b[33mclass\u001b[39m=\u001b[32m\"MuiTypography-root MuiTypography-caption css-1374baf-MuiTypography-root\"\u001b[39m\n                \u001b[36m>\u001b[39m\n                  \u001b[0m学习路径\u001b[0m\n                \u001b[36m</span>\u001b[39m\n              \u001b[36m</div>\u001b[39m\n            \u001b[36m</div>\u001b[39m\n            \u001b[36m<div\u001b[39m\n              \u001b[33mclass\u001b[39m=\u001b[32m\"MuiPaper-root MuiPaper-elevation MuiPaper-rounded MuiPaper-elevation1 MuiCard-root css-19p2e4e-MuiPaper-root-MuiCard-root\"\u001b[39m\n              \u001b[33mstyle\u001b[39m=\u001b[32m\"--Paper-shadow: 0px 2px 1px -1px rgba(0,0,0,0.2),0px 1px 1px 0px rgba(0,0,0,0.14),0px 1px 3px 0px rgba(0,0,0,0.12);\"\u001b[39m\n            \u001b[36m>\u001b[39m\n              \u001b[36m<div\u001b[39m\n                \u001b[33mclass\u001b[39m=\u001b[32m\"MuiCardContent-root css-a8xh-MuiCardContent-root\"\u001b[39m\n              \u001b[36m>\u001b[39m\n                \u001b[36m<h4\u001b[39m\n                  \u001b[33mclass\u001b[39m=\u001b[32m\"MuiTypography-root MuiTypography-h4 css-1s33ec2-MuiTypography-root\"\u001b[39m\n                \u001b[36m>\u001b[39m\n                  \u001b[0m+\u001b[0m\n                  \u001b[0m15.2\u001b[0m\n                  \u001b[0m%\u001b[0m\n                \u001b[36m</h4>\u001b[39m\n                \u001b[36m<span\u001b[39m\n                  \u001b[33mclass\u001b[39m=\u001b[32m\"MuiTypography-root MuiTypography-caption css-1374baf-MuiTypography-root\"\u001b[39m\n                \u001b[36m>\u001b[39m\n                  \u001b[0m认知增长\u001b[0m\n                \u001b[36m</span>\u001b[39m\n              \u001b[36m</div>\u001b[39m\n            \u001b[36m</div>\u001b[39m\n            \u001b[36m<div\u001b[39m\n              \u001b[33mclass\u001b[39m=\u001b[32m\"MuiPaper-root MuiPaper-elevation MuiPaper-rounded MuiPaper-elevation1 MuiCard-root css-19p2e4e-MuiPaper-root-MuiCard-root\"\u001b[39m\n              \u001b[33mstyle\u001b[39m=\u001b[32m\"--Paper-shadow: 0px 2px 1px -1px rgba(0,0,0,0.2),0px 1px 1px 0px rgba(0,0,0,0.14),0px 1px 3px 0px rgba(0,0,0,0.12);\"\u001b[39m\n            \u001b[36m>\u001b[39m\n              \u001b[36m<div\u001b[39m\n                \u001b[33mclass\u001b[39m=\u001b[32m\"MuiCardContent-root css-a8xh-MuiCardContent-root\"\u001b[39m\n              \u001b[36m>\u001b[39m\n                \u001b[36m<h4\u001b[39m\n                  \u001b[33mclass\u001b[39m=\u001b[32m\"MuiTypography-root MuiTypography-h4 css-1oauvq7-MuiTypography-root\"\u001b[39m\n                \u001b[36m>\u001b[39m\n                  \u001b[0m8.5\u001b[0m\n                  \u001b[0mh\u001b[0m\n                \u001b[36m</h4>\u001b[39m\n                \u001b[36m<span\u001b[39m\n                  \u001b[33mclass\u001b[39m=\u001b[32m\"MuiTypography-root MuiTypography-caption css-1374baf-MuiTypography-root\"\u001b[39m\n                \u001b[36m>\u001b[39m\n                  \u001b[0m本周学习\u001b[0m\n                \u001b[36m</span>\u001b[39m\n              \u001b[36m</div>\u001b[39m\n            \u001b[36m</div>\u001b[39m\n          \u001b[36m</div>\u001b[39m\n        \u001b[36m</div>\u001b[39m\n      \u001b[36m</div>\u001b[39m\n      \u001b[36m<div\u001b[39m\n        \u001b[33mclass\u001b[39m=\u001b[32m\"MuiBox-root css-hi72og\"\u001b[39m\n      \u001b[36m>\u001b[39m\n        \u001b[36m<div\u001b[39m\n          \u001b[33mclass\u001b[39m=\u001b[32m\"MuiTabs-root css-10hciw1-MuiTabs-root\"\u001b[39m\n        \u001b[36m>\u001b[39m\n          \u001b[36m<div\u001b[39m\n            \u001b[33mclass\u001b[39m=\u001b[32m\"MuiTabs-scroller MuiTabs-fixed css-s2t35c-MuiTabs-scroller\"\u001b[39m\n            \u001b[33mstyle\u001b[39m=\u001b[32m\"overflow: hidden; margin-bottom: 0px;\"\u001b[39m\n          \u001b[36m>\u001b[39m\n            \u001b[36m<div\u001b[39m\n              \u001b[33maria-label\u001b[39m=\u001b[32m\"knowledge base tabs\"\u001b[39m\n              \u001b[33mclass\u001b[39m=\u001b[32m\"MuiTabs-list MuiTabs-flexContainer css-hzcega-MuiTabs-list\"\u001b[39m\n              \u001b[33mrole\u001b[39m=\u001b[32m\"tablist\"\u001b[39m\n            \u001b[36m>\u001b[39m\n              \u001b[36m<button\u001b[39m\n                \u001b[33maria-selected\u001b[39m=\u001b[32m\"true\"\u001b[39m\n                \u001b[33mclass\u001b[39m=\u001b[32m\"MuiButtonBase-root MuiTab-root MuiTab-labelIcon MuiTab-textColorPrimary Mui-selected css-6kmpcy-MuiButtonBase-root-MuiTab-root\"\u001b[39m\n                \u001b[33mrole\u001b[39m=\u001b[32m\"tab\"\u001b[39m\n                \u001b[33mtabindex\u001b[39m=\u001b[32m\"0\"\u001b[39m\n                \u001b[33mtype\u001b[39m=\u001b[3...\n    at Object.getElementError (/Users/zhuwencan/work/phoenixcoder/node_modules/.pnpm/@testing-library+dom@10.4.1/node_modules/@testing-library/dom/dist/config.js:37:19)\n    at /Users/zhuwencan/work/phoenixcoder/node_modules/.pnpm/@testing-library+dom@10.4.1/node_modules/@testing-library/dom/dist/query-helpers.js:76:38\n    at /Users/zhuwencan/work/phoenixcoder/node_modules/.pnpm/@testing-library+dom@10.4.1/node_modules/@testing-library/dom/dist/query-helpers.js:52:17\n    at /Users/zhuwencan/work/phoenixcoder/node_modules/.pnpm/@testing-library+dom@10.4.1/node_modules/@testing-library/dom/dist/query-helpers.js:95:19\n    at /Users/zhuwencan/work/phoenixcoder/apps/community/admin/src/features/KnowledgeBase/index.test.tsx:83:19\n    at file:///Users/zhuwencan/work/phoenixcoder/node_modules/.pnpm/@vitest+runner@4.0.0-beta.8/node_modules/@vitest/runner/dist/chunk-hooks.js:155:11\n    at file:///Users/zhuwencan/work/phoenixcoder/node_modules/.pnpm/@vitest+runner@4.0.0-beta.8/node_modules/@vitest/runner/dist/chunk-hooks.js:1055:26\n    at file:///Users/zhuwencan/work/phoenixcoder/node_modules/.pnpm/@vitest+runner@4.0.0-beta.8/node_modules/@vitest/runner/dist/chunk-hooks.js:1899:20\n    at new Promise (<anonymous>)\n    at runWithTimeout (file:///Users/zhuwencan/work/phoenixcoder/node_modules/.pnpm/@vitest+runner@4.0.0-beta.8/node_modules/@vitest/runner/dist/chunk-hooks.js:1865:10)","TestingLibraryElementError: Unable to find an element with the text: 知识库管理. This could be because the text is broken up by multiple elements. In this case, you can provide a function for your text matcher to make your matcher more flexible.\n\nIgnored nodes: comments, script, style\n\u001b[36m<body>\u001b[39m\n  \u001b[36m<div>\u001b[39m\n    \u001b[36m<div\u001b[39m\n      \u001b[33mclass\u001b[39m=\u001b[32m\"MuiBox-root css-11u4k1p\"\u001b[39m\n    \u001b[36m>\u001b[39m\n      \u001b[36m<div\u001b[39m\n        \u001b[33mclass\u001b[39m=\u001b[32m\"MuiPaper-root MuiPaper-elevation MuiPaper-rounded MuiPaper-elevation1 css-bjirhk-MuiPaper-root\"\u001b[39m\n        \u001b[33mstyle\u001b[39m=\u001b[32m\"--Paper-shadow: 0px 2px 1px -1px rgba(0,0,0,0.2),0px 1px 1px 0px rgba(0,0,0,0.14),0px 1px 3px 0px rgba(0,0,0,0.12);\"\u001b[39m\n      \u001b[36m>\u001b[39m\n        \u001b[36m<div\u001b[39m\n          \u001b[33mclass\u001b[39m=\u001b[32m\"MuiBox-root css-69i1ev\"\u001b[39m\n        \u001b[36m>\u001b[39m\n          \u001b[36m<div\u001b[39m\n            \u001b[33mclass\u001b[39m=\u001b[32m\"MuiBox-root css-0\"\u001b[39m\n          \u001b[36m>\u001b[39m\n            \u001b[36m<h3\u001b[39m\n              \u001b[33mclass\u001b[39m=\u001b[32m\"MuiTypography-root MuiTypography-h3 css-13f5nhx-MuiTypography-root\"\u001b[39m\n            \u001b[36m>\u001b[39m\n              \u001b[0m🧠 个人知识图谱\u001b[0m\n            \u001b[36m</h3>\u001b[39m\n            \u001b[36m<h6\u001b[39m\n              \u001b[33mclass\u001b[39m=\u001b[32m\"MuiTypography-root MuiTypography-h6 css-pflpob-MuiTypography-root\"\u001b[39m\n            \u001b[36m>\u001b[39m\n              \u001b[0mPersonal Time-Space Multi-dimensional Knowledge Graph\u001b[0m\n            \u001b[36m</h6>\u001b[39m\n            \u001b[36m<p\u001b[39m\n              \u001b[33mclass\u001b[39m=\u001b[32m\"MuiTypography-root MuiTypography-body1 css-1lr0ivj-MuiTypography-root\"\u001b[39m\n            \u001b[36m>\u001b[39m\n              \u001b[0m记录个人认知发展轨迹，构建多维度知识体系，规划成长路线\u001b[0m\n            \u001b[36m</p>\u001b[39m\n          \u001b[36m</div>\u001b[39m\n          \u001b[36m<div\u001b[39m\n            \u001b[33mclass\u001b[39m=\u001b[32m\"MuiBox-root css-1c4h91x\"\u001b[39m\n          \u001b[36m>\u001b[39m\n            \u001b[36m<div\u001b[39m\n              \u001b[33mclass\u001b[39m=\u001b[32m\"MuiPaper-root MuiPaper-elevation MuiPaper-rounded MuiPaper-elevation1 MuiCard-root css-19p2e4e-MuiPaper-root-MuiCard-root\"\u001b[39m\n              \u001b[33mstyle\u001b[39m=\u001b[32m\"--Paper-shadow: 0px 2px 1px -1px rgba(0,0,0,0.2),0px 1px 1px 0px rgba(0,0,0,0.14),0px 1px 3px 0px rgba(0,0,0,0.12);\"\u001b[39m\n            \u001b[36m>\u001b[39m\n              \u001b[36m<div\u001b[39m\n                \u001b[33mclass\u001b[39m=\u001b[32m\"MuiCardContent-root css-a8xh-MuiCardContent-root\"\u001b[39m\n              \u001b[36m>\u001b[39m\n                \u001b[36m<h4\u001b[39m\n                  \u001b[33mclass\u001b[39m=\u001b[32m\"MuiTypography-root MuiTypography-h4 css-gyie49-MuiTypography-root\"\u001b[39m\n                \u001b[36m>\u001b[39m\n                  \u001b[0m156\u001b[0m\n                \u001b[36m</h4>\u001b[39m\n                \u001b[36m<span\u001b[39m\n                  \u001b[33mclass\u001b[39m=\u001b[32m\"MuiTypography-root MuiTypography-caption css-1374baf-MuiTypography-root\"\u001b[39m\n                \u001b[36m>\u001b[39m\n                  \u001b[0m知识节点\u001b[0m\n                \u001b[36m</span>\u001b[39m\n              \u001b[36m</div>\u001b[39m\n            \u001b[36m</div>\u001b[39m\n            \u001b[36m<div\u001b[39m\n              \u001b[33mclass\u001b[39m=\u001b[32m\"MuiPaper-root MuiPaper-elevation MuiPaper-rounded MuiPaper-elevation1 MuiCard-root css-19p2e4e-MuiPaper-root-MuiCard-root\"\u001b[39m\n              \u001b[33mstyle\u001b[39m=\u001b[32m\"--Paper-shadow: 0px 2px 1px -1px rgba(0,0,0,0.2),0px 1px 1px 0px rgba(0,0,0,0.14),0px 1px 3px 0px rgba(0,0,0,0.12);\"\u001b[39m\n            \u001b[36m>\u001b[39m\n              \u001b[36m<div\u001b[39m\n                \u001b[33mclass\u001b[39m=\u001b[32m\"MuiCardContent-root css-a8xh-MuiCardContent-root\"\u001b[39m\n              \u001b[36m>\u001b[39m\n                \u001b[36m<h4\u001b[39m\n                  \u001b[33mclass\u001b[39m=\u001b[32m\"MuiTypography-root MuiTypography-h4 css-1waorel-MuiTypography-root\"\u001b[39m\n                \u001b[36m>\u001b[39m\n                  \u001b[0m8\u001b[0m\n                \u001b[36m</h4>\u001b[39m\n                \u001b[36m<span\u001b[39m\n                  \u001b[33mclass\u001b[39m=\u001b[32m\"MuiTypography-root MuiTypography-caption css-1374baf-MuiTypography-root\"\u001b[39m\n                \u001b[36m>\u001b[39m\n                  \u001b[0m学习路径\u001b[0m\n                \u001b[36m</span>\u001b[39m\n              \u001b[36m</div>\u001b[39m\n            \u001b[36m</div>\u001b[39m\n            \u001b[36m<div\u001b[39m\n              \u001b[33mclass\u001b[39m=\u001b[32m\"MuiPaper-root MuiPaper-elevation MuiPaper-rounded MuiPaper-elevation1 MuiCard-root css-19p2e4e-MuiPaper-root-MuiCard-root\"\u001b[39m\n              \u001b[33mstyle\u001b[39m=\u001b[32m\"--Paper-shadow: 0px 2px 1px -1px rgba(0,0,0,0.2),0px 1px 1px 0px rgba(0,0,0,0.14),0px 1px 3px 0px rgba(0,0,0,0.12);\"\u001b[39m\n            \u001b[36m>\u001b[39m\n              \u001b[36m<div\u001b[39m\n                \u001b[33mclass\u001b[39m=\u001b[32m\"MuiCardContent-root css-a8xh-MuiCardContent-root\"\u001b[39m\n              \u001b[36m>\u001b[39m\n                \u001b[36m<h4\u001b[39m\n                  \u001b[33mclass\u001b[39m=\u001b[32m\"MuiTypography-root MuiTypography-h4 css-1s33ec2-MuiTypography-root\"\u001b[39m\n                \u001b[36m>\u001b[39m\n                  \u001b[0m+\u001b[0m\n                  \u001b[0m15.2\u001b[0m\n                  \u001b[0m%\u001b[0m\n                \u001b[36m</h4>\u001b[39m\n                \u001b[36m<span\u001b[39m\n                  \u001b[33mclass\u001b[39m=\u001b[32m\"MuiTypography-root MuiTypography-caption css-1374baf-MuiTypography-root\"\u001b[39m\n                \u001b[36m>\u001b[39m\n                  \u001b[0m认知增长\u001b[0m\n                \u001b[36m</span>\u001b[39m\n              \u001b[36m</div>\u001b[39m\n            \u001b[36m</div>\u001b[39m\n            \u001b[36m<div\u001b[39m\n              \u001b[33mclass\u001b[39m=\u001b[32m\"MuiPaper-root MuiPaper-elevation MuiPaper-rounded MuiPaper-elevation1 MuiCard-root css-19p2e4e-MuiPaper-root-MuiCard-root\"\u001b[39m\n              \u001b[33mstyle\u001b[39m=\u001b[32m\"--Paper-shadow: 0px 2px 1px -1px rgba(0,0,0,0.2),0px 1px 1px 0px rgba(0,0,0,0.14),0px 1px 3px 0px rgba(0,0,0,0.12);\"\u001b[39m\n            \u001b[36m>\u001b[39m\n              \u001b[36m<div\u001b[39m\n                \u001b[33mclass\u001b[39m=\u001b[32m\"MuiCardContent-root css-a8xh-MuiCardContent-root\"\u001b[39m\n              \u001b[36m>\u001b[39m\n                \u001b[36m<h4\u001b[39m\n                  \u001b[33mclass\u001b[39m=\u001b[32m\"MuiTypography-root MuiTypography-h4 css-1oauvq7-MuiTypography-root\"\u001b[39m\n                \u001b[36m>\u001b[39m\n                  \u001b[0m8.5\u001b[0m\n                  \u001b[0mh\u001b[0m\n                \u001b[36m</h4>\u001b[39m\n                \u001b[36m<span\u001b[39m\n                  \u001b[33mclass\u001b[39m=\u001b[32m\"MuiTypography-root MuiTypography-caption css-1374baf-MuiTypography-root\"\u001b[39m\n                \u001b[36m>\u001b[39m\n                  \u001b[0m本周学习\u001b[0m\n                \u001b[36m</span>\u001b[39m\n              \u001b[36m</div>\u001b[39m\n            \u001b[36m</div>\u001b[39m\n          \u001b[36m</div>\u001b[39m\n        \u001b[36m</div>\u001b[39m\n      \u001b[36m</div>\u001b[39m\n      \u001b[36m<div\u001b[39m\n        \u001b[33mclass\u001b[39m=\u001b[32m\"MuiBox-root css-hi72og\"\u001b[39m\n      \u001b[36m>\u001b[39m\n        \u001b[36m<div\u001b[39m\n          \u001b[33mclass\u001b[39m=\u001b[32m\"MuiTabs-root css-10hciw1-MuiTabs-root\"\u001b[39m\n        \u001b[36m>\u001b[39m\n          \u001b[36m<div\u001b[39m\n            \u001b[33mclass\u001b[39m=\u001b[32m\"MuiTabs-scroller MuiTabs-fixed css-s2t35c-MuiTabs-scroller\"\u001b[39m\n            \u001b[33mstyle\u001b[39m=\u001b[32m\"overflow: hidden; margin-bottom: 0px;\"\u001b[39m\n          \u001b[36m>\u001b[39m\n            \u001b[36m<div\u001b[39m\n              \u001b[33maria-label\u001b[39m=\u001b[32m\"knowledge base tabs\"\u001b[39m\n              \u001b[33mclass\u001b[39m=\u001b[32m\"MuiTabs-list MuiTabs-flexContainer css-hzcega-MuiTabs-list\"\u001b[39m\n              \u001b[33mrole\u001b[39m=\u001b[32m\"tablist\"\u001b[39m\n            \u001b[36m>\u001b[39m\n              \u001b[36m<button\u001b[39m\n                \u001b[33maria-selected\u001b[39m=\u001b[32m\"true\"\u001b[39m\n                \u001b[33mclass\u001b[39m=\u001b[32m\"MuiButtonBase-root MuiTab-root MuiTab-labelIcon MuiTab-textColorPrimary Mui-selected css-6kmpcy-MuiButtonBase-root-MuiTab-root\"\u001b[39m\n                \u001b[33mrole\u001b[39m=\u001b[32m\"tab\"\u001b[39m\n                \u001b[33mtabindex\u001b[39m=\u001b[32m\"0\"\u001b[39m\n                \u001b[33mtype\u001b[39m=\u001b[3...\n    at Object.getElementError (/Users/zhuwencan/work/phoenixcoder/node_modules/.pnpm/@testing-library+dom@10.4.1/node_modules/@testing-library/dom/dist/config.js:37:19)\n    at /Users/zhuwencan/work/phoenixcoder/node_modules/.pnpm/@testing-library+dom@10.4.1/node_modules/@testing-library/dom/dist/query-helpers.js:76:38\n    at /Users/zhuwencan/work/phoenixcoder/node_modules/.pnpm/@testing-library+dom@10.4.1/node_modules/@testing-library/dom/dist/query-helpers.js:52:17\n    at /Users/zhuwencan/work/phoenixcoder/node_modules/.pnpm/@testing-library+dom@10.4.1/node_modules/@testing-library/dom/dist/query-helpers.js:95:19\n    at /Users/zhuwencan/work/phoenixcoder/apps/community/admin/src/features/KnowledgeBase/index.test.tsx:83:19\n    at file:///Users/zhuwencan/work/phoenixcoder/node_modules/.pnpm/@vitest+runner@4.0.0-beta.8/node_modules/@vitest/runner/dist/chunk-hooks.js:155:11\n    at file:///Users/zhuwencan/work/phoenixcoder/node_modules/.pnpm/@vitest+runner@4.0.0-beta.8/node_modules/@vitest/runner/dist/chunk-hooks.js:1055:26\n    at file:///Users/zhuwencan/work/phoenixcoder/node_modules/.pnpm/@vitest+runner@4.0.0-beta.8/node_modules/@vitest/runner/dist/chunk-hooks.js:1899:20\n    at new Promise (<anonymous>)\n    at runWithTimeout (file:///Users/zhuwencan/work/phoenixcoder/node_modules/.pnpm/@vitest+runner@4.0.0-beta.8/node_modules/@vitest/runner/dist/chunk-hooks.js:1865:10)","TestingLibraryElementError: Unable to find an element with the text: 知识库管理. This could be because the text is broken up by multiple elements. In this case, you can provide a function for your text matcher to make your matcher more flexible.\n\nIgnored nodes: comments, script, style\n\u001b[36m<body>\u001b[39m\n  \u001b[36m<div>\u001b[39m\n    \u001b[36m<div\u001b[39m\n      \u001b[33mclass\u001b[39m=\u001b[32m\"MuiBox-root css-11u4k1p\"\u001b[39m\n    \u001b[36m>\u001b[39m\n      \u001b[36m<div\u001b[39m\n        \u001b[33mclass\u001b[39m=\u001b[32m\"MuiPaper-root MuiPaper-elevation MuiPaper-rounded MuiPaper-elevation1 css-bjirhk-MuiPaper-root\"\u001b[39m\n        \u001b[33mstyle\u001b[39m=\u001b[32m\"--Paper-shadow: 0px 2px 1px -1px rgba(0,0,0,0.2),0px 1px 1px 0px rgba(0,0,0,0.14),0px 1px 3px 0px rgba(0,0,0,0.12);\"\u001b[39m\n      \u001b[36m>\u001b[39m\n        \u001b[36m<div\u001b[39m\n          \u001b[33mclass\u001b[39m=\u001b[32m\"MuiBox-root css-69i1ev\"\u001b[39m\n        \u001b[36m>\u001b[39m\n          \u001b[36m<div\u001b[39m\n            \u001b[33mclass\u001b[39m=\u001b[32m\"MuiBox-root css-0\"\u001b[39m\n          \u001b[36m>\u001b[39m\n            \u001b[36m<h3\u001b[39m\n              \u001b[33mclass\u001b[39m=\u001b[32m\"MuiTypography-root MuiTypography-h3 css-13f5nhx-MuiTypography-root\"\u001b[39m\n            \u001b[36m>\u001b[39m\n              \u001b[0m🧠 个人知识图谱\u001b[0m\n            \u001b[36m</h3>\u001b[39m\n            \u001b[36m<h6\u001b[39m\n              \u001b[33mclass\u001b[39m=\u001b[32m\"MuiTypography-root MuiTypography-h6 css-pflpob-MuiTypography-root\"\u001b[39m\n            \u001b[36m>\u001b[39m\n              \u001b[0mPersonal Time-Space Multi-dimensional Knowledge Graph\u001b[0m\n            \u001b[36m</h6>\u001b[39m\n            \u001b[36m<p\u001b[39m\n              \u001b[33mclass\u001b[39m=\u001b[32m\"MuiTypography-root MuiTypography-body1 css-1lr0ivj-MuiTypography-root\"\u001b[39m\n            \u001b[36m>\u001b[39m\n              \u001b[0m记录个人认知发展轨迹，构建多维度知识体系，规划成长路线\u001b[0m\n            \u001b[36m</p>\u001b[39m\n          \u001b[36m</div>\u001b[39m\n          \u001b[36m<div\u001b[39m\n            \u001b[33mclass\u001b[39m=\u001b[32m\"MuiBox-root css-1c4h91x\"\u001b[39m\n          \u001b[36m>\u001b[39m\n            \u001b[36m<div\u001b[39m\n              \u001b[33mclass\u001b[39m=\u001b[32m\"MuiPaper-root MuiPaper-elevation MuiPaper-rounded MuiPaper-elevation1 MuiCard-root css-19p2e4e-MuiPaper-root-MuiCard-root\"\u001b[39m\n              \u001b[33mstyle\u001b[39m=\u001b[32m\"--Paper-shadow: 0px 2px 1px -1px rgba(0,0,0,0.2),0px 1px 1px 0px rgba(0,0,0,0.14),0px 1px 3px 0px rgba(0,0,0,0.12);\"\u001b[39m\n            \u001b[36m>\u001b[39m\n              \u001b[36m<div\u001b[39m\n                \u001b[33mclass\u001b[39m=\u001b[32m\"MuiCardContent-root css-a8xh-MuiCardContent-root\"\u001b[39m\n              \u001b[36m>\u001b[39m\n                \u001b[36m<h4\u001b[39m\n                  \u001b[33mclass\u001b[39m=\u001b[32m\"MuiTypography-root MuiTypography-h4 css-gyie49-MuiTypography-root\"\u001b[39m\n                \u001b[36m>\u001b[39m\n                  \u001b[0m156\u001b[0m\n                \u001b[36m</h4>\u001b[39m\n                \u001b[36m<span\u001b[39m\n                  \u001b[33mclass\u001b[39m=\u001b[32m\"MuiTypography-root MuiTypography-caption css-1374baf-MuiTypography-root\"\u001b[39m\n                \u001b[36m>\u001b[39m\n                  \u001b[0m知识节点\u001b[0m\n                \u001b[36m</span>\u001b[39m\n              \u001b[36m</div>\u001b[39m\n            \u001b[36m</div>\u001b[39m\n            \u001b[36m<div\u001b[39m\n              \u001b[33mclass\u001b[39m=\u001b[32m\"MuiPaper-root MuiPaper-elevation MuiPaper-rounded MuiPaper-elevation1 MuiCard-root css-19p2e4e-MuiPaper-root-MuiCard-root\"\u001b[39m\n              \u001b[33mstyle\u001b[39m=\u001b[32m\"--Paper-shadow: 0px 2px 1px -1px rgba(0,0,0,0.2),0px 1px 1px 0px rgba(0,0,0,0.14),0px 1px 3px 0px rgba(0,0,0,0.12);\"\u001b[39m\n            \u001b[36m>\u001b[39m\n              \u001b[36m<div\u001b[39m\n                \u001b[33mclass\u001b[39m=\u001b[32m\"MuiCardContent-root css-a8xh-MuiCardContent-root\"\u001b[39m\n              \u001b[36m>\u001b[39m\n                \u001b[36m<h4\u001b[39m\n                  \u001b[33mclass\u001b[39m=\u001b[32m\"MuiTypography-root MuiTypography-h4 css-1waorel-MuiTypography-root\"\u001b[39m\n                \u001b[36m>\u001b[39m\n                  \u001b[0m8\u001b[0m\n                \u001b[36m</h4>\u001b[39m\n                \u001b[36m<span\u001b[39m\n                  \u001b[33mclass\u001b[39m=\u001b[32m\"MuiTypography-root MuiTypography-caption css-1374baf-MuiTypography-root\"\u001b[39m\n                \u001b[36m>\u001b[39m\n                  \u001b[0m学习路径\u001b[0m\n                \u001b[36m</span>\u001b[39m\n              \u001b[36m</div>\u001b[39m\n            \u001b[36m</div>\u001b[39m\n            \u001b[36m<div\u001b[39m\n              \u001b[33mclass\u001b[39m=\u001b[32m\"MuiPaper-root MuiPaper-elevation MuiPaper-rounded MuiPaper-elevation1 MuiCard-root css-19p2e4e-MuiPaper-root-MuiCard-root\"\u001b[39m\n              \u001b[33mstyle\u001b[39m=\u001b[32m\"--Paper-shadow: 0px 2px 1px -1px rgba(0,0,0,0.2),0px 1px 1px 0px rgba(0,0,0,0.14),0px 1px 3px 0px rgba(0,0,0,0.12);\"\u001b[39m\n            \u001b[36m>\u001b[39m\n              \u001b[36m<div\u001b[39m\n                \u001b[33mclass\u001b[39m=\u001b[32m\"MuiCardContent-root css-a8xh-MuiCardContent-root\"\u001b[39m\n              \u001b[36m>\u001b[39m\n                \u001b[36m<h4\u001b[39m\n                  \u001b[33mclass\u001b[39m=\u001b[32m\"MuiTypography-root MuiTypography-h4 css-1s33ec2-MuiTypography-root\"\u001b[39m\n                \u001b[36m>\u001b[39m\n                  \u001b[0m+\u001b[0m\n                  \u001b[0m15.2\u001b[0m\n                  \u001b[0m%\u001b[0m\n                \u001b[36m</h4>\u001b[39m\n                \u001b[36m<span\u001b[39m\n                  \u001b[33mclass\u001b[39m=\u001b[32m\"MuiTypography-root MuiTypography-caption css-1374baf-MuiTypography-root\"\u001b[39m\n                \u001b[36m>\u001b[39m\n                  \u001b[0m认知增长\u001b[0m\n                \u001b[36m</span>\u001b[39m\n              \u001b[36m</div>\u001b[39m\n            \u001b[36m</div>\u001b[39m\n            \u001b[36m<div\u001b[39m\n              \u001b[33mclass\u001b[39m=\u001b[32m\"MuiPaper-root MuiPaper-elevation MuiPaper-rounded MuiPaper-elevation1 MuiCard-root css-19p2e4e-MuiPaper-root-MuiCard-root\"\u001b[39m\n              \u001b[33mstyle\u001b[39m=\u001b[32m\"--Paper-shadow: 0px 2px 1px -1px rgba(0,0,0,0.2),0px 1px 1px 0px rgba(0,0,0,0.14),0px 1px 3px 0px rgba(0,0,0,0.12);\"\u001b[39m\n            \u001b[36m>\u001b[39m\n              \u001b[36m<div\u001b[39m\n                \u001b[33mclass\u001b[39m=\u001b[32m\"MuiCardContent-root css-a8xh-MuiCardContent-root\"\u001b[39m\n              \u001b[36m>\u001b[39m\n                \u001b[36m<h4\u001b[39m\n                  \u001b[33mclass\u001b[39m=\u001b[32m\"MuiTypography-root MuiTypography-h4 css-1oauvq7-MuiTypography-root\"\u001b[39m\n                \u001b[36m>\u001b[39m\n                  \u001b[0m8.5\u001b[0m\n                  \u001b[0mh\u001b[0m\n                \u001b[36m</h4>\u001b[39m\n                \u001b[36m<span\u001b[39m\n                  \u001b[33mclass\u001b[39m=\u001b[32m\"MuiTypography-root MuiTypography-caption css-1374baf-MuiTypography-root\"\u001b[39m\n                \u001b[36m>\u001b[39m\n                  \u001b[0m本周学习\u001b[0m\n                \u001b[36m</span>\u001b[39m\n              \u001b[36m</div>\u001b[39m\n            \u001b[36m</div>\u001b[39m\n          \u001b[36m</div>\u001b[39m\n        \u001b[36m</div>\u001b[39m\n      \u001b[36m</div>\u001b[39m\n      \u001b[36m<div\u001b[39m\n        \u001b[33mclass\u001b[39m=\u001b[32m\"MuiBox-root css-hi72og\"\u001b[39m\n      \u001b[36m>\u001b[39m\n        \u001b[36m<div\u001b[39m\n          \u001b[33mclass\u001b[39m=\u001b[32m\"MuiTabs-root css-10hciw1-MuiTabs-root\"\u001b[39m\n        \u001b[36m>\u001b[39m\n          \u001b[36m<div\u001b[39m\n            \u001b[33mclass\u001b[39m=\u001b[32m\"MuiTabs-scroller MuiTabs-fixed css-s2t35c-MuiTabs-scroller\"\u001b[39m\n            \u001b[33mstyle\u001b[39m=\u001b[32m\"overflow: hidden; margin-bottom: 0px;\"\u001b[39m\n          \u001b[36m>\u001b[39m\n            \u001b[36m<div\u001b[39m\n              \u001b[33maria-label\u001b[39m=\u001b[32m\"knowledge base tabs\"\u001b[39m\n              \u001b[33mclass\u001b[39m=\u001b[32m\"MuiTabs-list MuiTabs-flexContainer css-hzcega-MuiTabs-list\"\u001b[39m\n              \u001b[33mrole\u001b[39m=\u001b[32m\"tablist\"\u001b[39m\n            \u001b[36m>\u001b[39m\n              \u001b[36m<button\u001b[39m\n                \u001b[33maria-selected\u001b[39m=\u001b[32m\"true\"\u001b[39m\n                \u001b[33mclass\u001b[39m=\u001b[32m\"MuiButtonBase-root MuiTab-root MuiTab-labelIcon MuiTab-textColorPrimary Mui-selected css-6kmpcy-MuiButtonBase-root-MuiTab-root\"\u001b[39m\n                \u001b[33mrole\u001b[39m=\u001b[32m\"tab\"\u001b[39m\n                \u001b[33mtabindex\u001b[39m=\u001b[32m\"0\"\u001b[39m\n                \u001b[33mtype\u001b[39m=\u001b[3...\n    at Object.getElementError (/Users/zhuwencan/work/phoenixcoder/node_modules/.pnpm/@testing-library+dom@10.4.1/node_modules/@testing-library/dom/dist/config.js:37:19)\n    at /Users/zhuwencan/work/phoenixcoder/node_modules/.pnpm/@testing-library+dom@10.4.1/node_modules/@testing-library/dom/dist/query-helpers.js:76:38\n    at /Users/zhuwencan/work/phoenixcoder/node_modules/.pnpm/@testing-library+dom@10.4.1/node_modules/@testing-library/dom/dist/query-helpers.js:52:17\n    at /Users/zhuwencan/work/phoenixcoder/node_modules/.pnpm/@testing-library+dom@10.4.1/node_modules/@testing-library/dom/dist/query-helpers.js:95:19\n    at /Users/zhuwencan/work/phoenixcoder/apps/community/admin/src/features/KnowledgeBase/index.test.tsx:83:19\n    at file:///Users/zhuwencan/work/phoenixcoder/node_modules/.pnpm/@vitest+runner@4.0.0-beta.8/node_modules/@vitest/runner/dist/chunk-hooks.js:155:11\n    at file:///Users/zhuwencan/work/phoenixcoder/node_modules/.pnpm/@vitest+runner@4.0.0-beta.8/node_modules/@vitest/runner/dist/chunk-hooks.js:1055:26\n    at file:///Users/zhuwencan/work/phoenixcoder/node_modules/.pnpm/@vitest+runner@4.0.0-beta.8/node_modules/@vitest/runner/dist/chunk-hooks.js:1899:20\n    at new Promise (<anonymous>)\n    at runWithTimeout (file:///Users/zhuwencan/work/phoenixcoder/node_modules/.pnpm/@vitest+runner@4.0.0-beta.8/node_modules/@vitest/runner/dist/chunk-hooks.js:1865:10)"],"location":{"line":81,"column":3},"meta":{}},{"ancestorTitles":["KnowledgeBase Component"],"fullName":"KnowledgeBase Component fetches and displays articles correctly","status":"failed","title":"fetches and displays articles correctly","duration":3293.4541359999985,"failureMessages":["Error: Unable to find an element with the text: React基础知识. This could be because the text is broken up by multiple elements. In this case, you can provide a function for your text matcher to make your matcher more flexible.\n\nIgnored nodes: comments, script, style\n\u001b[36m<body>\u001b[39m\n  \u001b[36m<div>\u001b[39m\n    \u001b[36m<div\u001b[39m\n      \u001b[33mclass\u001b[39m=\u001b[32m\"MuiBox-root css-11u4k1p\"\u001b[39m\n    \u001b[36m>\u001b[39m\n      \u001b[36m<div\u001b[39m\n        \u001b[33mclass\u001b[39m=\u001b[32m\"MuiPaper-root MuiPaper-elevation MuiPaper-rounded MuiPaper-elevation1 css-bjirhk-MuiPaper-root\"\u001b[39m\n        \u001b[33mstyle\u001b[39m=\u001b[32m\"--Paper-shadow: 0px 2px 1px -1px rgba(0,0,0,0.2),0px 1px 1px 0px rgba(0,0,0,0.14),0px 1px 3px 0px rgba(0,0,0,0.12);\"\u001b[39m\n      \u001b[36m>\u001b[39m\n        \u001b[36m<div\u001b[39m\n          \u001b[33mclass\u001b[39m=\u001b[32m\"MuiBox-root css-69i1ev\"\u001b[39m\n        \u001b[36m>\u001b[39m\n          \u001b[36m<div\u001b[39m\n            \u001b[33mclass\u001b[39m=\u001b[32m\"MuiBox-root css-0\"\u001b[39m\n          \u001b[36m>\u001b[39m\n            \u001b[36m<h3\u001b[39m\n              \u001b[33mclass\u001b[39m=\u001b[32m\"MuiTypography-root MuiTypography-h3 css-13f5nhx-MuiTypography-root\"\u001b[39m\n            \u001b[36m>\u001b[39m\n              \u001b[0m🧠 个人知识图谱\u001b[0m\n            \u001b[36m</h3>\u001b[39m\n            \u001b[36m<h6\u001b[39m\n              \u001b[33mclass\u001b[39m=\u001b[32m\"MuiTypography-root MuiTypography-h6 css-pflpob-MuiTypography-root\"\u001b[39m\n            \u001b[36m>\u001b[39m\n              \u001b[0mPersonal Time-Space Multi-dimensional Knowledge Graph\u001b[0m\n            \u001b[36m</h6>\u001b[39m\n            \u001b[36m<p\u001b[39m\n              \u001b[33mclass\u001b[39m=\u001b[32m\"MuiTypography-root MuiTypography-body1 css-1lr0ivj-MuiTypography-root\"\u001b[39m\n            \u001b[36m>\u001b[39m\n              \u001b[0m记录个人认知发展轨迹，构建多维度知识体系，规划成长路线\u001b[0m\n            \u001b[36m</p>\u001b[39m\n          \u001b[36m</div>\u001b[39m\n          \u001b[36m<div\u001b[39m\n            \u001b[33mclass\u001b[39m=\u001b[32m\"MuiBox-root css-1c4h91x\"\u001b[39m\n          \u001b[36m>\u001b[39m\n            \u001b[36m<div\u001b[39m\n              \u001b[33mclass\u001b[39m=\u001b[32m\"MuiPaper-root MuiPaper-elevation MuiPaper-rounded MuiPaper-elevation1 MuiCard-root css-19p2e4e-MuiPaper-root-MuiCard-root\"\u001b[39m\n              \u001b[33mstyle\u001b[39m=\u001b[32m\"--Paper-shadow: 0px 2px 1px -1px rgba(0,0,0,0.2),0px 1px 1px 0px rgba(0,0,0,0.14),0px 1px 3px 0px rgba(0,0,0,0.12);\"\u001b[39m\n            \u001b[36m>\u001b[39m\n              \u001b[36m<div\u001b[39m\n                \u001b[33mclass\u001b[39m=\u001b[32m\"MuiCardContent-root css-a8xh-MuiCardContent-root\"\u001b[39m\n              \u001b[36m>\u001b[39m\n                \u001b[36m<h4\u001b[39m\n                  \u001b[33mclass\u001b[39m=\u001b[32m\"MuiTypography-root MuiTypography-h4 css-gyie49-MuiTypography-root\"\u001b[39m\n                \u001b[36m>\u001b[39m\n                  \u001b[0m156\u001b[0m\n                \u001b[36m</h4>\u001b[39m\n                \u001b[36m<span\u001b[39m\n                  \u001b[33mclass\u001b[39m=\u001b[32m\"MuiTypography-root MuiTypography-caption css-1374baf-MuiTypography-root\"\u001b[39m\n                \u001b[36m>\u001b[39m\n                  \u001b[0m知识节点\u001b[0m\n                \u001b[36m</span>\u001b[39m\n              \u001b[36m</div>\u001b[39m\n            \u001b[36m</div>\u001b[39m\n            \u001b[36m<div\u001b[39m\n              \u001b[33mclass\u001b[39m=\u001b[32m\"MuiPaper-root MuiPaper-elevation MuiPaper-rounded MuiPaper-elevation1 MuiCard-root css-19p2e4e-MuiPaper-root-MuiCard-root\"\u001b[39m\n              \u001b[33mstyle\u001b[39m=\u001b[32m\"--Paper-shadow: 0px 2px 1px -1px rgba(0,0,0,0.2),0px 1px 1px 0px rgba(0,0,0,0.14),0px 1px 3px 0px rgba(0,0,0,0.12);\"\u001b[39m\n            \u001b[36m>\u001b[39m\n              \u001b[36m<div\u001b[39m\n                \u001b[33mclass\u001b[39m=\u001b[32m\"MuiCardContent-root css-a8xh-MuiCardContent-root\"\u001b[39m\n              \u001b[36m>\u001b[39m\n                \u001b[36m<h4\u001b[39m\n                  \u001b[33mclass\u001b[39m=\u001b[32m\"MuiTypography-root MuiTypography-h4 css-1waorel-MuiTypography-root\"\u001b[39m\n                \u001b[36m>\u001b[39m\n                  \u001b[0m8\u001b[0m\n                \u001b[36m</h4>\u001b[39m\n                \u001b[36m<span\u001b[39m\n                  \u001b[33mclass\u001b[39m=\u001b[32m\"MuiTypography-root MuiTypography-caption css-1374baf-MuiTypography-root\"\u001b[39m\n                \u001b[36m>\u001b[39m\n                  \u001b[0m学习路径\u001b[0m\n                \u001b[36m</span>\u001b[39m\n              \u001b[36m</div>\u001b[39m\n            \u001b[36m</div>\u001b[39m\n            \u001b[36m<div\u001b[39m\n              \u001b[33mclass\u001b[39m=\u001b[32m\"MuiPaper-root MuiPaper-elevation MuiPaper-rounded MuiPaper-elevation1 MuiCard-root css-19p2e4e-MuiPaper-root-MuiCard-root\"\u001b[39m\n              \u001b[33mstyle\u001b[39m=\u001b[32m\"--Paper-shadow: 0px 2px 1px -1px rgba(0,0,0,0.2),0px 1px 1px 0px rgba(0,0,0,0.14),0px 1px 3px 0px rgba(0,0,0,0.12);\"\u001b[39m\n            \u001b[36m>\u001b[39m\n              \u001b[36m<div\u001b[39m\n                \u001b[33mclass\u001b[39m=\u001b[32m\"MuiCardContent-root css-a8xh-MuiCardContent-root\"\u001b[39m\n              \u001b[36m>\u001b[39m\n                \u001b[36m<h4\u001b[39m\n                  \u001b[33mclass\u001b[39m=\u001b[32m\"MuiTypography-root MuiTypography-h4 css-1s33ec2-MuiTypography-root\"\u001b[39m\n                \u001b[36m>\u001b[39m\n                  \u001b[0m+\u001b[0m\n                  \u001b[0m15.2\u001b[0m\n                  \u001b[0m%\u001b[0m\n                \u001b[36m</h4>\u001b[39m\n                \u001b[36m<span\u001b[39m\n                  \u001b[33mclass\u001b[39m=\u001b[32m\"MuiTypography-root MuiTypography-caption css-1374baf-MuiTypography-root\"\u001b[39m\n                \u001b[36m>\u001b[39m\n                  \u001b[0m认知增长\u001b[0m\n                \u001b[36m</span>\u001b[39m\n              \u001b[36m</div>\u001b[39m\n            \u001b[36m</div>\u001b[39m\n            \u001b[36m<div\u001b[39m\n              \u001b[33mclass\u001b[39m=\u001b[32m\"MuiPaper-root MuiPaper-elevation MuiPaper-rounded MuiPaper-elevation1 MuiCard-root css-19p2e4e-MuiPaper-root-MuiCard-root\"\u001b[39m\n              \u001b[33mstyle\u001b[39m=\u001b[32m\"--Paper-shadow: 0px 2px 1px -1px rgba(0,0,0,0.2),0px 1px 1px 0px rgba(0,0,0,0.14),0px 1px 3px 0px rgba(0,0,0,0.12);\"\u001b[39m\n            \u001b[36m>\u001b[39m\n              \u001b[36m<div\u001b[39m\n                \u001b[33mclass\u001b[39m=\u001b[32m\"MuiCardContent-root css-a8xh-MuiCardContent-root\"\u001b[39m\n              \u001b[36m>\u001b[39m\n                \u001b[36m<h4\u001b[39m\n                  \u001b[33mclass\u001b[39m=\u001b[32m\"MuiTypography-root MuiTypography-h4 css-1oauvq7-MuiTypography-root\"\u001b[39m\n                \u001b[36m>\u001b[39m\n                  \u001b[0m8.5\u001b[0m\n                  \u001b[0mh\u001b[0m\n                \u001b[36m</h4>\u001b[39m\n                \u001b[36m<span\u001b[39m\n                  \u001b[33mclass\u001b[39m=\u001b[32m\"MuiTypography-root MuiTypography-caption css-1374baf-MuiTypography-root\"\u001b[39m\n                \u001b[36m>\u001b[39m\n                  \u001b[0m本周学习\u001b[0m\n                \u001b[36m</span>\u001b[39m\n              \u001b[36m</div>\u001b[39m\n            \u001b[36m</div>\u001b[39m\n          \u001b[36m</div>\u001b[39m\n        \u001b[36m</div>\u001b[39m\n      \u001b[36m</div>\u001b[39m\n      \u001b[36m<div\u001b[39m\n        \u001b[33mclass\u001b[39m=\u001b[32m\"MuiBox-root css-hi72og\"\u001b[39m\n      \u001b[36m>\u001b[39m\n        \u001b[36m<div\u001b[39m\n          \u001b[33mclass\u001b[39m=\u001b[32m\"MuiTabs-root css-10hciw1-MuiTabs-root\"\u001b[39m\n        \u001b[36m>\u001b[39m\n          \u001b[36m<div\u001b[39m\n            \u001b[33mclass\u001b[39m=\u001b[32m\"MuiTabs-scroller MuiTabs-fixed css-s2t35c-MuiTabs-scroller\"\u001b[39m\n            \u001b[33mstyle\u001b[39m=\u001b[32m\"overflow: hidden; margin-bottom: 0px;\"\u001b[39m\n          \u001b[36m>\u001b[39m\n            \u001b[36m<div\u001b[39m\n              \u001b[33maria-label\u001b[39m=\u001b[32m\"knowledge base tabs\"\u001b[39m\n              \u001b[33mclass\u001b[39m=\u001b[32m\"MuiTabs-list MuiTabs-flexContainer css-hzcega-MuiTabs-list\"\u001b[39m\n              \u001b[33mrole\u001b[39m=\u001b[32m\"tablist\"\u001b[39m\n            \u001b[36m>\u001b[39m\n              \u001b[36m<button\u001b[39m\n                \u001b[33maria-selected\u001b[39m=\u001b[32m\"true\"\u001b[39m\n                \u001b[33mclass\u001b[39m=\u001b[32m\"MuiButtonBase-root MuiTab-root MuiTab-labelIcon MuiTab-textColorPrimary Mui-selected css-6kmpcy-MuiButtonBase-root-MuiTab-root\"\u001b[39m\n                \u001b[33mrole\u001b[39m=\u001b[32m\"tab\"\u001b[39m\n                \u001b[33mtabindex\u001b[39m=\u001b[32m\"0\"\u001b[39m\n                \u001b[33mtype\u001b[39m=\u001b[3...\n    at Proxy.waitForWrapper (/Users/zhuwencan/work/phoenixcoder/node_modules/.pnpm/@testing-library+dom@10.4.1/node_modules/@testing-library/dom/dist/wait-for.js:163:27)\n    at /Users/zhuwencan/work/phoenixcoder/apps/community/admin/src/features/KnowledgeBase/index.test.tsx:95:11\n    at file:///Users/zhuwencan/work/phoenixcoder/node_modules/.pnpm/@vitest+runner@4.0.0-beta.8/node_modules/@vitest/runner/dist/chunk-hooks.js:155:11\n    at file:///Users/zhuwencan/work/phoenixcoder/node_modules/.pnpm/@vitest+runner@4.0.0-beta.8/node_modules/@vitest/runner/dist/chunk-hooks.js:1055:26\n    at file:///Users/zhuwencan/work/phoenixcoder/node_modules/.pnpm/@vitest+runner@4.0.0-beta.8/node_modules/@vitest/runner/dist/chunk-hooks.js:1899:20\n    at new Promise (<anonymous>)\n    at runWithTimeout (file:///Users/zhuwencan/work/phoenixcoder/node_modules/.pnpm/@vitest+runner@4.0.0-beta.8/node_modules/@vitest/runner/dist/chunk-hooks.js:1865:10)\n    at runTest (file:///Users/zhuwencan/work/phoenixcoder/node_modules/.pnpm/@vitest+runner@4.0.0-beta.8/node_modules/@vitest/runner/dist/chunk-hooks.js:1576:12)\n    at runSuite (file:///Users/zhuwencan/work/phoenixcoder/node_modules/.pnpm/@vitest+runner@4.0.0-beta.8/node_modules/@vitest/runner/dist/chunk-hooks.js:1731:8)\n    at runSuite (file:///Users/zhuwencan/work/phoenixcoder/node_modules/.pnpm/@vitest+runner@4.0.0-beta.8/node_modules/@vitest/runner/dist/chunk-hooks.js:1731:8)","Error: Unable to find an element with the text: React基础知识. This could be because the text is broken up by multiple elements. In this case, you can provide a function for your text matcher to make your matcher more flexible.\n\nIgnored nodes: comments, script, style\n\u001b[36m<body>\u001b[39m\n  \u001b[36m<div>\u001b[39m\n    \u001b[36m<div\u001b[39m\n      \u001b[33mclass\u001b[39m=\u001b[32m\"MuiBox-root css-11u4k1p\"\u001b[39m\n    \u001b[36m>\u001b[39m\n      \u001b[36m<div\u001b[39m\n        \u001b[33mclass\u001b[39m=\u001b[32m\"MuiPaper-root MuiPaper-elevation MuiPaper-rounded MuiPaper-elevation1 css-bjirhk-MuiPaper-root\"\u001b[39m\n        \u001b[33mstyle\u001b[39m=\u001b[32m\"--Paper-shadow: 0px 2px 1px -1px rgba(0,0,0,0.2),0px 1px 1px 0px rgba(0,0,0,0.14),0px 1px 3px 0px rgba(0,0,0,0.12);\"\u001b[39m\n      \u001b[36m>\u001b[39m\n        \u001b[36m<div\u001b[39m\n          \u001b[33mclass\u001b[39m=\u001b[32m\"MuiBox-root css-69i1ev\"\u001b[39m\n        \u001b[36m>\u001b[39m\n          \u001b[36m<div\u001b[39m\n            \u001b[33mclass\u001b[39m=\u001b[32m\"MuiBox-root css-0\"\u001b[39m\n          \u001b[36m>\u001b[39m\n            \u001b[36m<h3\u001b[39m\n              \u001b[33mclass\u001b[39m=\u001b[32m\"MuiTypography-root MuiTypography-h3 css-13f5nhx-MuiTypography-root\"\u001b[39m\n            \u001b[36m>\u001b[39m\n              \u001b[0m🧠 个人知识图谱\u001b[0m\n            \u001b[36m</h3>\u001b[39m\n            \u001b[36m<h6\u001b[39m\n              \u001b[33mclass\u001b[39m=\u001b[32m\"MuiTypography-root MuiTypography-h6 css-pflpob-MuiTypography-root\"\u001b[39m\n            \u001b[36m>\u001b[39m\n              \u001b[0mPersonal Time-Space Multi-dimensional Knowledge Graph\u001b[0m\n            \u001b[36m</h6>\u001b[39m\n            \u001b[36m<p\u001b[39m\n              \u001b[33mclass\u001b[39m=\u001b[32m\"MuiTypography-root MuiTypography-body1 css-1lr0ivj-MuiTypography-root\"\u001b[39m\n            \u001b[36m>\u001b[39m\n              \u001b[0m记录个人认知发展轨迹，构建多维度知识体系，规划成长路线\u001b[0m\n            \u001b[36m</p>\u001b[39m\n          \u001b[36m</div>\u001b[39m\n          \u001b[36m<div\u001b[39m\n            \u001b[33mclass\u001b[39m=\u001b[32m\"MuiBox-root css-1c4h91x\"\u001b[39m\n          \u001b[36m>\u001b[39m\n            \u001b[36m<div\u001b[39m\n              \u001b[33mclass\u001b[39m=\u001b[32m\"MuiPaper-root MuiPaper-elevation MuiPaper-rounded MuiPaper-elevation1 MuiCard-root css-19p2e4e-MuiPaper-root-MuiCard-root\"\u001b[39m\n              \u001b[33mstyle\u001b[39m=\u001b[32m\"--Paper-shadow: 0px 2px 1px -1px rgba(0,0,0,0.2),0px 1px 1px 0px rgba(0,0,0,0.14),0px 1px 3px 0px rgba(0,0,0,0.12);\"\u001b[39m\n            \u001b[36m>\u001b[39m\n              \u001b[36m<div\u001b[39m\n                \u001b[33mclass\u001b[39m=\u001b[32m\"MuiCardContent-root css-a8xh-MuiCardContent-root\"\u001b[39m\n              \u001b[36m>\u001b[39m\n                \u001b[36m<h4\u001b[39m\n                  \u001b[33mclass\u001b[39m=\u001b[32m\"MuiTypography-root MuiTypography-h4 css-gyie49-MuiTypography-root\"\u001b[39m\n                \u001b[36m>\u001b[39m\n                  \u001b[0m156\u001b[0m\n                \u001b[36m</h4>\u001b[39m\n                \u001b[36m<span\u001b[39m\n                  \u001b[33mclass\u001b[39m=\u001b[32m\"MuiTypography-root MuiTypography-caption css-1374baf-MuiTypography-root\"\u001b[39m\n                \u001b[36m>\u001b[39m\n                  \u001b[0m知识节点\u001b[0m\n                \u001b[36m</span>\u001b[39m\n              \u001b[36m</div>\u001b[39m\n            \u001b[36m</div>\u001b[39m\n            \u001b[36m<div\u001b[39m\n              \u001b[33mclass\u001b[39m=\u001b[32m\"MuiPaper-root MuiPaper-elevation MuiPaper-rounded MuiPaper-elevation1 MuiCard-root css-19p2e4e-MuiPaper-root-MuiCard-root\"\u001b[39m\n              \u001b[33mstyle\u001b[39m=\u001b[32m\"--Paper-shadow: 0px 2px 1px -1px rgba(0,0,0,0.2),0px 1px 1px 0px rgba(0,0,0,0.14),0px 1px 3px 0px rgba(0,0,0,0.12);\"\u001b[39m\n            \u001b[36m>\u001b[39m\n              \u001b[36m<div\u001b[39m\n                \u001b[33mclass\u001b[39m=\u001b[32m\"MuiCardContent-root css-a8xh-MuiCardContent-root\"\u001b[39m\n              \u001b[36m>\u001b[39m\n                \u001b[36m<h4\u001b[39m\n                  \u001b[33mclass\u001b[39m=\u001b[32m\"MuiTypography-root MuiTypography-h4 css-1waorel-MuiTypography-root\"\u001b[39m\n                \u001b[36m>\u001b[39m\n                  \u001b[0m8\u001b[0m\n                \u001b[36m</h4>\u001b[39m\n                \u001b[36m<span\u001b[39m\n                  \u001b[33mclass\u001b[39m=\u001b[32m\"MuiTypography-root MuiTypography-caption css-1374baf-MuiTypography-root\"\u001b[39m\n                \u001b[36m>\u001b[39m\n                  \u001b[0m学习路径\u001b[0m\n                \u001b[36m</span>\u001b[39m\n              \u001b[36m</div>\u001b[39m\n            \u001b[36m</div>\u001b[39m\n            \u001b[36m<div\u001b[39m\n              \u001b[33mclass\u001b[39m=\u001b[32m\"MuiPaper-root MuiPaper-elevation MuiPaper-rounded MuiPaper-elevation1 MuiCard-root css-19p2e4e-MuiPaper-root-MuiCard-root\"\u001b[39m\n              \u001b[33mstyle\u001b[39m=\u001b[32m\"--Paper-shadow: 0px 2px 1px -1px rgba(0,0,0,0.2),0px 1px 1px 0px rgba(0,0,0,0.14),0px 1px 3px 0px rgba(0,0,0,0.12);\"\u001b[39m\n            \u001b[36m>\u001b[39m\n              \u001b[36m<div\u001b[39m\n                \u001b[33mclass\u001b[39m=\u001b[32m\"MuiCardContent-root css-a8xh-MuiCardContent-root\"\u001b[39m\n              \u001b[36m>\u001b[39m\n                \u001b[36m<h4\u001b[39m\n                  \u001b[33mclass\u001b[39m=\u001b[32m\"MuiTypography-root MuiTypography-h4 css-1s33ec2-MuiTypography-root\"\u001b[39m\n                \u001b[36m>\u001b[39m\n                  \u001b[0m+\u001b[0m\n                  \u001b[0m15.2\u001b[0m\n                  \u001b[0m%\u001b[0m\n                \u001b[36m</h4>\u001b[39m\n                \u001b[36m<span\u001b[39m\n                  \u001b[33mclass\u001b[39m=\u001b[32m\"MuiTypography-root MuiTypography-caption css-1374baf-MuiTypography-root\"\u001b[39m\n                \u001b[36m>\u001b[39m\n                  \u001b[0m认知增长\u001b[0m\n                \u001b[36m</span>\u001b[39m\n              \u001b[36m</div>\u001b[39m\n            \u001b[36m</div>\u001b[39m\n            \u001b[36m<div\u001b[39m\n              \u001b[33mclass\u001b[39m=\u001b[32m\"MuiPaper-root MuiPaper-elevation MuiPaper-rounded MuiPaper-elevation1 MuiCard-root css-19p2e4e-MuiPaper-root-MuiCard-root\"\u001b[39m\n              \u001b[33mstyle\u001b[39m=\u001b[32m\"--Paper-shadow: 0px 2px 1px -1px rgba(0,0,0,0.2),0px 1px 1px 0px rgba(0,0,0,0.14),0px 1px 3px 0px rgba(0,0,0,0.12);\"\u001b[39m\n            \u001b[36m>\u001b[39m\n              \u001b[36m<div\u001b[39m\n                \u001b[33mclass\u001b[39m=\u001b[32m\"MuiCardContent-root css-a8xh-MuiCardContent-root\"\u001b[39m\n              \u001b[36m>\u001b[39m\n                \u001b[36m<h4\u001b[39m\n                  \u001b[33mclass\u001b[39m=\u001b[32m\"MuiTypography-root MuiTypography-h4 css-1oauvq7-MuiTypography-root\"\u001b[39m\n                \u001b[36m>\u001b[39m\n                  \u001b[0m8.5\u001b[0m\n                  \u001b[0mh\u001b[0m\n                \u001b[36m</h4>\u001b[39m\n                \u001b[36m<span\u001b[39m\n                  \u001b[33mclass\u001b[39m=\u001b[32m\"MuiTypography-root MuiTypography-caption css-1374baf-MuiTypography-root\"\u001b[39m\n                \u001b[36m>\u001b[39m\n                  \u001b[0m本周学习\u001b[0m\n                \u001b[36m</span>\u001b[39m\n              \u001b[36m</div>\u001b[39m\n            \u001b[36m</div>\u001b[39m\n          \u001b[36m</div>\u001b[39m\n        \u001b[36m</div>\u001b[39m\n      \u001b[36m</div>\u001b[39m\n      \u001b[36m<div\u001b[39m\n        \u001b[33mclass\u001b[39m=\u001b[32m\"MuiBox-root css-hi72og\"\u001b[39m\n      \u001b[36m>\u001b[39m\n        \u001b[36m<div\u001b[39m\n          \u001b[33mclass\u001b[39m=\u001b[32m\"MuiTabs-root css-10hciw1-MuiTabs-root\"\u001b[39m\n        \u001b[36m>\u001b[39m\n          \u001b[36m<div\u001b[39m\n            \u001b[33mclass\u001b[39m=\u001b[32m\"MuiTabs-scroller MuiTabs-fixed css-s2t35c-MuiTabs-scroller\"\u001b[39m\n            \u001b[33mstyle\u001b[39m=\u001b[32m\"overflow: hidden; margin-bottom: 0px;\"\u001b[39m\n          \u001b[36m>\u001b[39m\n            \u001b[36m<div\u001b[39m\n              \u001b[33maria-label\u001b[39m=\u001b[32m\"knowledge base tabs\"\u001b[39m\n              \u001b[33mclass\u001b[39m=\u001b[32m\"MuiTabs-list MuiTabs-flexContainer css-hzcega-MuiTabs-list\"\u001b[39m\n              \u001b[33mrole\u001b[39m=\u001b[32m\"tablist\"\u001b[39m\n            \u001b[36m>\u001b[39m\n              \u001b[36m<button\u001b[39m\n                \u001b[33maria-selected\u001b[39m=\u001b[32m\"true\"\u001b[39m\n                \u001b[33mclass\u001b[39m=\u001b[32m\"MuiButtonBase-root MuiTab-root MuiTab-labelIcon MuiTab-textColorPrimary Mui-selected css-6kmpcy-MuiButtonBase-root-MuiTab-root\"\u001b[39m\n                \u001b[33mrole\u001b[39m=\u001b[32m\"tab\"\u001b[39m\n                \u001b[33mtabindex\u001b[39m=\u001b[32m\"0\"\u001b[39m\n                \u001b[33mtype\u001b[39m=\u001b[3...\n    at Proxy.waitForWrapper (/Users/zhuwencan/work/phoenixcoder/node_modules/.pnpm/@testing-library+dom@10.4.1/node_modules/@testing-library/dom/dist/wait-for.js:163:27)\n    at /Users/zhuwencan/work/phoenixcoder/apps/community/admin/src/features/KnowledgeBase/index.test.tsx:95:11\n    at file:///Users/zhuwencan/work/phoenixcoder/node_modules/.pnpm/@vitest+runner@4.0.0-beta.8/node_modules/@vitest/runner/dist/chunk-hooks.js:155:11\n    at file:///Users/zhuwencan/work/phoenixcoder/node_modules/.pnpm/@vitest+runner@4.0.0-beta.8/node_modules/@vitest/runner/dist/chunk-hooks.js:1055:26\n    at file:///Users/zhuwencan/work/phoenixcoder/node_modules/.pnpm/@vitest+runner@4.0.0-beta.8/node_modules/@vitest/runner/dist/chunk-hooks.js:1899:20\n    at new Promise (<anonymous>)\n    at runWithTimeout (file:///Users/zhuwencan/work/phoenixcoder/node_modules/.pnpm/@vitest+runner@4.0.0-beta.8/node_modules/@vitest/runner/dist/chunk-hooks.js:1865:10)\n    at runTest (file:///Users/zhuwencan/work/phoenixcoder/node_modules/.pnpm/@vitest+runner@4.0.0-beta.8/node_modules/@vitest/runner/dist/chunk-hooks.js:1576:12)\n    at runSuite (file:///Users/zhuwencan/work/phoenixcoder/node_modules/.pnpm/@vitest+runner@4.0.0-beta.8/node_modules/@vitest/runner/dist/chunk-hooks.js:1731:8)\n    at runSuite (file:///Users/zhuwencan/work/phoenixcoder/node_modules/.pnpm/@vitest+runner@4.0.0-beta.8/node_modules/@vitest/runner/dist/chunk-hooks.js:1731:8)","Error: Unable to find an element with the text: React基础知识. This could be because the text is broken up by multiple elements. In this case, you can provide a function for your text matcher to make your matcher more flexible.\n\nIgnored nodes: comments, script, style\n\u001b[36m<body>\u001b[39m\n  \u001b[36m<div>\u001b[39m\n    \u001b[36m<div\u001b[39m\n      \u001b[33mclass\u001b[39m=\u001b[32m\"MuiBox-root css-11u4k1p\"\u001b[39m\n    \u001b[36m>\u001b[39m\n      \u001b[36m<div\u001b[39m\n        \u001b[33mclass\u001b[39m=\u001b[32m\"MuiPaper-root MuiPaper-elevation MuiPaper-rounded MuiPaper-elevation1 css-bjirhk-MuiPaper-root\"\u001b[39m\n        \u001b[33mstyle\u001b[39m=\u001b[32m\"--Paper-shadow: 0px 2px 1px -1px rgba(0,0,0,0.2),0px 1px 1px 0px rgba(0,0,0,0.14),0px 1px 3px 0px rgba(0,0,0,0.12);\"\u001b[39m\n      \u001b[36m>\u001b[39m\n        \u001b[36m<div\u001b[39m\n          \u001b[33mclass\u001b[39m=\u001b[32m\"MuiBox-root css-69i1ev\"\u001b[39m\n        \u001b[36m>\u001b[39m\n          \u001b[36m<div\u001b[39m\n            \u001b[33mclass\u001b[39m=\u001b[32m\"MuiBox-root css-0\"\u001b[39m\n          \u001b[36m>\u001b[39m\n            \u001b[36m<h3\u001b[39m\n              \u001b[33mclass\u001b[39m=\u001b[32m\"MuiTypography-root MuiTypography-h3 css-13f5nhx-MuiTypography-root\"\u001b[39m\n            \u001b[36m>\u001b[39m\n              \u001b[0m🧠 个人知识图谱\u001b[0m\n            \u001b[36m</h3>\u001b[39m\n            \u001b[36m<h6\u001b[39m\n              \u001b[33mclass\u001b[39m=\u001b[32m\"MuiTypography-root MuiTypography-h6 css-pflpob-MuiTypography-root\"\u001b[39m\n            \u001b[36m>\u001b[39m\n              \u001b[0mPersonal Time-Space Multi-dimensional Knowledge Graph\u001b[0m\n            \u001b[36m</h6>\u001b[39m\n            \u001b[36m<p\u001b[39m\n              \u001b[33mclass\u001b[39m=\u001b[32m\"MuiTypography-root MuiTypography-body1 css-1lr0ivj-MuiTypography-root\"\u001b[39m\n            \u001b[36m>\u001b[39m\n              \u001b[0m记录个人认知发展轨迹，构建多维度知识体系，规划成长路线\u001b[0m\n            \u001b[36m</p>\u001b[39m\n          \u001b[36m</div>\u001b[39m\n          \u001b[36m<div\u001b[39m\n            \u001b[33mclass\u001b[39m=\u001b[32m\"MuiBox-root css-1c4h91x\"\u001b[39m\n          \u001b[36m>\u001b[39m\n            \u001b[36m<div\u001b[39m\n              \u001b[33mclass\u001b[39m=\u001b[32m\"MuiPaper-root MuiPaper-elevation MuiPaper-rounded MuiPaper-elevation1 MuiCard-root css-19p2e4e-MuiPaper-root-MuiCard-root\"\u001b[39m\n              \u001b[33mstyle\u001b[39m=\u001b[32m\"--Paper-shadow: 0px 2px 1px -1px rgba(0,0,0,0.2),0px 1px 1px 0px rgba(0,0,0,0.14),0px 1px 3px 0px rgba(0,0,0,0.12);\"\u001b[39m\n            \u001b[36m>\u001b[39m\n              \u001b[36m<div\u001b[39m\n                \u001b[33mclass\u001b[39m=\u001b[32m\"MuiCardContent-root css-a8xh-MuiCardContent-root\"\u001b[39m\n              \u001b[36m>\u001b[39m\n                \u001b[36m<h4\u001b[39m\n                  \u001b[33mclass\u001b[39m=\u001b[32m\"MuiTypography-root MuiTypography-h4 css-gyie49-MuiTypography-root\"\u001b[39m\n                \u001b[36m>\u001b[39m\n                  \u001b[0m156\u001b[0m\n                \u001b[36m</h4>\u001b[39m\n                \u001b[36m<span\u001b[39m\n                  \u001b[33mclass\u001b[39m=\u001b[32m\"MuiTypography-root MuiTypography-caption css-1374baf-MuiTypography-root\"\u001b[39m\n                \u001b[36m>\u001b[39m\n                  \u001b[0m知识节点\u001b[0m\n                \u001b[36m</span>\u001b[39m\n              \u001b[36m</div>\u001b[39m\n            \u001b[36m</div>\u001b[39m\n            \u001b[36m<div\u001b[39m\n              \u001b[33mclass\u001b[39m=\u001b[32m\"MuiPaper-root MuiPaper-elevation MuiPaper-rounded MuiPaper-elevation1 MuiCard-root css-19p2e4e-MuiPaper-root-MuiCard-root\"\u001b[39m\n              \u001b[33mstyle\u001b[39m=\u001b[32m\"--Paper-shadow: 0px 2px 1px -1px rgba(0,0,0,0.2),0px 1px 1px 0px rgba(0,0,0,0.14),0px 1px 3px 0px rgba(0,0,0,0.12);\"\u001b[39m\n            \u001b[36m>\u001b[39m\n              \u001b[36m<div\u001b[39m\n                \u001b[33mclass\u001b[39m=\u001b[32m\"MuiCardContent-root css-a8xh-MuiCardContent-root\"\u001b[39m\n              \u001b[36m>\u001b[39m\n                \u001b[36m<h4\u001b[39m\n                  \u001b[33mclass\u001b[39m=\u001b[32m\"MuiTypography-root MuiTypography-h4 css-1waorel-MuiTypography-root\"\u001b[39m\n                \u001b[36m>\u001b[39m\n                  \u001b[0m8\u001b[0m\n                \u001b[36m</h4>\u001b[39m\n                \u001b[36m<span\u001b[39m\n                  \u001b[33mclass\u001b[39m=\u001b[32m\"MuiTypography-root MuiTypography-caption css-1374baf-MuiTypography-root\"\u001b[39m\n                \u001b[36m>\u001b[39m\n                  \u001b[0m学习路径\u001b[0m\n                \u001b[36m</span>\u001b[39m\n              \u001b[36m</div>\u001b[39m\n            \u001b[36m</div>\u001b[39m\n            \u001b[36m<div\u001b[39m\n              \u001b[33mclass\u001b[39m=\u001b[32m\"MuiPaper-root MuiPaper-elevation MuiPaper-rounded MuiPaper-elevation1 MuiCard-root css-19p2e4e-MuiPaper-root-MuiCard-root\"\u001b[39m\n              \u001b[33mstyle\u001b[39m=\u001b[32m\"--Paper-shadow: 0px 2px 1px -1px rgba(0,0,0,0.2),0px 1px 1px 0px rgba(0,0,0,0.14),0px 1px 3px 0px rgba(0,0,0,0.12);\"\u001b[39m\n            \u001b[36m>\u001b[39m\n              \u001b[36m<div\u001b[39m\n                \u001b[33mclass\u001b[39m=\u001b[32m\"MuiCardContent-root css-a8xh-MuiCardContent-root\"\u001b[39m\n              \u001b[36m>\u001b[39m\n                \u001b[36m<h4\u001b[39m\n                  \u001b[33mclass\u001b[39m=\u001b[32m\"MuiTypography-root MuiTypography-h4 css-1s33ec2-MuiTypography-root\"\u001b[39m\n                \u001b[36m>\u001b[39m\n                  \u001b[0m+\u001b[0m\n                  \u001b[0m15.2\u001b[0m\n                  \u001b[0m%\u001b[0m\n                \u001b[36m</h4>\u001b[39m\n                \u001b[36m<span\u001b[39m\n                  \u001b[33mclass\u001b[39m=\u001b[32m\"MuiTypography-root MuiTypography-caption css-1374baf-MuiTypography-root\"\u001b[39m\n                \u001b[36m>\u001b[39m\n                  \u001b[0m认知增长\u001b[0m\n                \u001b[36m</span>\u001b[39m\n              \u001b[36m</div>\u001b[39m\n            \u001b[36m</div>\u001b[39m\n            \u001b[36m<div\u001b[39m\n              \u001b[33mclass\u001b[39m=\u001b[32m\"MuiPaper-root MuiPaper-elevation MuiPaper-rounded MuiPaper-elevation1 MuiCard-root css-19p2e4e-MuiPaper-root-MuiCard-root\"\u001b[39m\n              \u001b[33mstyle\u001b[39m=\u001b[32m\"--Paper-shadow: 0px 2px 1px -1px rgba(0,0,0,0.2),0px 1px 1px 0px rgba(0,0,0,0.14),0px 1px 3px 0px rgba(0,0,0,0.12);\"\u001b[39m\n            \u001b[36m>\u001b[39m\n              \u001b[36m<div\u001b[39m\n                \u001b[33mclass\u001b[39m=\u001b[32m\"MuiCardContent-root css-a8xh-MuiCardContent-root\"\u001b[39m\n              \u001b[36m>\u001b[39m\n                \u001b[36m<h4\u001b[39m\n                  \u001b[33mclass\u001b[39m=\u001b[32m\"MuiTypography-root MuiTypography-h4 css-1oauvq7-MuiTypography-root\"\u001b[39m\n                \u001b[36m>\u001b[39m\n                  \u001b[0m8.5\u001b[0m\n                  \u001b[0mh\u001b[0m\n                \u001b[36m</h4>\u001b[39m\n                \u001b[36m<span\u001b[39m\n                  \u001b[33mclass\u001b[39m=\u001b[32m\"MuiTypography-root MuiTypography-caption css-1374baf-MuiTypography-root\"\u001b[39m\n                \u001b[36m>\u001b[39m\n                  \u001b[0m本周学习\u001b[0m\n                \u001b[36m</span>\u001b[39m\n              \u001b[36m</div>\u001b[39m\n            \u001b[36m</div>\u001b[39m\n          \u001b[36m</div>\u001b[39m\n        \u001b[36m</div>\u001b[39m\n      \u001b[36m</div>\u001b[39m\n      \u001b[36m<div\u001b[39m\n        \u001b[33mclass\u001b[39m=\u001b[32m\"MuiBox-root css-hi72og\"\u001b[39m\n      \u001b[36m>\u001b[39m\n        \u001b[36m<div\u001b[39m\n          \u001b[33mclass\u001b[39m=\u001b[32m\"MuiTabs-root css-10hciw1-MuiTabs-root\"\u001b[39m\n        \u001b[36m>\u001b[39m\n          \u001b[36m<div\u001b[39m\n            \u001b[33mclass\u001b[39m=\u001b[32m\"MuiTabs-scroller MuiTabs-fixed css-s2t35c-MuiTabs-scroller\"\u001b[39m\n            \u001b[33mstyle\u001b[39m=\u001b[32m\"overflow: hidden; margin-bottom: 0px;\"\u001b[39m\n          \u001b[36m>\u001b[39m\n            \u001b[36m<div\u001b[39m\n              \u001b[33maria-label\u001b[39m=\u001b[32m\"knowledge base tabs\"\u001b[39m\n              \u001b[33mclass\u001b[39m=\u001b[32m\"MuiTabs-list MuiTabs-flexContainer css-hzcega-MuiTabs-list\"\u001b[39m\n              \u001b[33mrole\u001b[39m=\u001b[32m\"tablist\"\u001b[39m\n            \u001b[36m>\u001b[39m\n              \u001b[36m<button\u001b[39m\n                \u001b[33maria-selected\u001b[39m=\u001b[32m\"true\"\u001b[39m\n                \u001b[33mclass\u001b[39m=\u001b[32m\"MuiButtonBase-root MuiTab-root MuiTab-labelIcon MuiTab-textColorPrimary Mui-selected css-6kmpcy-MuiButtonBase-root-MuiTab-root\"\u001b[39m\n                \u001b[33mrole\u001b[39m=\u001b[32m\"tab\"\u001b[39m\n                \u001b[33mtabindex\u001b[39m=\u001b[32m\"0\"\u001b[39m\n                \u001b[33mtype\u001b[39m=\u001b[3...\n    at Proxy.waitForWrapper (/Users/zhuwencan/work/phoenixcoder/node_modules/.pnpm/@testing-library+dom@10.4.1/node_modules/@testing-library/dom/dist/wait-for.js:163:27)\n    at /Users/zhuwencan/work/phoenixcoder/apps/community/admin/src/features/KnowledgeBase/index.test.tsx:95:11\n    at file:///Users/zhuwencan/work/phoenixcoder/node_modules/.pnpm/@vitest+runner@4.0.0-beta.8/node_modules/@vitest/runner/dist/chunk-hooks.js:155:11\n    at file:///Users/zhuwencan/work/phoenixcoder/node_modules/.pnpm/@vitest+runner@4.0.0-beta.8/node_modules/@vitest/runner/dist/chunk-hooks.js:1055:26\n    at file:///Users/zhuwencan/work/phoenixcoder/node_modules/.pnpm/@vitest+runner@4.0.0-beta.8/node_modules/@vitest/runner/dist/chunk-hooks.js:1899:20\n    at new Promise (<anonymous>)\n    at runWithTimeout (file:///Users/zhuwencan/work/phoenixcoder/node_modules/.pnpm/@vitest+runner@4.0.0-beta.8/node_modules/@vitest/runner/dist/chunk-hooks.js:1865:10)\n    at runTest (file:///Users/zhuwencan/work/phoenixcoder/node_modules/.pnpm/@vitest+runner@4.0.0-beta.8/node_modules/@vitest/runner/dist/chunk-hooks.js:1576:12)\n    at runSuite (file:///Users/zhuwencan/work/phoenixcoder/node_modules/.pnpm/@vitest+runner@4.0.0-beta.8/node_modules/@vitest/runner/dist/chunk-hooks.js:1731:8)\n    at runSuite (file:///Users/zhuwencan/work/phoenixcoder/node_modules/.pnpm/@vitest+runner@4.0.0-beta.8/node_modules/@vitest/runner/dist/chunk-hooks.js:1731:8)"],"location":{"line":86,"column":3},"meta":{}},{"ancestorTitles":["KnowledgeBase Component"],"fullName":"KnowledgeBase Component opens add article dialog when add button is clicked","status":"failed","title":"opens add article dialog when add button is clicked","duration":3253.217574000002,"failureMessages":["Error: Unable to find an element with the text: React基础知识. This could be because the text is broken up by multiple elements. In this case, you can provide a function for your text matcher to make your matcher more flexible.\n\nIgnored nodes: comments, script, style\n\u001b[36m<body>\u001b[39m\n  \u001b[36m<div>\u001b[39m\n    \u001b[36m<div\u001b[39m\n      \u001b[33mclass\u001b[39m=\u001b[32m\"MuiBox-root css-11u4k1p\"\u001b[39m\n    \u001b[36m>\u001b[39m\n      \u001b[36m<div\u001b[39m\n        \u001b[33mclass\u001b[39m=\u001b[32m\"MuiPaper-root MuiPaper-elevation MuiPaper-rounded MuiPaper-elevation1 css-bjirhk-MuiPaper-root\"\u001b[39m\n        \u001b[33mstyle\u001b[39m=\u001b[32m\"--Paper-shadow: 0px 2px 1px -1px rgba(0,0,0,0.2),0px 1px 1px 0px rgba(0,0,0,0.14),0px 1px 3px 0px rgba(0,0,0,0.12);\"\u001b[39m\n      \u001b[36m>\u001b[39m\n        \u001b[36m<div\u001b[39m\n          \u001b[33mclass\u001b[39m=\u001b[32m\"MuiBox-root css-69i1ev\"\u001b[39m\n        \u001b[36m>\u001b[39m\n          \u001b[36m<div\u001b[39m\n            \u001b[33mclass\u001b[39m=\u001b[32m\"MuiBox-root css-0\"\u001b[39m\n          \u001b[36m>\u001b[39m\n            \u001b[36m<h3\u001b[39m\n              \u001b[33mclass\u001b[39m=\u001b[32m\"MuiTypography-root MuiTypography-h3 css-13f5nhx-MuiTypography-root\"\u001b[39m\n            \u001b[36m>\u001b[39m\n              \u001b[0m🧠 个人知识图谱\u001b[0m\n            \u001b[36m</h3>\u001b[39m\n            \u001b[36m<h6\u001b[39m\n              \u001b[33mclass\u001b[39m=\u001b[32m\"MuiTypography-root MuiTypography-h6 css-pflpob-MuiTypography-root\"\u001b[39m\n            \u001b[36m>\u001b[39m\n              \u001b[0mPersonal Time-Space Multi-dimensional Knowledge Graph\u001b[0m\n            \u001b[36m</h6>\u001b[39m\n            \u001b[36m<p\u001b[39m\n              \u001b[33mclass\u001b[39m=\u001b[32m\"MuiTypography-root MuiTypography-body1 css-1lr0ivj-MuiTypography-root\"\u001b[39m\n            \u001b[36m>\u001b[39m\n              \u001b[0m记录个人认知发展轨迹，构建多维度知识体系，规划成长路线\u001b[0m\n            \u001b[36m</p>\u001b[39m\n          \u001b[36m</div>\u001b[39m\n          \u001b[36m<div\u001b[39m\n            \u001b[33mclass\u001b[39m=\u001b[32m\"MuiBox-root css-1c4h91x\"\u001b[39m\n          \u001b[36m>\u001b[39m\n            \u001b[36m<div\u001b[39m\n              \u001b[33mclass\u001b[39m=\u001b[32m\"MuiPaper-root MuiPaper-elevation MuiPaper-rounded MuiPaper-elevation1 MuiCard-root css-19p2e4e-MuiPaper-root-MuiCard-root\"\u001b[39m\n              \u001b[33mstyle\u001b[39m=\u001b[32m\"--Paper-shadow: 0px 2px 1px -1px rgba(0,0,0,0.2),0px 1px 1px 0px rgba(0,0,0,0.14),0px 1px 3px 0px rgba(0,0,0,0.12);\"\u001b[39m\n            \u001b[36m>\u001b[39m\n              \u001b[36m<div\u001b[39m\n                \u001b[33mclass\u001b[39m=\u001b[32m\"MuiCardContent-root css-a8xh-MuiCardContent-root\"\u001b[39m\n              \u001b[36m>\u001b[39m\n                \u001b[36m<h4\u001b[39m\n                  \u001b[33mclass\u001b[39m=\u001b[32m\"MuiTypography-root MuiTypography-h4 css-gyie49-MuiTypography-root\"\u001b[39m\n                \u001b[36m>\u001b[39m\n                  \u001b[0m156\u001b[0m\n                \u001b[36m</h4>\u001b[39m\n                \u001b[36m<span\u001b[39m\n                  \u001b[33mclass\u001b[39m=\u001b[32m\"MuiTypography-root MuiTypography-caption css-1374baf-MuiTypography-root\"\u001b[39m\n                \u001b[36m>\u001b[39m\n                  \u001b[0m知识节点\u001b[0m\n                \u001b[36m</span>\u001b[39m\n              \u001b[36m</div>\u001b[39m\n            \u001b[36m</div>\u001b[39m\n            \u001b[36m<div\u001b[39m\n              \u001b[33mclass\u001b[39m=\u001b[32m\"MuiPaper-root MuiPaper-elevation MuiPaper-rounded MuiPaper-elevation1 MuiCard-root css-19p2e4e-MuiPaper-root-MuiCard-root\"\u001b[39m\n              \u001b[33mstyle\u001b[39m=\u001b[32m\"--Paper-shadow: 0px 2px 1px -1px rgba(0,0,0,0.2),0px 1px 1px 0px rgba(0,0,0,0.14),0px 1px 3px 0px rgba(0,0,0,0.12);\"\u001b[39m\n            \u001b[36m>\u001b[39m\n              \u001b[36m<div\u001b[39m\n                \u001b[33mclass\u001b[39m=\u001b[32m\"MuiCardContent-root css-a8xh-MuiCardContent-root\"\u001b[39m\n              \u001b[36m>\u001b[39m\n                \u001b[36m<h4\u001b[39m\n                  \u001b[33mclass\u001b[39m=\u001b[32m\"MuiTypography-root MuiTypography-h4 css-1waorel-MuiTypography-root\"\u001b[39m\n                \u001b[36m>\u001b[39m\n                  \u001b[0m8\u001b[0m\n                \u001b[36m</h4>\u001b[39m\n                \u001b[36m<span\u001b[39m\n                  \u001b[33mclass\u001b[39m=\u001b[32m\"MuiTypography-root MuiTypography-caption css-1374baf-MuiTypography-root\"\u001b[39m\n                \u001b[36m>\u001b[39m\n                  \u001b[0m学习路径\u001b[0m\n                \u001b[36m</span>\u001b[39m\n              \u001b[36m</div>\u001b[39m\n            \u001b[36m</div>\u001b[39m\n            \u001b[36m<div\u001b[39m\n              \u001b[33mclass\u001b[39m=\u001b[32m\"MuiPaper-root MuiPaper-elevation MuiPaper-rounded MuiPaper-elevation1 MuiCard-root css-19p2e4e-MuiPaper-root-MuiCard-root\"\u001b[39m\n              \u001b[33mstyle\u001b[39m=\u001b[32m\"--Paper-shadow: 0px 2px 1px -1px rgba(0,0,0,0.2),0px 1px 1px 0px rgba(0,0,0,0.14),0px 1px 3px 0px rgba(0,0,0,0.12);\"\u001b[39m\n            \u001b[36m>\u001b[39m\n              \u001b[36m<div\u001b[39m\n                \u001b[33mclass\u001b[39m=\u001b[32m\"MuiCardContent-root css-a8xh-MuiCardContent-root\"\u001b[39m\n              \u001b[36m>\u001b[39m\n                \u001b[36m<h4\u001b[39m\n                  \u001b[33mclass\u001b[39m=\u001b[32m\"MuiTypography-root MuiTypography-h4 css-1s33ec2-MuiTypography-root\"\u001b[39m\n                \u001b[36m>\u001b[39m\n                  \u001b[0m+\u001b[0m\n                  \u001b[0m15.2\u001b[0m\n                  \u001b[0m%\u001b[0m\n                \u001b[36m</h4>\u001b[39m\n                \u001b[36m<span\u001b[39m\n                  \u001b[33mclass\u001b[39m=\u001b[32m\"MuiTypography-root MuiTypography-caption css-1374baf-MuiTypography-root\"\u001b[39m\n                \u001b[36m>\u001b[39m\n                  \u001b[0m认知增长\u001b[0m\n                \u001b[36m</span>\u001b[39m\n              \u001b[36m</div>\u001b[39m\n            \u001b[36m</div>\u001b[39m\n            \u001b[36m<div\u001b[39m\n              \u001b[33mclass\u001b[39m=\u001b[32m\"MuiPaper-root MuiPaper-elevation MuiPaper-rounded MuiPaper-elevation1 MuiCard-root css-19p2e4e-MuiPaper-root-MuiCard-root\"\u001b[39m\n              \u001b[33mstyle\u001b[39m=\u001b[32m\"--Paper-shadow: 0px 2px 1px -1px rgba(0,0,0,0.2),0px 1px 1px 0px rgba(0,0,0,0.14),0px 1px 3px 0px rgba(0,0,0,0.12);\"\u001b[39m\n            \u001b[36m>\u001b[39m\n              \u001b[36m<div\u001b[39m\n                \u001b[33mclass\u001b[39m=\u001b[32m\"MuiCardContent-root css-a8xh-MuiCardContent-root\"\u001b[39m\n              \u001b[36m>\u001b[39m\n                \u001b[36m<h4\u001b[39m\n                  \u001b[33mclass\u001b[39m=\u001b[32m\"MuiTypography-root MuiTypography-h4 css-1oauvq7-MuiTypography-root\"\u001b[39m\n                \u001b[36m>\u001b[39m\n                  \u001b[0m8.5\u001b[0m\n                  \u001b[0mh\u001b[0m\n                \u001b[36m</h4>\u001b[39m\n                \u001b[36m<span\u001b[39m\n                  \u001b[33mclass\u001b[39m=\u001b[32m\"MuiTypography-root MuiTypography-caption css-1374baf-MuiTypography-root\"\u001b[39m\n                \u001b[36m>\u001b[39m\n                  \u001b[0m本周学习\u001b[0m\n                \u001b[36m</span>\u001b[39m\n              \u001b[36m</div>\u001b[39m\n            \u001b[36m</div>\u001b[39m\n          \u001b[36m</div>\u001b[39m\n        \u001b[36m</div>\u001b[39m\n      \u001b[36m</div>\u001b[39m\n      \u001b[36m<div\u001b[39m\n        \u001b[33mclass\u001b[39m=\u001b[32m\"MuiBox-root css-hi72og\"\u001b[39m\n      \u001b[36m>\u001b[39m\n        \u001b[36m<div\u001b[39m\n          \u001b[33mclass\u001b[39m=\u001b[32m\"MuiTabs-root css-10hciw1-MuiTabs-root\"\u001b[39m\n        \u001b[36m>\u001b[39m\n          \u001b[36m<div\u001b[39m\n            \u001b[33mclass\u001b[39m=\u001b[32m\"MuiTabs-scroller MuiTabs-fixed css-s2t35c-MuiTabs-scroller\"\u001b[39m\n            \u001b[33mstyle\u001b[39m=\u001b[32m\"overflow: hidden; margin-bottom: 0px;\"\u001b[39m\n          \u001b[36m>\u001b[39m\n            \u001b[36m<div\u001b[39m\n              \u001b[33maria-label\u001b[39m=\u001b[32m\"knowledge base tabs\"\u001b[39m\n              \u001b[33mclass\u001b[39m=\u001b[32m\"MuiTabs-list MuiTabs-flexContainer css-hzcega-MuiTabs-list\"\u001b[39m\n              \u001b[33mrole\u001b[39m=\u001b[32m\"tablist\"\u001b[39m\n            \u001b[36m>\u001b[39m\n              \u001b[36m<button\u001b[39m\n                \u001b[33maria-selected\u001b[39m=\u001b[32m\"true\"\u001b[39m\n                \u001b[33mclass\u001b[39m=\u001b[32m\"MuiButtonBase-root MuiTab-root MuiTab-labelIcon MuiTab-textColorPrimary Mui-selected css-6kmpcy-MuiButtonBase-root-MuiTab-root\"\u001b[39m\n                \u001b[33mrole\u001b[39m=\u001b[32m\"tab\"\u001b[39m\n                \u001b[33mtabindex\u001b[39m=\u001b[32m\"0\"\u001b[39m\n                \u001b[33mtype\u001b[39m=\u001b[3...\n    at Proxy.waitForWrapper (/Users/zhuwencan/work/phoenixcoder/node_modules/.pnpm/@testing-library+dom@10.4.1/node_modules/@testing-library/dom/dist/wait-for.js:163:27)\n    at /Users/zhuwencan/work/phoenixcoder/apps/community/admin/src/features/KnowledgeBase/index.test.tsx:114:11\n    at file:///Users/zhuwencan/work/phoenixcoder/node_modules/.pnpm/@vitest+runner@4.0.0-beta.8/node_modules/@vitest/runner/dist/chunk-hooks.js:155:11\n    at file:///Users/zhuwencan/work/phoenixcoder/node_modules/.pnpm/@vitest+runner@4.0.0-beta.8/node_modules/@vitest/runner/dist/chunk-hooks.js:1055:26\n    at file:///Users/zhuwencan/work/phoenixcoder/node_modules/.pnpm/@vitest+runner@4.0.0-beta.8/node_modules/@vitest/runner/dist/chunk-hooks.js:1899:20\n    at new Promise (<anonymous>)\n    at runWithTimeout (file:///Users/zhuwencan/work/phoenixcoder/node_modules/.pnpm/@vitest+runner@4.0.0-beta.8/node_modules/@vitest/runner/dist/chunk-hooks.js:1865:10)\n    at runTest (file:///Users/zhuwencan/work/phoenixcoder/node_modules/.pnpm/@vitest+runner@4.0.0-beta.8/node_modules/@vitest/runner/dist/chunk-hooks.js:1576:12)\n    at runSuite (file:///Users/zhuwencan/work/phoenixcoder/node_modules/.pnpm/@vitest+runner@4.0.0-beta.8/node_modules/@vitest/runner/dist/chunk-hooks.js:1731:8)\n    at runSuite (file:///Users/zhuwencan/work/phoenixcoder/node_modules/.pnpm/@vitest+runner@4.0.0-beta.8/node_modules/@vitest/runner/dist/chunk-hooks.js:1731:8)","Error: Unable to find an element with the text: React基础知识. This could be because the text is broken up by multiple elements. In this case, you can provide a function for your text matcher to make your matcher more flexible.\n\nIgnored nodes: comments, script, style\n\u001b[36m<body>\u001b[39m\n  \u001b[36m<div>\u001b[39m\n    \u001b[36m<div\u001b[39m\n      \u001b[33mclass\u001b[39m=\u001b[32m\"MuiBox-root css-11u4k1p\"\u001b[39m\n    \u001b[36m>\u001b[39m\n      \u001b[36m<div\u001b[39m\n        \u001b[33mclass\u001b[39m=\u001b[32m\"MuiPaper-root MuiPaper-elevation MuiPaper-rounded MuiPaper-elevation1 css-bjirhk-MuiPaper-root\"\u001b[39m\n        \u001b[33mstyle\u001b[39m=\u001b[32m\"--Paper-shadow: 0px 2px 1px -1px rgba(0,0,0,0.2),0px 1px 1px 0px rgba(0,0,0,0.14),0px 1px 3px 0px rgba(0,0,0,0.12);\"\u001b[39m\n      \u001b[36m>\u001b[39m\n        \u001b[36m<div\u001b[39m\n          \u001b[33mclass\u001b[39m=\u001b[32m\"MuiBox-root css-69i1ev\"\u001b[39m\n        \u001b[36m>\u001b[39m\n          \u001b[36m<div\u001b[39m\n            \u001b[33mclass\u001b[39m=\u001b[32m\"MuiBox-root css-0\"\u001b[39m\n          \u001b[36m>\u001b[39m\n            \u001b[36m<h3\u001b[39m\n              \u001b[33mclass\u001b[39m=\u001b[32m\"MuiTypography-root MuiTypography-h3 css-13f5nhx-MuiTypography-root\"\u001b[39m\n            \u001b[36m>\u001b[39m\n              \u001b[0m🧠 个人知识图谱\u001b[0m\n            \u001b[36m</h3>\u001b[39m\n            \u001b[36m<h6\u001b[39m\n              \u001b[33mclass\u001b[39m=\u001b[32m\"MuiTypography-root MuiTypography-h6 css-pflpob-MuiTypography-root\"\u001b[39m\n            \u001b[36m>\u001b[39m\n              \u001b[0mPersonal Time-Space Multi-dimensional Knowledge Graph\u001b[0m\n            \u001b[36m</h6>\u001b[39m\n            \u001b[36m<p\u001b[39m\n              \u001b[33mclass\u001b[39m=\u001b[32m\"MuiTypography-root MuiTypography-body1 css-1lr0ivj-MuiTypography-root\"\u001b[39m\n            \u001b[36m>\u001b[39m\n              \u001b[0m记录个人认知发展轨迹，构建多维度知识体系，规划成长路线\u001b[0m\n            \u001b[36m</p>\u001b[39m\n          \u001b[36m</div>\u001b[39m\n          \u001b[36m<div\u001b[39m\n            \u001b[33mclass\u001b[39m=\u001b[32m\"MuiBox-root css-1c4h91x\"\u001b[39m\n          \u001b[36m>\u001b[39m\n            \u001b[36m<div\u001b[39m\n              \u001b[33mclass\u001b[39m=\u001b[32m\"MuiPaper-root MuiPaper-elevation MuiPaper-rounded MuiPaper-elevation1 MuiCard-root css-19p2e4e-MuiPaper-root-MuiCard-root\"\u001b[39m\n              \u001b[33mstyle\u001b[39m=\u001b[32m\"--Paper-shadow: 0px 2px 1px -1px rgba(0,0,0,0.2),0px 1px 1px 0px rgba(0,0,0,0.14),0px 1px 3px 0px rgba(0,0,0,0.12);\"\u001b[39m\n            \u001b[36m>\u001b[39m\n              \u001b[36m<div\u001b[39m\n                \u001b[33mclass\u001b[39m=\u001b[32m\"MuiCardContent-root css-a8xh-MuiCardContent-root\"\u001b[39m\n              \u001b[36m>\u001b[39m\n                \u001b[36m<h4\u001b[39m\n                  \u001b[33mclass\u001b[39m=\u001b[32m\"MuiTypography-root MuiTypography-h4 css-gyie49-MuiTypography-root\"\u001b[39m\n                \u001b[36m>\u001b[39m\n                  \u001b[0m156\u001b[0m\n                \u001b[36m</h4>\u001b[39m\n                \u001b[36m<span\u001b[39m\n                  \u001b[33mclass\u001b[39m=\u001b[32m\"MuiTypography-root MuiTypography-caption css-1374baf-MuiTypography-root\"\u001b[39m\n                \u001b[36m>\u001b[39m\n                  \u001b[0m知识节点\u001b[0m\n                \u001b[36m</span>\u001b[39m\n              \u00
[...]
     \u001b[33mclass\u001b[39m=\u001b[32m\"MuiSvgIcon-root MuiSvgIcon-fontSizeMedium css-4x1mno-MuiSvgIcon-root\"\u001b[39m\n              \u001b[33mdata-testid\u001b[39m=\u001b[32m\"SearchIcon\"\u001b[39m\n              \u001b[33mfocusable\u001b[39m=\u001b[32m\"false\"\u001b[39m\n              \u001b[33mviewBox\u001b[39m=\u001b[32m\"0 0 24 24\"\u001b[39m\n            \u001b[36m>\u001b[39m\n              \u001b[36m<path\u001b[39m\n                \u001b[33md\u001b[39m=\u001b[32m\"M15.5 14h-.79l-.28-.27C15.41 12.59 16 11.11 16 9.5 16 5.91 13.09 3 9.5 3S3 5.91 3 9.5 5.91 16 9.5 16c1.61 0 3.09-.59 4.23-1.57l.27.28v.79l5 4.99L20.49 19zm-6 0C7.01 14 5 11.99 5 9.5S7.01 5 9.5 5 14 7.01 14 9.5 11.99 14 9.5 14\"\u001b[39m\n              \u001b[36m/>\u001b[39m\n            \u001b[36m</svg>\u001b[39m\n          \u001b[36m</div>\u001b[39m\n          \u001b[36m<h1\u001b[39m\n            \u001b[33mclass\u001b[39m=\u001b[32m\"MuiTypography-root MuiTypography-h4 MuiTypography-gutterBottom css-1it4a80-MuiTypography-root\"\u001b[39m\n          \u001b[36m>\u001b[39m\n            \u001b[0m404\u001b[0m\n          \u001b[36m</h1>\u001b[39m\n          \u001b[36m<p\u001b[39m\n            \u001b[33mclass\u001b[39m=\u001b[32m\"MuiTypography-root MuiTypography-body1 css-199tq25-MuiTypography-root\"\u001b[39m\n          \u001b[36m>\u001b[39m\n            \u001b[0m抱歉，您访问的页面不存在。\u001b[0m\n          \u001b[36m</p>\u001b[39m\n          \u001b[36m<div\u001b[39m\n            \u001b[33mclass\u001b[39m=\u001b[32m\"MuiBox-root css-1hbdgyg\"\u001b[39m\n          \u001b[36m>\u001b[39m\n            \u001b[36m<button\u001b[39m\n              \u001b[33mclass\u001b[39m=\u001b[32m\"MuiButtonBase-root MuiButton-root MuiButton-outlined MuiButton-outlinedPrimary MuiButton-sizeMedium MuiButton-outlinedSizeMedium MuiButton-colorPrimary MuiButton-root MuiButton-outlined MuiButton-outlinedPrimary MuiButton-sizeMedium MuiButton-outlinedSizeMedium MuiButton-colorPrimary css-zdhukd-MuiButtonBase-root-MuiButton-root\"\u001b[39m\n              \u001b[33mtabindex\u001b[39m=\u001b[32m\"0\"\u001b[39m\n              \u001b[33mtype\u001b[39m=\u001b[32m\"button\"\u001b[39m\n            \u001b[36m>\u001b[39m\n              \u001b[36m<span\u001b[39m\n                \u001b[33mclass\u001b[39m=\u001b[32m\"MuiButton-icon MuiButton-startIcon MuiButton-iconSizeMedium css-1sh91j5-MuiButton-startIcon\"\u001b[39m\n              \u001b[36m>\u001b[39m\n                \u001b[36m<svg\u001b[39m\n                  \u001b[33maria-hidden\u001b[39m=\u001b[32m\"true\"\u001b[39m\n                  \u001b[33mclass\u001b[39m=\u001b[32m\"MuiSvgIcon-root MuiSvgIcon-fontSizeMedium css-1umw9bq-MuiSvgIcon-root\"\u001b[39m\n                  \u001b[33mdata-testid\u001b[39m=\u001b[32m\"HomeIcon\"\u001b[39m\n                  \u001b[33mfocusable\u001b[39m=\u001b[32m\"false\"\u001b[39m\n                  \u001b[33mviewBox\u001b[39m=\u001b[32m\"0 0 24 24\"\u001b[39m\n                \u001b[36m>\u001b[39m\n                  \u001b[36m<path\u001b[39m\n                    \u001b[33md\u001b[39m=\u001b[32m\"M10 20v-6h4v6h5v-8h3L12 3 2 12h3v8z\"\u001b[39m\n                  \u001b[36m/>\u001b[39m\n                \u001b[36m</svg>\u001b[39m\n              \u001b[36m</span>\u001b[39m\n              \u001b[0m返回首页\u001b[0m\n            \u001b[36m</button>\u001b[39m\n          \u001b[36m</div>\u001b[39m\n        \u001b[36m</div>\u001b[39m\n      \u001b[36m</div>\u001b[39m\n    \u001b[36m</div>\u001b[39m\n  \u001b[36m</div>\u001b[39m\n\u001b[36m</body>\u001b[39m\n    at Object.getElementError (/Users/zhuwencan/work/phoenixcoder/node_modules/.pnpm/@testing-library+dom@10.4.1/node_modules/@testing-library/dom/dist/config.js:37:19)\n    at /Users/zhuwencan/work/phoenixcoder/node_modules/.pnpm/@testing-library+dom@10.4.1/node_modules/@testing-library/dom/dist/query-helpers.js:76:38\n    at /Users/zhuwencan/work/phoenixcoder/node_modules/.pnpm/@testing-library+dom@10.4.1/node_modules/@testing-library/dom/dist/query-helpers.js:52:17\n    at /Users/zhuwencan/work/phoenixcoder/node_modules/.pnpm/@testing-library+dom@10.4.1/node_modules/@testing-library/dom/dist/query-helpers.js:95:19\n    at /Users/zhuwencan/work/phoenixcoder/apps/community/admin/src/shared/components/__tests__/GlobalErrorHandler.test.tsx:143:19\n    at file:///Users/zhuwencan/work/phoenixcoder/node_modules/.pnpm/@vitest+runner@4.0.0-beta.8/node_modules/@vitest/runner/dist/chunk-hooks.js:155:11\n    at file:///Users/zhuwencan/work/phoenixcoder/node_modules/.pnpm/@vitest+runner@4.0.0-beta.8/node_modules/@vitest/runner/dist/chunk-hooks.js:1055:26\n    at file:///Users/zhuwencan/work/phoenixcoder/node_modules/.pnpm/@vitest+runner@4.0.0-beta.8/node_modules/@vitest/runner/dist/chunk-hooks.js:1899:20\n    at new Promise (<anonymous>)\n    at runWithTimeout (file:///Users/zhuwencan/work/phoenixcoder/node_modules/.pnpm/@vitest+runner@4.0.0-beta.8/node_modules/@vitest/runner/dist/chunk-hooks.js:1865:10)","TestingLibraryElementError: Unable to find an element with the text: 页面未找到. This could be because the text is broken up by multiple elements. In this case, you can provide a function for your text matcher to make your matcher more flexible.\n\nIgnored nodes: comments, script, style\n\u001b[36m<body>\u001b[39m\n  \u001b[36m<div>\u001b[39m\n    \u001b[36m<div\u001b[39m\n      \u001b[33mclass\u001b[39m=\u001b[32m\"MuiContainer-root MuiContainer-maxWidthSm css-zzzaw2-MuiContainer-root\"\u001b[39m\n    \u001b[36m>\u001b[39m\n      \u001b[36m<div\u001b[39m\n        \u001b[33mclass\u001b[39m=\u001b[32m\"MuiBox-root css-txuz9b\"\u001b[39m\n      \u001b[36m>\u001b[39m\n        \u001b[36m<div\u001b[39m\n          \u001b[33mclass\u001b[39m=\u001b[32m\"MuiPaper-root MuiPaper-elevation MuiPaper-rounded MuiPaper-elevation3 css-1uzxz0h-MuiPaper-root\"\u001b[39m\n          \u001b[33mstyle\u001b[39m=\u001b[32m\"--Paper-shadow: 0px 3px 3px -2px rgba(0,0,0,0.2),0px 3px 4px 0px rgba(0,0,0,0.14),0px 1px 8px 0px rgba(0,0,0,0.12);\"\u001b[39m\n        \u001b[36m>\u001b[39m\n          \u001b[36m<div\u001b[39m\n            \u001b[33mclass\u001b[39m=\u001b[32m\"MuiBox-root css-qtgsk8\"\u001b[39m\n          \u001b[36m>\u001b[39m\n            \u001b[36m<svg\u001b[39m\n              \u001b[33maria-hidden\u001b[39m=\u001b[32m\"true\"\u001b[39m\n              \u001b[33mclass\u001b[39m=\u001b[32m\"MuiSvgIcon-root MuiSvgIcon-fontSizeMedium css-4x1mno-MuiSvgIcon-root\"\u001b[39m\n              \u001b[33mdata-testid\u001b[39m=\u001b[32m\"SearchIcon\"\u001b[39m\n              \u001b[33mfocusable\u001b[39m=\u001b[32m\"false\"\u001b[39m\n              \u001b[33mviewBox\u001b[39m=\u001b[32m\"0 0 24 24\"\u001b[39m\n            \u001b[36m>\u001b[39m\n              \u001b[36m<path\u001b[39m\n                \u001b[33md\u001b[39m=\u001b[32m\"M15.5 14h-.79l-.28-.27C15.41 12.59 16 11.11 16 9.5 16 5.91 13.09 3 9.5 3S3 5.91 3 9.5 5.91 16 9.5 16c1.61 0 3.09-.59 4.23-1.57l.27.28v.79l5 4.99L20.49 19zm-6 0C7.01 14 5 11.99 5 9.5S7.01 5 9.5 5 14 7.01 14 9.5 11.99 14 9.5 14\"\u001b[39m\n              \u001b[36m/>\u001b[39m\n            \u001b[36m</svg>\u001b[39m\n          \u001b[36m</div>\u001b[39m\n          \u001b[36m<h1\u001b[39m\n            \u001b[33mclass\u001b[39m=\u001b[32m\"MuiTypography-root MuiTypography-h4 MuiTypography-gutterBottom css-1it4a80-MuiTypography-root\"\u001b[39m\n          \u001b[36m>\u001b[39m\n            \u001b[0m404\u001b[0m\n          \u001b[36m</h1>\u001b[39m\n          \u001b[36m<p\u001b[39m\n            \u001b[33mclass\u001b[39m=\u001b[32m\"MuiTypography-root MuiTypography-body1 css-199tq25-MuiTypography-root\"\u001b[39m\n          \u001b[36m>\u001b[39m\n            \u001b[0m抱歉，您访问的页面不存在。\u001b[0m\n          \u001b[36m</p>\u001b[39m\n          \u001b[36m<div\u001b[39m\n            \u001b[33mclass\u001b[39m=\u001b[32m\"MuiBox-root css-1hbdgyg\"\u001b[39m\n          \u001b[36m>\u001b[39m\n            \u001b[36m<button\u001b[39m\n              \u001b[33mclass\u001b[39m=\u001b[32m\"MuiButtonBase-root MuiButton-root MuiButton-outlined MuiButton-outlinedPrimary MuiButton-sizeMedium MuiButton-outlinedSizeMedium MuiButton-colorPrimary MuiButton-root MuiButton-outlined MuiButton-outlinedPrimary MuiButton-sizeMedium MuiButton-outlinedSizeMedium MuiButton-colorPrimary css-zdhukd-MuiButtonBase-root-MuiButton-root\"\u001b[39m\n              \u001b[33mtabindex\u001b[39m=\u001b[32m\"0\"\u001b[39m\n              \u001b[33mtype\u001b[39m=\u001b[32m\"button\"\u001b[39m\n            \u001b[36m>\u001b[39m\n              \u001b[36m<span\u001b[39m\n                \u001b[33mclass\u001b[39m=\u001b[32m\"MuiButton-icon MuiButton-startIcon MuiButton-iconSizeMedium css-1sh91j5-MuiButton-startIcon\"\u001b[39m\n              \u001b[36m>\u001b[39m\n                \u001b[36m<svg\u001b[39m\n                  \u001b[33maria-hidden\u001b[39m=\u001b[32m\"true\"\u001b[39m\n                  \u001b[33mclass\u001b[39m=\u001b[32m\"MuiSvgIcon-root MuiSvgIcon-fontSizeMedium css-1umw9bq-MuiSvgIcon-root\"\u001b[39m\n                  \u001b[33mdata-testid\u001b[39m=\u001b[32m\"HomeIcon\"\u001b[39m\n                  \u001b[33mfocusable\u001b[39m=\u001b[32m\"false\"\u001b[39m\n                  \u001b[33mviewBox\u001b[39m=\u001b[32m\"0 0 24 24\"\u001b[39m\n                \u001b[36m>\u001b[39m\n                  \u001b[36m<path\u001b[39m\n                    \u001b[33md\u001b[39m=\u001b[32m\"M10 20v-6h4v6h5v-8h3L12 3 2 12h3v8z\"\u001b[39m\n                  \u001b[36m/>\u001b[39m\n                \u001b[36m</svg>\u001b[39m\n              \u001b[36m</span>\u001b[39m\n              \u001b[0m返回首页\u001b[0m\n            \u001b[36m</button>\u001b[39m\n          \u001b[36m</div>\u001b[39m\n        \u001b[36m</div>\u001b[39m\n      \u001b[36m</div>\u001b[39m\n    \u001b[36m</div>\u001b[39m\n  \u001b[36m</div>\u001b[39m\n\u001b[36m</body>\u001b[39m\n    at Object.getElementError (/Users/zhuwencan/work/phoenixcoder/node_modules/.pnpm/@testing-library+dom@10.4.1/node_modules/@testing-library/dom/dist/config.js:37:19)\n    at /Users/zhuwencan/work/phoenixcoder/node_modules/.pnpm/@testing-library+dom@10.4.1/node_modules/@testing-library/dom/dist/query-helpers.js:76:38\n    at /Users/zhuwencan/work/phoenixcoder/node_modules/.pnpm/@testing-library+dom@10.4.1/node_modules/@testing-library/dom/dist/query-helpers.js:52:17\n    at /Users/zhuwencan/work/phoenixcoder/node_modules/.pnpm/@testing-library+dom@10.4.1/node_modules/@testing-library/dom/dist/query-helpers.js:95:19\n    at /Users/zhuwencan/work/phoenixcoder/apps/community/admin/src/shared/components/__tests__/GlobalErrorHandler.test.tsx:143:19\n    at file:///Users/zhuwencan/work/phoenixcoder/node_modules/.pnpm/@vitest+runner@4.0.0-beta.8/node_modules/@vitest/runner/dist/chunk-hooks.js:155:11\n    at file:///Users/zhuwencan/work/phoenixcoder/node_modules/.pnpm/@vitest+runner@4.0.0-beta.8/node_modules/@vitest/runner/dist/chunk-hooks.js:1055:26\n    at file:///Users/zhuwencan/work/phoenixcoder/node_modules/.pnpm/@vitest+runner@4.0.0-beta.8/node_modules/@vitest/runner/dist/chunk-hooks.js:1899:20\n    at new Promise (<anonymous>)\n    at runWithTimeout (file:///Users/zhuwencan/work/phoenixcoder/node_modules/.pnpm/@vitest+runner@4.0.0-beta.8/node_modules/@vitest/runner/dist/chunk-hooks.js:1865:10)","TestingLibraryElementError: Unable to find an element with the text: 页面未找到. This could be because the text is broken up by multiple elements. In this case, you can provide a function for your text matcher to make your matcher more flexible.\n\nIgnored nodes: comments, script, style\n\u001b[36m<body>\u001b[39m\n  \u001b[36m<div>\u001b[39m\n    \u001b[36m<div\u001b[39m\n      \u001b[33mclass\u001b[39m=\u001b[32m\"MuiContainer-root MuiContainer-maxWidthSm css-zzzaw2-MuiContainer-root\"\u001b[39m\n    \u001b[36m>\u001b[39m\n      \u001b[36m<div\u001b[39m\n        \u001b[33mclass\u001b[39m=\u001b[32m\"MuiBox-root css-txuz9b\"\u001b[39m\n      \u001b[36m>\u001b[39m\n        \u001b[36m<div\u001b[39m\n          \u001b[33mclass\u001b[39m=\u001b[32m\"MuiPaper-root MuiPaper-elevation MuiPaper-rounded MuiPaper-elevation3 css-1uzxz0h-MuiPaper-root\"\u001b[39m\n          \u001b[33mstyle\u001b[39m=\u001b[32m\"--Paper-shadow: 0px 3px 3px -2px rgba(0,0,0,0.2),0px 3px 4px 0px rgba(0,0,0,0.14),0px 1px 8px 0px rgba(0,0,0,0.12);\"\u001b[39m\n        \u001b[36m>\u001b[39m\n          \u001b[36m<div\u001b[39m\n            \u001b[33mclass\u001b[39m=\u001b[32m\"MuiBox-root css-qtgsk8\"\u001b[39m\n          \u001b[36m>\u001b[39m\n            \u001b[36m<svg\u001b[39m\n              \u001b[33maria-hidden\u001b[39m=\u001b[32m\"true\"\u001b[39m\n              \u001b[33mclass\u001b[39m=\u001b[32m\"MuiSvgIcon-root MuiSvgIcon-fontSizeMedium css-4x1mno-MuiSvgIcon-root\"\u001b[39m\n              \u001b[33mdata-testid\u001b[39m=\u001b[32m\"SearchIcon\"\u001b[39m\n              \u001b[33mfocusable\u001b[39m=\u001b[32m\"false\"\u001b[39m\n              \u001b[33mviewBox\u001b[39m=\u001b[32m\"0 0 24 24\"\u001b[39m\n            \u001b[36m>\u001b[39m\n              \u001b[36m<path\u001b[39m\n                \u001b[33md\u001b[39m=\u001b[32m\"M15.5 14h-.79l-.28-.27C15.41 12.59 16 11.11 16 9.5 16 5.91 13.09 3 9.5 3S3 5.91 3 9.5 5.91 16 9.5 16c1.61 0 3.09-.59 4.23-1.57l.27.28v.79l5 4.99L20.49 19zm-6 0C7.01 14 5 11.99 5 9.5S7.01 5 9.5 5 14 7.01 14 9.5 11.99 14 9.5 14\"\u001b[39m\n              \u001b[36m/>\u001b[39m\n            \u001b[36m</svg>\u001b[39m\n          \u001b[36m</div>\u001b[39m\n          \u001b[36m<h1\u001b[39m\n            \u001b[33mclass\u001b[39m=\u001b[32m\"MuiTypography-root MuiTypography-h4 MuiTypography-gutterBottom css-1it4a80-MuiTypography-root\"\u001b[39m\n          \u001b[36m>\u001b[39m\n            \u001b[0m404\u001b[0m\n          \u001b[36m</h1>\u001b[39m\n          \u001b[36m<p\u001b[39m\n            \u001b[33mclass\u001b[39m=\u001b[32m\"MuiTypography-root MuiTypography-body1 css-199tq25-MuiTypography-root\"\u001b[39m\n          \u001b[36m>\u001b[39m\n            \u001b[0m抱歉，您访问的页面不存在。\u001b[0m\n          \u001b[36m</p>\u001b[39m\n          \u001b[36m<div\u001b[39m\n            \u001b[33mclass\u001b[39m=\u001b[32m\"MuiBox-root css-1hbdgyg\"\u001b[39m\n          \u001b[36m>\u001b[39m\n            \u001b[36m<button\u001b[39m\n              \u001b[33mclass\u001b[39m=\u001b[32m\"MuiButtonBase-root MuiButton-root MuiButton-outlined MuiButton-outlinedPrimary MuiButton-sizeMedium MuiButton-outlinedSizeMedium MuiButton-colorPrimary MuiButton-root MuiButton-outlined MuiButton-outlinedPrimary MuiButton-sizeMedium MuiButton-outlinedSizeMedium MuiButton-colorPrimary css-zdhukd-MuiButtonBase-root-MuiButton-root\"\u001b[39m\n              \u001b[33mtabindex\u001b[39m=\u001b[32m\"0\"\u001b[39m\n              \u001b[33mtype\u001b[39m=\u001b[32m\"button\"\u001b[39m\n            \u001b[36m>\u001b[39m\n              \u001b[36m<span\u001b[39m\n                \u001b[33mclass\u001b[39m=\u001b[32m\"MuiButton-icon MuiButton-startIcon MuiButton-iconSizeMedium css-1sh91j5-MuiButton-startIcon\"\u001b[39m\n              \u001b[36m>\u001b[39m\n                \u001b[36m<svg\u001b[39m\n                  \u001b[33maria-hidden\u001b[39m=\u001b[32m\"true\"\u001b[39m\n                  \u001b[33mclass\u001b[39m=\u001b[32m\"MuiSvgIcon-root MuiSvgIcon-fontSizeMedium css-1umw9bq-MuiSvgIcon-root\"\u001b[39m\n                  \u001b[33mdata-testid\u001b[39m=\u001b[32m\"HomeIcon\"\u001b[39m\n                  \u001b[33mfocusable\u001b[39m=\u001b[32m\"false\"\u001b[39m\n                  \u001b[33mviewBox\u001b[39m=\u001b[32m\"0 0 24 24\"\u001b[39m\n                \u001b[36m>\u001b[39m\n                  \u001b[36m<path\u001b[39m\n                    \u001b[33md\u001b[39m=\u001b[32m\"M10 20v-6h4v6h5v-8h3L12 3 2 12h3v8z\"\u001b[39m\n                  \u001b[36m/>\u001b[39m\n                \u001b[36m</svg>\u001b[39m\n              \u001b[36m</span>\u001b[39m\n              \u001b[0m返回首页\u001b[0m\n            \u001b[36m</button>\u001b[39m\n          \u001b[36m</div>\u001b[39m\n        \u001b[36m</div>\u001b[39m\n      \u001b[36m</div>\u001b[39m\n    \u001b[36m</div>\u001b[39m\n  \u001b[36m</div>\u001b[39m\n\u001b[36m</body>\u001b[39m\n    at Object.getElementError (/Users/zhuwencan/work/phoenixcoder/node_modules/.pnpm/@testing-library+dom@10.4.1/node_modules/@testing-library/dom/dist/config.js:37:19)\n    at /Users/zhuwencan/work/phoenixcoder/node_modules/.pnpm/@testing-library+dom@10.4.1/node_modules/@testing-library/dom/dist/query-helpers.js:76:38\n    at /Users/zhuwencan/work/phoenixcoder/node_modules/.pnpm/@testing-library+dom@10.4.1/node_modules/@testing-library/dom/dist/query-helpers.js:52:17\n    at /Users/zhuwencan/work/phoenixcoder/node_modules/.pnpm/@testing-library+dom@10.4.1/node_modules/@testing-library/dom/dist/query-helpers.js:95:19\n    at /Users/zhuwencan/work/phoenixcoder/apps/community/admin/src/shared/components/__tests__/GlobalErrorHandler.test.tsx:143:19\n    at file:///Users/zhuwencan/work/phoenixcoder/node_modules/.pnpm/@vitest+runner@4.0.0-beta.8/node_modules/@vitest/runner/dist/chunk-hooks.js:155:11\n    at file:///Users/zhuwencan/work/phoenixcoder/node_modules/.pnpm/@vitest+runner@4.0.0-beta.8/node_modules/@vitest/runner/dist/chunk-hooks.js:1055:26\n    at file:///Users/zhuwencan/work/phoenixcoder/node_modules/.pnpm/@vitest+runner@4.0.0-beta.8/node_modules/@vitest/runner/dist/chunk-hooks.js:1899:20\n    at new Promise (<anonymous>)\n    at runWithTimeout (file:///Users/zhuwencan/work/phoenixcoder/node_modules/.pnpm/@vitest+runner@4.0.0-beta.8/node_modules/@vitest/runner/dist/chunk-hooks.js:1865:10)"],"location":{"line":136,"column":3},"meta":{}}],"startTime":1756016588621,"endTime":1756016588950.9678,"status":"failed","message":"","name":"/Users/zhuwencan/work/phoenixcoder/apps/community/admin/src/shared/components/__tests__/GlobalErrorHandler.test.tsx"},{"assertionResults":[{"ancestorTitles":["useUserManagement","fetchUsers"],"fullName":"useUserManagement fetchUsers should fetch users successfully","status":"pending","title":"should fetch users successfully","failureMessages":[],"location":{"line":51,"column":5},"meta":{}},{"ancestorTitles":["useUserManagement","fetchUsers"],"fullName":"useUserManagement fetchUsers should handle fetch users error","status":"pending","title":"should handle fetch users error","failureMessages":[],"location":{"line":74,"column":5},"meta":{}},{"ancestorTitles":["useUserManagement","createUser"],"fullName":"useUserManagement createUser should create user successfully","status":"pending","title":"should create user successfully","failureMessages":[],"location":{"line":93,"column":5},"meta":{}},{"ancestorTitles":["useUserManagement","createUser"],"fullName":"useUserManagement createUser should handle create user error","status":"pending","title":"should handle create user error","failureMessages":[],"location":{"line":133,"column":5},"meta":{}},{"ancestorTitles":["useUserManagement","updateUser"],"fullName":"useUserManagement updateUser should update user successfully","status":"pending","title":"should update user successfully","failureMessages":[],"location":{"line":158,"column":5},"meta":{}},{"ancestorTitles":["useUserManagement","deleteUser"],"fullName":"useUserManagement deleteUser should delete user successfully","status":"pending","title":"should delete user successfully","failureMessages":[],"location":{"line":200,"column":5},"meta":{}},{"ancestorTitles":["useUserManagement","selectUser"],"fullName":"useUserManagement selectUser should select user","status":"pending","title":"should select user","failureMessages":[],"location":{"line":224,"column":5},"meta":{}},{"ancestorTitles":["useUserManagement","clearError"],"fullName":"useUserManagement clearError should clear error","status":"pending","title":"should clear error","failureMessages":[],"location":{"line":236,"column":5},"meta":{}}],"startTime":1756016541455,"endTime":1756016541455,"status":"passed","message":"","name":"/Users/zhuwencan/work/phoenixcoder/apps/community/admin/tests/features/UserManagement/hooks/useUserManagement.test.ts"}]}