{"meta": {"format": 3, "version": "7.10.2", "timestamp": "2025-08-09T21:18:34.701781", "branch_coverage": false, "show_contexts": false}, "files": {"api/__init__.py": {"executed_lines": [], "summary": {"covered_lines": 0, "num_statements": 16, "percent_covered": 0.0, "percent_covered_display": "0", "missing_lines": 16, "excluded_lines": 0}, "missing_lines": [1, 3, 4, 5, 6, 7, 8, 9, 11, 12, 13, 14, 15, 16, 17, 18], "excluded_lines": [], "functions": {"": {"executed_lines": [], "summary": {"covered_lines": 0, "num_statements": 16, "percent_covered": 0.0, "percent_covered_display": "0", "missing_lines": 16, "excluded_lines": 0}, "missing_lines": [1, 3, 4, 5, 6, 7, 8, 9, 11, 12, 13, 14, 15, 16, 17, 18], "excluded_lines": []}}, "classes": {"": {"executed_lines": [], "summary": {"covered_lines": 0, "num_statements": 16, "percent_covered": 0.0, "percent_covered_display": "0", "missing_lines": 16, "excluded_lines": 0}, "missing_lines": [1, 3, 4, 5, 6, 7, 8, 9, 11, 12, 13, 14, 15, 16, 17, 18], "excluded_lines": []}}}, "api/auth.py": {"executed_lines": [], "summary": {"covered_lines": 0, "num_statements": 127, "percent_covered": 0.0, "percent_covered_display": "0", "missing_lines": 127, "excluded_lines": 0}, "missing_lines": [1, 2, 3, 4, 5, 6, 7, 8, 10, 11, 13, 14, 15, 16, 17, 19, 20, 22, 23, 24, 25, 26, 27, 28, 30, 31, 33, 35, 36, 37, 38, 39, 40, 41, 43, 44, 46, 48, 49, 51, 52, 55, 62, 63, 64, 65, 66, 67, 68, 69, 70, 71, 74, 75, 77, 82, 83, 84, 85, 86, 88, 89, 93, 95, 96, 98, 100, 101, 103, 111, 112, 114, 119, 120, 121, 122, 123, 125, 126, 128, 131, 133, 134, 135, 136, 138, 139, 141, 142, 143, 144, 145, 148, 149, 150, 158, 160, 165, 166, 167, 168, 169, 171, 172, 174, 175, 176, 177, 180, 181, 182, 190, 193, 194, 195, 196, 198, 199, 202, 203, 204, 205, 206, 207, 209, 210, 212], "excluded_lines": [], "functions": {"get_current_user": {"executed_lines": [], "summary": {"covered_lines": 0, "num_statements": 7, "percent_covered": 0.0, "percent_covered_display": "0", "missing_lines": 7, "excluded_lines": 0}, "missing_lines": [35, 36, 37, 38, 39, 40, 41], "excluded_lines": []}, "login": {"executed_lines": [], "summary": {"covered_lines": 0, "num_statements": 24, "percent_covered": 0.0, "percent_covered_display": "0", "missing_lines": 24, "excluded_lines": 0}, "missing_lines": [46, 48, 49, 51, 52, 55, 62, 63, 64, 65, 66, 67, 68, 69, 70, 71, 74, 75, 77, 82, 83, 84, 85, 86], "excluded_lines": []}, "oidc_login": {"executed_lines": [], "summary": {"covered_lines": 0, "num_statements": 1, "percent_covered": 0.0, "percent_covered_display": "0", "missing_lines": 1, "excluded_lines": 0}, "missing_lines": [93], "excluded_lines": []}, "register": {"executed_lines": [], "summary": {"covered_lines": 0, "num_statements": 12, "percent_covered": 0.0, "percent_covered_display": "0", "missing_lines": 12, "excluded_lines": 0}, "missing_lines": [98, 100, 101, 103, 111, 112, 114, 119, 120, 121, 122, 123], "excluded_lines": []}, "logout": {"executed_lines": [], "summary": {"covered_lines": 0, "num_statements": 6, "percent_covered": 0.0, "percent_covered_display": "0", "missing_lines": 6, "excluded_lines": 0}, "missing_lines": [128, 131, 133, 134, 135, 136], "excluded_lines": []}, "oidc_callback": {"executed_lines": [], "summary": {"covered_lines": 0, "num_statements": 15, "percent_covered": 0.0, "percent_covered_display": "0", "missing_lines": 15, "excluded_lines": 0}, "missing_lines": [141, 142, 143, 144, 145, 148, 149, 150, 158, 160, 165, 166, 167, 168, 169], "excluded_lines": []}, "auth_callback": {"executed_lines": [], "summary": {"covered_lines": 0, "num_statements": 12, "percent_covered": 0.0, "percent_covered_display": "0", "missing_lines": 12, "excluded_lines": 0}, "missing_lines": [174, 175, 176, 177, 180, 181, 182, 190, 193, 194, 195, 196], "excluded_lines": []}, "get_me": {"executed_lines": [], "summary": {"covered_lines": 0, "num_statements": 6, "percent_covered": 0.0, "percent_covered_display": "0", "missing_lines": 6, "excluded_lines": 0}, "missing_lines": [202, 203, 204, 205, 206, 207], "excluded_lines": []}, "get_oidc_userinfo": {"executed_lines": [], "summary": {"covered_lines": 0, "num_statements": 1, "percent_covered": 0.0, "percent_covered_display": "0", "missing_lines": 1, "excluded_lines": 0}, "missing_lines": [212], "excluded_lines": []}, "": {"executed_lines": [], "summary": {"covered_lines": 0, "num_statements": 43, "percent_covered": 0.0, "percent_covered_display": "0", "missing_lines": 43, "excluded_lines": 0}, "missing_lines": [1, 2, 3, 4, 5, 6, 7, 8, 10, 11, 13, 14, 15, 16, 17, 19, 20, 22, 23, 24, 25, 26, 27, 28, 30, 31, 33, 43, 44, 88, 89, 95, 96, 125, 126, 138, 139, 171, 172, 198, 199, 209, 210], "excluded_lines": []}}, "classes": {"LoginRequest": {"executed_lines": [], "summary": {"covered_lines": 0, "num_statements": 0, "percent_covered": 100.0, "percent_covered_display": "100", "missing_lines": 0, "excluded_lines": 0}, "missing_lines": [], "excluded_lines": []}, "OIDCCallbackRequest": {"executed_lines": [], "summary": {"covered_lines": 0, "num_statements": 0, "percent_covered": 100.0, "percent_covered_display": "100", "missing_lines": 0, "excluded_lines": 0}, "missing_lines": [], "excluded_lines": []}, "RegisterRequest": {"executed_lines": [], "summary": {"covered_lines": 0, "num_statements": 0, "percent_covered": 100.0, "percent_covered_display": "100", "missing_lines": 0, "excluded_lines": 0}, "missing_lines": [], "excluded_lines": []}, "LogoutRequest": {"executed_lines": [], "summary": {"covered_lines": 0, "num_statements": 0, "percent_covered": 100.0, "percent_covered_display": "100", "missing_lines": 0, "excluded_lines": 0}, "missing_lines": [], "excluded_lines": []}, "": {"executed_lines": [], "summary": {"covered_lines": 0, "num_statements": 127, "percent_covered": 0.0, "percent_covered_display": "0", "missing_lines": 127, "excluded_lines": 0}, "missing_lines": [1, 2, 3, 4, 5, 6, 7, 8, 10, 11, 13, 14, 15, 16, 17, 19, 20, 22, 23, 24, 25, 26, 27, 28, 30, 31, 33, 35, 36, 37, 38, 39, 40, 41, 43, 44, 46, 48, 49, 51, 52, 55, 62, 63, 64, 65, 66, 67, 68, 69, 70, 71, 74, 75, 77, 82, 83, 84, 85, 86, 88, 89, 93, 95, 96, 98, 100, 101, 103, 111, 112, 114, 119, 120, 121, 122, 123, 125, 126, 128, 131, 133, 134, 135, 136, 138, 139, 141, 142, 143, 144, 145, 148, 149, 150, 158, 160, 165, 166, 167, 168, 169, 171, 172, 174, 175, 176, 177, 180, 181, 182, 190, 193, 194, 195, 196, 198, 199, 202, 203, 204, 205, 206, 207, 209, 210, 212], "excluded_lines": []}}}, "api/growth.py": {"executed_lines": [], "summary": {"covered_lines": 0, "num_statements": 115, "percent_covered": 0.0, "percent_covered_display": "0", "missing_lines": 115, "excluded_lines": 0}, "missing_lines": [1, 2, 3, 4, 5, 6, 8, 11, 20, 23, 24, 25, 26, 27, 28, 31, 32, 33, 34, 35, 38, 39, 40, 41, 42, 43, 44, 45, 46, 47, 50, 51, 52, 53, 54, 55, 56, 57, 60, 61, 62, 63, 64, 65, 66, 67, 69, 70, 79, 80, 81, 82, 83, 84, 85, 90, 91, 100, 101, 102, 103, 104, 105, 106, 111, 112, 122, 123, 124, 125, 126, 130, 131, 132, 133, 134, 135, 140, 141, 150, 151, 152, 153, 154, 155, 156, 161, 162, 172, 173, 174, 175, 176, 180, 181, 182, 183, 184, 185, 191, 192, 193, 195, 196, 206, 207, 208, 209, 210, 214, 215, 216, 217, 218, 219], "excluded_lines": [], "functions": {"get_current_user": {"executed_lines": [], "summary": {"covered_lines": 0, "num_statements": 1, "percent_covered": 0.0, "percent_covered_display": "0", "missing_lines": 1, "excluded_lines": 0}, "missing_lines": [20], "excluded_lines": []}, "get_user_skills": {"executed_lines": [], "summary": {"covered_lines": 0, "num_statements": 7, "percent_covered": 0.0, "percent_covered_display": "0", "missing_lines": 7, "excluded_lines": 0}, "missing_lines": [79, 80, 81, 82, 83, 84, 85], "excluded_lines": []}, "get_user_learning_paths": {"executed_lines": [], "summary": {"covered_lines": 0, "num_statements": 7, "percent_covered": 0.0, "percent_covered_display": "0", "missing_lines": 7, "excluded_lines": 0}, "missing_lines": [100, 101, 102, 103, 104, 105, 106], "excluded_lines": []}, "get_learning_path_details": {"executed_lines": [], "summary": {"covered_lines": 0, "num_statements": 11, "percent_covered": 0.0, "percent_covered_display": "0", "missing_lines": 11, "excluded_lines": 0}, "missing_lines": [122, 123, 124, 125, 126, 130, 131, 132, 133, 134, 135], "excluded_lines": []}, "get_user_challenges": {"executed_lines": [], "summary": {"covered_lines": 0, "num_statements": 7, "percent_covered": 0.0, "percent_covered_display": "0", "missing_lines": 7, "excluded_lines": 0}, "missing_lines": [150, 151, 152, 153, 154, 155, 156], "excluded_lines": []}, "get_challenge_details": {"executed_lines": [], "summary": {"covered_lines": 0, "num_statements": 11, "percent_covered": 0.0, "percent_covered_display": "0", "missing_lines": 11, "excluded_lines": 0}, "missing_lines": [172, 173, 174, 175, 176, 180, 181, 182, 183, 184, 185], "excluded_lines": []}, "complete_challenge": {"executed_lines": [], "summary": {"covered_lines": 0, "num_statements": 11, "percent_covered": 0.0, "percent_covered_display": "0", "missing_lines": 11, "excluded_lines": 0}, "missing_lines": [206, 207, 208, 209, 210, 214, 215, 216, 217, 218, 219], "excluded_lines": []}, "": {"executed_lines": [], "summary": {"covered_lines": 0, "num_statements": 60, "percent_covered": 0.0, "percent_covered_display": "0", "missing_lines": 60, "excluded_lines": 0}, "missing_lines": [1, 2, 3, 4, 5, 6, 8, 11, 23, 24, 25, 26, 27, 28, 31, 32, 33, 34, 35, 38, 39, 40, 41, 42, 43, 44, 45, 46, 47, 50, 51, 52, 53, 54, 55, 56, 57, 60, 61, 62, 63, 64, 65, 66, 67, 69, 70, 90, 91, 111, 112, 140, 141, 161, 162, 191, 192, 193, 195, 196], "excluded_lines": []}}, "classes": {"SkillModel": {"executed_lines": [], "summary": {"covered_lines": 0, "num_statements": 0, "percent_covered": 100.0, "percent_covered_display": "100", "missing_lines": 0, "excluded_lines": 0}, "missing_lines": [], "excluded_lines": []}, "ModuleModel": {"executed_lines": [], "summary": {"covered_lines": 0, "num_statements": 0, "percent_covered": 100.0, "percent_covered_display": "100", "missing_lines": 0, "excluded_lines": 0}, "missing_lines": [], "excluded_lines": []}, "LearningPathModel": {"executed_lines": [], "summary": {"covered_lines": 0, "num_statements": 0, "percent_covered": 100.0, "percent_covered_display": "100", "missing_lines": 0, "excluded_lines": 0}, "missing_lines": [], "excluded_lines": []}, "ChallengeQuestionModel": {"executed_lines": [], "summary": {"covered_lines": 0, "num_statements": 0, "percent_covered": 100.0, "percent_covered_display": "100", "missing_lines": 0, "excluded_lines": 0}, "missing_lines": [], "excluded_lines": []}, "ChallengeModel": {"executed_lines": [], "summary": {"covered_lines": 0, "num_statements": 0, "percent_covered": 100.0, "percent_covered_display": "100", "missing_lines": 0, "excluded_lines": 0}, "missing_lines": [], "excluded_lines": []}, "CompleteChallengeResponse": {"executed_lines": [], "summary": {"covered_lines": 0, "num_statements": 0, "percent_covered": 100.0, "percent_covered_display": "100", "missing_lines": 0, "excluded_lines": 0}, "missing_lines": [], "excluded_lines": []}, "": {"executed_lines": [], "summary": {"covered_lines": 0, "num_statements": 115, "percent_covered": 0.0, "percent_covered_display": "0", "missing_lines": 115, "excluded_lines": 0}, "missing_lines": [1, 2, 3, 4, 5, 6, 8, 11, 20, 23, 24, 25, 26, 27, 28, 31, 32, 33, 34, 35, 38, 39, 40, 41, 42, 43, 44, 45, 46, 47, 50, 51, 52, 53, 54, 55, 56, 57, 60, 61, 62, 63, 64, 65, 66, 67, 69, 70, 79, 80, 81, 82, 83, 84, 85, 90, 91, 100, 101, 102, 103, 104, 105, 106, 111, 112, 122, 123, 124, 125, 126, 130, 131, 132, 133, 134, 135, 140, 141, 150, 151, 152, 153, 154, 155, 156, 161, 162, 172, 173, 174, 175, 176, 180, 181, 182, 183, 184, 185, 191, 192, 193, 195, 196, 206, 207, 208, 209, 210, 214, 215, 216, 217, 218, 219], "excluded_lines": []}}}, "api/interview_questions.py": {"executed_lines": [], "summary": {"covered_lines": 0, "num_statements": 83, "percent_covered": 0.0, "percent_covered_display": "0", "missing_lines": 83, "excluded_lines": 0}, "missing_lines": [1, 2, 3, 4, 5, 7, 8, 14, 15, 16, 17, 18, 19, 20, 21, 22, 23, 24, 27, 28, 29, 30, 31, 32, 33, 34, 37, 38, 39, 40, 41, 42, 43, 44, 46, 47, 58, 113, 114, 115, 116, 117, 118, 119, 120, 126, 129, 134, 135, 139, 140, 141, 142, 143, 145, 146, 150, 162, 164, 165, 169, 170, 171, 172, 173, 174, 175, 176, 177, 178, 179, 180, 181, 182, 183, 184, 185, 186, 187, 188, 190, 191, 195], "excluded_lines": [], "functions": {"get_questions": {"executed_lines": [], "summary": {"covered_lines": 0, "num_statements": 11, "percent_covered": 0.0, "percent_covered_display": "0", "missing_lines": 11, "excluded_lines": 0}, "missing_lines": [58, 113, 114, 115, 116, 117, 118, 119, 120, 126, 129], "excluded_lines": []}, "get_question": {"executed_lines": [], "summary": {"covered_lines": 0, "num_statements": 5, "percent_covered": 0.0, "percent_covered_display": "0", "missing_lines": 5, "excluded_lines": 0}, "missing_lines": [139, 140, 141, 142, 143], "excluded_lines": []}, "create_question": {"executed_lines": [], "summary": {"covered_lines": 0, "num_statements": 2, "percent_covered": 0.0, "percent_covered_display": "0", "missing_lines": 2, "excluded_lines": 0}, "missing_lines": [150, 162], "excluded_lines": []}, "update_question": {"executed_lines": [], "summary": {"covered_lines": 0, "num_statements": 20, "percent_covered": 0.0, "percent_covered_display": "0", "missing_lines": 20, "excluded_lines": 0}, "missing_lines": [169, 170, 171, 172, 173, 174, 175, 176, 177, 178, 179, 180, 181, 182, 183, 184, 185, 186, 187, 188], "excluded_lines": []}, "delete_question": {"executed_lines": [], "summary": {"covered_lines": 0, "num_statements": 1, "percent_covered": 0.0, "percent_covered_display": "0", "missing_lines": 1, "excluded_lines": 0}, "missing_lines": [195], "excluded_lines": []}, "": {"executed_lines": [], "summary": {"covered_lines": 0, "num_statements": 44, "percent_covered": 0.0, "percent_covered_display": "0", "missing_lines": 44, "excluded_lines": 0}, "missing_lines": [1, 2, 3, 4, 5, 7, 8, 14, 15, 16, 17, 18, 19, 20, 21, 22, 23, 24, 27, 28, 29, 30, 31, 32, 33, 34, 37, 38, 39, 40, 41, 42, 43, 44, 46, 47, 134, 135, 145, 146, 164, 165, 190, 191], "excluded_lines": []}}, "classes": {"QuestionModel": {"executed_lines": [], "summary": {"covered_lines": 0, "num_statements": 0, "percent_covered": 100.0, "percent_covered_display": "100", "missing_lines": 0, "excluded_lines": 0}, "missing_lines": [], "excluded_lines": []}, "CreateQuestionRequest": {"executed_lines": [], "summary": {"covered_lines": 0, "num_statements": 0, "percent_covered": 100.0, "percent_covered_display": "100", "missing_lines": 0, "excluded_lines": 0}, "missing_lines": [], "excluded_lines": []}, "UpdateQuestionRequest": {"executed_lines": [], "summary": {"covered_lines": 0, "num_statements": 0, "percent_covered": 100.0, "percent_covered_display": "100", "missing_lines": 0, "excluded_lines": 0}, "missing_lines": [], "excluded_lines": []}, "": {"executed_lines": [], "summary": {"covered_lines": 0, "num_statements": 83, "percent_covered": 0.0, "percent_covered_display": "0", "missing_lines": 83, "excluded_lines": 0}, "missing_lines": [1, 2, 3, 4, 5, 7, 8, 14, 15, 16, 17, 18, 19, 20, 21, 22, 23, 24, 27, 28, 29, 30, 31, 32, 33, 34, 37, 38, 39, 40, 41, 42, 43, 44, 46, 47, 58, 113, 114, 115, 116, 117, 118, 119, 120, 126, 129, 134, 135, 139, 140, 141, 142, 143, 145, 146, 150, 162, 164, 165, 169, 170, 171, 172, 173, 174, 175, 176, 177, 178, 179, 180, 181, 182, 183, 184, 185, 186, 187, 188, 190, 191, 195], "excluded_lines": []}}}, "api/knowledge_base.py": {"executed_lines": [], "summary": {"covered_lines": 0, "num_statements": 73, "percent_covered": 0.0, "percent_covered_display": "0", "missing_lines": 73, "excluded_lines": 0}, "missing_lines": [1, 2, 3, 4, 5, 7, 8, 14, 15, 16, 17, 18, 19, 20, 21, 22, 23, 24, 27, 28, 29, 30, 31, 32, 35, 36, 37, 38, 39, 40, 42, 43, 53, 93, 94, 95, 96, 99, 101, 103, 104, 108, 109, 110, 112, 113, 114, 116, 117, 122, 124, 136, 138, 139, 143, 144, 145, 147, 148, 149, 150, 151, 152, 153, 154, 155, 156, 157, 158, 159, 161, 162, 166], "excluded_lines": [], "functions": {"get_articles": {"executed_lines": [], "summary": {"covered_lines": 0, "num_statements": 7, "percent_covered": 0.0, "percent_covered_display": "0", "missing_lines": 7, "excluded_lines": 0}, "missing_lines": [53, 93, 94, 95, 96, 99, 101], "excluded_lines": []}, "get_article": {"executed_lines": [], "summary": {"covered_lines": 0, "num_statements": 6, "percent_covered": 0.0, "percent_covered_display": "0", "missing_lines": 6, "excluded_lines": 0}, "missing_lines": [108, 109, 110, 112, 113, 114], "excluded_lines": []}, "create_article": {"executed_lines": [], "summary": {"covered_lines": 0, "num_statements": 3, "percent_covered": 0.0, "percent_covered_display": "0", "missing_lines": 3, "excluded_lines": 0}, "missing_lines": [122, 124, 136], "excluded_lines": []}, "update_article": {"executed_lines": [], "summary": {"covered_lines": 0, "num_statements": 16, "percent_covered": 0.0, "percent_covered_display": "0", "missing_lines": 16, "excluded_lines": 0}, "missing_lines": [143, 144, 145, 147, 148, 149, 150, 151, 152, 153, 154, 155, 156, 157, 158, 159], "excluded_lines": []}, "delete_article": {"executed_lines": [], "summary": {"covered_lines": 0, "num_statements": 1, "percent_covered": 0.0, "percent_covered_display": "0", "missing_lines": 1, "excluded_lines": 0}, "missing_lines": [166], "excluded_lines": []}, "": {"executed_lines": [], "summary": {"covered_lines": 0, "num_statements": 40, "percent_covered": 0.0, "percent_covered_display": "0", "missing_lines": 40, "excluded_lines": 0}, "missing_lines": [1, 2, 3, 4, 5, 7, 8, 14, 15, 16, 17, 18, 19, 20, 21, 22, 23, 24, 27, 28, 29, 30, 31, 32, 35, 36, 37, 38, 39, 40, 42, 43, 103, 104, 116, 117, 138, 139, 161, 162], "excluded_lines": []}}, "classes": {"ArticleModel": {"executed_lines": [], "summary": {"covered_lines": 0, "num_statements": 0, "percent_covered": 100.0, "percent_covered_display": "100", "missing_lines": 0, "excluded_lines": 0}, "missing_lines": [], "excluded_lines": []}, "CreateArticleRequest": {"executed_lines": [], "summary": {"covered_lines": 0, "num_statements": 0, "percent_covered": 100.0, "percent_covered_display": "100", "missing_lines": 0, "excluded_lines": 0}, "missing_lines": [], "excluded_lines": []}, "UpdateArticleRequest": {"executed_lines": [], "summary": {"covered_lines": 0, "num_statements": 0, "percent_covered": 100.0, "percent_covered_display": "100", "missing_lines": 0, "excluded_lines": 0}, "missing_lines": [], "excluded_lines": []}, "": {"executed_lines": [], "summary": {"covered_lines": 0, "num_statements": 73, "percent_covered": 0.0, "percent_covered_display": "0", "missing_lines": 73, "excluded_lines": 0}, "missing_lines": [1, 2, 3, 4, 5, 7, 8, 14, 15, 16, 17, 18, 19, 20, 21, 22, 23, 24, 27, 28, 29, 30, 31, 32, 35, 36, 37, 38, 39, 40, 42, 43, 53, 93, 94, 95, 96, 99, 101, 103, 104, 108, 109, 110, 112, 113, 114, 116, 117, 122, 124, 136, 138, 139, 143, 144, 145, 147, 148, 149, 150, 151, 152, 153, 154, 155, 156, 157, 158, 159, 161, 162, 166], "excluded_lines": []}}}, "api/placeholder.py": {"executed_lines": [], "summary": {"covered_lines": 0, "num_statements": 14, "percent_covered": 0.0, "percent_covered_display": "0", "missing_lines": 14, "excluded_lines": 0}, "missing_lines": [1, 2, 3, 5, 7, 8, 20, 21, 24, 31, 34, 35, 38, 46], "excluded_lines": [], "functions": {"get_placeholder_image": {"executed_lines": [], "summary": {"covered_lines": 0, "num_statements": 8, "percent_covered": 0.0, "percent_covered_display": "0", "missing_lines": 8, "excluded_lines": 0}, "missing_lines": [20, 21, 24, 31, 34, 35, 38, 46], "excluded_lines": []}, "": {"executed_lines": [], "summary": {"covered_lines": 0, "num_statements": 6, "percent_covered": 0.0, "percent_covered_display": "0", "missing_lines": 6, "excluded_lines": 0}, "missing_lines": [1, 2, 3, 5, 7, 8], "excluded_lines": []}}, "classes": {"": {"executed_lines": [], "summary": {"covered_lines": 0, "num_statements": 14, "percent_covered": 0.0, "percent_covered_display": "0", "missing_lines": 14, "excluded_lines": 0}, "missing_lines": [1, 2, 3, 5, 7, 8, 20, 21, 24, 31, 34, 35, 38, 46], "excluded_lines": []}}}, "api/user_management.py": {"executed_lines": [], "summary": {"covered_lines": 0, "num_statements": 103, "percent_covered": 0.0, "percent_covered_display": "0", "missing_lines": 103, "excluded_lines": 0}, "missing_lines": [1, 2, 3, 4, 5, 6, 8, 11, 20, 23, 35, 36, 40, 43, 44, 45, 46, 47, 48, 51, 52, 53, 54, 55, 56, 59, 60, 61, 62, 63, 65, 66, 75, 78, 101, 102, 103, 104, 109, 110, 120, 123, 147, 148, 150, 151, 155, 156, 160, 161, 162, 163, 164, 169, 170, 180, 182, 183, 184, 190, 191, 192, 193, 194, 195, 196, 197, 202, 203, 214, 217, 241, 242, 244, 245, 251, 252, 253, 254, 257, 258, 259, 263, 266, 268, 270, 271, 272, 276, 277, 278, 279, 280, 286, 287, 289, 290, 300, 303, 304, 305, 306, 307], "excluded_lines": [], "functions": {"get_current_user": {"executed_lines": [], "summary": {"covered_lines": 0, "num_statements": 1, "percent_covered": 0.0, "percent_covered_display": "0", "missing_lines": 1, "excluded_lines": 0}, "missing_lines": [20], "excluded_lines": []}, "check_admin_permissions": {"executed_lines": [], "summary": {"covered_lines": 0, "num_statements": 3, "percent_covered": 0.0, "percent_covered_display": "0", "missing_lines": 3, "excluded_lines": 0}, "missing_lines": [35, 36, 40], "excluded_lines": []}, "get_users": {"executed_lines": [], "summary": {"covered_lines": 0, "num_statements": 6, "percent_covered": 0.0, "percent_covered_display": "0", "missing_lines": 6, "excluded_lines": 0}, "missing_lines": [75, 78, 101, 102, 103, 104], "excluded_lines": []}, "get_user": {"executed_lines": [], "summary": {"covered_lines": 0, "num_statements": 13, "percent_covered": 0.0, "percent_covered_display": "0", "missing_lines": 13, "excluded_lines": 0}, "missing_lines": [120, 123, 147, 148, 150, 151, 155, 156, 160, 161, 162, 163, 164], "excluded_lines": []}, "create_user": {"executed_lines": [], "summary": {"covered_lines": 0, "num_statements": 12, "percent_covered": 0.0, "percent_covered_display": "0", "missing_lines": 12, "excluded_lines": 0}, "missing_lines": [180, 182, 183, 184, 190, 191, 192, 193, 194, 195, 196, 197], "excluded_lines": []}, "update_user": {"executed_lines": [], "summary": {"covered_lines": 0, "num_statements": 24, "percent_covered": 0.0, "percent_covered_display": "0", "missing_lines": 24, "excluded_lines": 0}, "missing_lines": [214, 217, 241, 242, 244, 245, 251, 252, 253, 254, 257, 258, 259, 263, 266, 268, 270, 271, 272, 276, 277, 278, 279, 280], "excluded_lines": []}, "delete_user": {"executed_lines": [], "summary": {"covered_lines": 0, "num_statements": 6, "percent_covered": 0.0, "percent_covered_display": "0", "missing_lines": 6, "excluded_lines": 0}, "missing_lines": [300, 303, 304, 305, 306, 307], "excluded_lines": []}, "": {"executed_lines": [], "summary": {"covered_lines": 0, "num_statements": 38, "percent_covered": 0.0, "percent_covered_display": "0", "missing_lines": 38, "excluded_lines": 0}, "missing_lines": [1, 2, 3, 4, 5, 6, 8, 11, 23, 43, 44, 45, 46, 47, 48, 51, 52, 53, 54, 55, 56, 59, 60, 61, 62, 63, 65, 66, 109, 110, 169, 170, 202, 203, 286, 287, 289, 290], "excluded_lines": []}}, "classes": {"UserModel": {"executed_lines": [], "summary": {"covered_lines": 0, "num_statements": 0, "percent_covered": 100.0, "percent_covered_display": "100", "missing_lines": 0, "excluded_lines": 0}, "missing_lines": [], "excluded_lines": []}, "CreateUserRequest": {"executed_lines": [], "summary": {"covered_lines": 0, "num_statements": 0, "percent_covered": 100.0, "percent_covered_display": "100", "missing_lines": 0, "excluded_lines": 0}, "missing_lines": [], "excluded_lines": []}, "UpdateUserRequest": {"executed_lines": [], "summary": {"covered_lines": 0, "num_statements": 0, "percent_covered": 100.0, "percent_covered_display": "100", "missing_lines": 0, "excluded_lines": 0}, "missing_lines": [], "excluded_lines": []}, "DeleteUserResponse": {"executed_lines": [], "summary": {"covered_lines": 0, "num_statements": 0, "percent_covered": 100.0, "percent_covered_display": "100", "missing_lines": 0, "excluded_lines": 0}, "missing_lines": [], "excluded_lines": []}, "": {"executed_lines": [], "summary": {"covered_lines": 0, "num_statements": 103, "percent_covered": 0.0, "percent_covered_display": "0", "missing_lines": 103, "excluded_lines": 0}, "missing_lines": [1, 2, 3, 4, 5, 6, 8, 11, 20, 23, 35, 36, 40, 43, 44, 45, 46, 47, 48, 51, 52, 53, 54, 55, 56, 59, 60, 61, 62, 63, 65, 66, 75, 78, 101, 102, 103, 104, 109, 110, 120, 123, 147, 148, 150, 151, 155, 156, 160, 161, 162, 163, 164, 169, 170, 180, 182, 183, 184, 190, 191, 192, 193, 194, 195, 196, 197, 202, 203, 214, 217, 241, 242, 244, 245, 251, 252, 253, 254, 257, 258, 259, 263, 266, 268, 270, 271, 272, 276, 277, 278, 279, 280, 286, 287, 289, 290, 300, 303, 304, 305, 306, 307], "excluded_lines": []}}}, "api/v1/__init__.py": {"executed_lines": [], "summary": {"covered_lines": 0, "num_statements": 15, "percent_covered": 0.0, "percent_covered_display": "0", "missing_lines": 15, "excluded_lines": 0}, "missing_lines": [12, 13, 14, 15, 16, 17, 18, 21, 24, 30, 36, 42, 48, 54, 60], "excluded_lines": [], "functions": {"": {"executed_lines": [], "summary": {"covered_lines": 0, "num_statements": 15, "percent_covered": 0.0, "percent_covered_display": "0", "missing_lines": 15, "excluded_lines": 0}, "missing_lines": [12, 13, 14, 15, 16, 17, 18, 21, 24, 30, 36, 42, 48, 54, 60], "excluded_lines": []}}, "classes": {"": {"executed_lines": [], "summary": {"covered_lines": 0, "num_statements": 15, "percent_covered": 0.0, "percent_covered_display": "0", "missing_lines": 15, "excluded_lines": 0}, "missing_lines": [12, 13, 14, 15, 16, 17, 18, 21, 24, 30, 36, 42, 48, 54, 60], "excluded_lines": []}}}, "api/v1/auth.py": {"executed_lines": [], "summary": {"covered_lines": 0, "num_statements": 121, "percent_covered": 0.0, "percent_covered_display": "0", "missing_lines": 121, "excluded_lines": 0}, "missing_lines": [13, 14, 15, 16, 18, 19, 20, 27, 28, 32, 34, 35, 36, 39, 41, 42, 43, 44, 45, 46, 47, 50, 52, 53, 54, 57, 59, 62, 64, 65, 69, 71, 72, 73, 74, 75, 78, 80, 83, 89, 98, 99, 105, 107, 113, 114, 118, 119, 125, 131, 140, 142, 143, 145, 154, 156, 162, 163, 167, 168, 174, 180, 189, 190, 192, 198, 199, 205, 211, 220, 221, 222, 223, 224, 230, 236, 245, 246, 247, 248, 249, 255, 261, 271, 273, 274, 276, 282, 283, 284, 288, 289, 295, 301, 310, 311, 312, 313, 316, 317, 323, 324, 333, 345, 348, 356, 359, 365, 368, 380, 387, 388, 389, 390, 396, 401, 410, 411, 412, 413, 414], "excluded_lines": [], "functions": {"login": {"executed_lines": [], "summary": {"covered_lines": 0, "num_statements": 8, "percent_covered": 0.0, "percent_covered_display": "0", "missing_lines": 8, "excluded_lines": 0}, "missing_lines": [98, 99, 105, 107, 113, 114, 118, 119], "excluded_lines": []}, "register": {"executed_lines": [], "summary": {"covered_lines": 0, "num_statements": 10, "percent_covered": 0.0, "percent_covered_display": "0", "missing_lines": 10, "excluded_lines": 0}, "missing_lines": [140, 142, 143, 145, 154, 156, 162, 163, 167, 168], "excluded_lines": []}, "refresh_token": {"executed_lines": [], "summary": {"covered_lines": 0, "num_statements": 5, "percent_covered": 0.0, "percent_covered_display": "0", "missing_lines": 5, "excluded_lines": 0}, "missing_lines": [189, 190, 192, 198, 199], "excluded_lines": []}, "logout": {"executed_lines": [], "summary": {"covered_lines": 0, "num_statements": 5, "percent_covered": 0.0, "percent_covered_display": "0", "missing_lines": 5, "excluded_lines": 0}, "missing_lines": [220, 221, 222, 223, 224], "excluded_lines": []}, "logout_all": {"executed_lines": [], "summary": {"covered_lines": 0, "num_statements": 5, "percent_covered": 0.0, "percent_covered_display": "0", "missing_lines": 5, "excluded_lines": 0}, "missing_lines": [245, 246, 247, 248, 249], "excluded_lines": []}, "change_password": {"executed_lines": [], "summary": {"covered_lines": 0, "num_statements": 9, "percent_covered": 0.0, "percent_covered_display": "0", "missing_lines": 9, "excluded_lines": 0}, "missing_lines": [271, 273, 274, 276, 282, 283, 284, 288, 289], "excluded_lines": []}, "oidc_callback": {"executed_lines": [], "summary": {"covered_lines": 0, "num_statements": 20, "percent_covered": 0.0, "percent_covered_display": "0", "missing_lines": 20, "excluded_lines": 0}, "missing_lines": [310, 311, 312, 313, 316, 317, 323, 324, 333, 345, 348, 356, 359, 365, 368, 380, 387, 388, 389, 390], "excluded_lines": []}, "get_current_user": {"executed_lines": [], "summary": {"covered_lines": 0, "num_statements": 5, "percent_covered": 0.0, "percent_covered_display": "0", "missing_lines": 5, "excluded_lines": 0}, "missing_lines": [410, 411, 412, 413, 414], "excluded_lines": []}, "": {"executed_lines": [], "summary": {"covered_lines": 0, "num_statements": 54, "percent_covered": 0.0, "percent_covered_display": "0", "missing_lines": 54, "excluded_lines": 0}, "missing_lines": [13, 14, 15, 16, 18, 19, 20, 27, 28, 32, 34, 35, 36, 39, 41, 42, 43, 44, 45, 46, 47, 50, 52, 53, 54, 57, 59, 62, 64, 65, 69, 71, 72, 73, 74, 75, 78, 80, 83, 89, 125, 131, 174, 180, 205, 211, 230, 236, 255, 261, 295, 301, 396, 401], "excluded_lines": []}}, "classes": {"LoginRequest": {"executed_lines": [], "summary": {"covered_lines": 0, "num_statements": 0, "percent_covered": 100.0, "percent_covered_display": "100", "missing_lines": 0, "excluded_lines": 0}, "missing_lines": [], "excluded_lines": []}, "RegisterRequest": {"executed_lines": [], "summary": {"covered_lines": 0, "num_statements": 0, "percent_covered": 100.0, "percent_covered_display": "100", "missing_lines": 0, "excluded_lines": 0}, "missing_lines": [], "excluded_lines": []}, "ChangePasswordRequest": {"executed_lines": [], "summary": {"covered_lines": 0, "num_statements": 0, "percent_covered": 100.0, "percent_covered_display": "100", "missing_lines": 0, "excluded_lines": 0}, "missing_lines": [], "excluded_lines": []}, "RefreshTokenRequest": {"executed_lines": [], "summary": {"covered_lines": 0, "num_statements": 0, "percent_covered": 100.0, "percent_covered_display": "100", "missing_lines": 0, "excluded_lines": 0}, "missing_lines": [], "excluded_lines": []}, "OIDCCallbackRequest": {"executed_lines": [], "summary": {"covered_lines": 0, "num_statements": 0, "percent_covered": 100.0, "percent_covered_display": "100", "missing_lines": 0, "excluded_lines": 0}, "missing_lines": [], "excluded_lines": []}, "AuthResponse": {"executed_lines": [], "summary": {"covered_lines": 0, "num_statements": 0, "percent_covered": 100.0, "percent_covered_display": "100", "missing_lines": 0, "excluded_lines": 0}, "missing_lines": [], "excluded_lines": []}, "MessageResponse": {"executed_lines": [], "summary": {"covered_lines": 0, "num_statements": 0, "percent_covered": 100.0, "percent_covered_display": "100", "missing_lines": 0, "excluded_lines": 0}, "missing_lines": [], "excluded_lines": []}, "": {"executed_lines": [], "summary": {"covered_lines": 0, "num_statements": 121, "percent_covered": 0.0, "percent_covered_display": "0", "missing_lines": 121, "excluded_lines": 0}, "missing_lines": [13, 14, 15, 16, 18, 19, 20, 27, 28, 32, 34, 35, 36, 39, 41, 42, 43, 44, 45, 46, 47, 50, 52, 53, 54, 57, 59, 62, 64, 65, 69, 71, 72, 73, 74, 75, 78, 80, 83, 89, 98, 99, 105, 107, 113, 114, 118, 119, 125, 131, 140, 142, 143, 145, 154, 156, 162, 163, 167, 168, 174, 180, 189, 190, 192, 198, 199, 205, 211, 220, 221, 222, 223, 224, 230, 236, 245, 246, 247, 248, 249, 255, 261, 271, 273, 274, 276, 282, 283, 284, 288, 289, 295, 301, 310, 311, 312, 313, 316, 317, 323, 324, 333, 345, 348, 356, 359, 365, 368, 380, 387, 388, 389, 390, 396, 401, 410, 411, 412, 413, 414], "excluded_lines": []}}}, "api/v1/growth.py": {"executed_lines": [], "summary": {"covered_lines": 0, "num_statements": 338, "percent_covered": 0.0, "percent_covered_display": "0", "missing_lines": 338, "excluded_lines": 0}, "missing_lines": [11, 12, 13, 14, 15, 17, 18, 19, 20, 22, 23, 27, 29, 30, 31, 32, 33, 34, 35, 38, 40, 41, 42, 43, 44, 45, 46, 47, 50, 52, 53, 54, 55, 56, 57, 58, 59, 62, 64, 65, 66, 67, 68, 69, 73, 75, 76, 77, 78, 79, 80, 81, 82, 83, 84, 85, 86, 87, 90, 92, 93, 94, 95, 96, 97, 98, 99, 100, 101, 102, 105, 107, 108, 109, 110, 111, 112, 113, 114, 115, 118, 120, 121, 122, 125, 127, 128, 129, 130, 131, 132, 133, 134, 135, 138, 140, 141, 142, 143, 144, 147, 149, 150, 151, 152, 153, 156, 161, 162, 163, 164, 165, 172, 178, 190, 192, 195, 196, 197, 212, 215, 216, 219, 220, 221, 222, 224, 232, 233, 239, 245, 255, 257, 258, 264, 266, 282, 284, 285, 289, 290, 296, 302, 312, 314, 316, 317, 322, 338, 340, 341, 345, 346, 352, 358, 369, 371, 372, 373, 379, 394, 396, 397, 401, 402, 408, 413, 423, 425, 426, 435, 441, 442, 443, 444, 451, 457, 471, 473, 529, 531, 532, 534, 535, 537, 538, 540, 541, 544, 545, 546, 547, 549, 557, 558, 564, 570, 579, 581, 582, 588, 589, 595, 598, 599, 600, 602, 616, 618, 619, 623, 624, 625, 626, 632, 638, 647, 649, 650, 656, 685, 687, 688, 689, 690, 696, 701, 710, 712, 713, 722, 728, 729, 730, 731, 738, 744, 754, 756, 804, 805, 808, 809, 810, 821, 823, 825, 826, 832, 838, 847, 849, 883, 884, 885, 886, 891, 893, 895, 896, 902, 908, 918, 920, 921, 926, 927, 933, 935, 947, 949, 950, 954, 955, 956, 957, 964, 970, 979, 981, 984, 985, 986, 993, 1003, 1024, 1036, 1038, 1039, 1045, 1050, 1061, 1063, 1065, 1067, 1068, 1070, 1071, 1073, 1074, 1080, 1081, 1088, 1096, 1097, 1098, 1105, 1126, 1127, 1133, 1138, 1150, 1152, 1154, 1156, 1188, 1190, 1212, 1214, 1238, 1240, 1241, 1242, 1243, 1244, 1245, 1246, 1247, 1249, 1250, 1251, 1252, 1253, 1254, 1255, 1258, 1260, 1261], "excluded_lines": [], "functions": {"get_current_user_id": {"executed_lines": [], "summary": {"covered_lines": 0, "num_statements": 5, "percent_covered": 0.0, "percent_covered_display": "0", "missing_lines": 5, "excluded_lines": 0}, "missing_lines": [161, 162, 163, 164, 165], "excluded_lines": []}, "get_learning_plans": {"executed_lines": [], "summary": {"covered_lines": 0, "num_statements": 15, "percent_covered": 0.0, "percent_covered_display": "0", "missing_lines": 15, "excluded_lines": 0}, "missing_lines": [190, 192, 195, 196, 197, 212, 215, 216, 219, 220, 221, 222, 224, 232, 233], "excluded_lines": []}, "create_learning_plan": {"executed_lines": [], "summary": {"covered_lines": 0, "num_statements": 10, "percent_covered": 0.0, "percent_covered_display": "0", "missing_lines": 10, "excluded_lines": 0}, "missing_lines": [255, 257, 258, 264, 266, 282, 284, 285, 289, 290], "excluded_lines": []}, "get_learning_plan": {"executed_lines": [], "summary": {"covered_lines": 0, "num_statements": 10, "percent_covered": 0.0, "percent_covered_display": "0", "missing_lines": 10, "excluded_lines": 0}, "missing_lines": [312, 314, 316, 317, 322, 338, 340, 341, 345, 346], "excluded_lines": []}, "update_learning_plan": {"executed_lines": [], "summary": {"covered_lines": 0, "num_statements": 10, "percent_covered": 0.0, "percent_covered_display": "0", "missing_lines": 10, "excluded_lines": 0}, "missing_lines": [369, 371, 372, 373, 379, 394, 396, 397, 401, 402], "excluded_lines": []}, "delete_learning_plan": {"executed_lines": [], "summary": {"covered_lines": 0, "num_statements": 8, "percent_covered": 0.0, "percent_covered_display": "0", "missing_lines": 8, "excluded_lines": 0}, "missing_lines": [423, 425, 426, 435, 441, 442, 443, 444], "excluded_lines": []}, "get_study_records": {"executed_lines": [], "summary": {"covered_lines": 0, "num_statements": 18, "percent_covered": 0.0, "percent_covered_display": "0", "missing_lines": 18, "excluded_lines": 0}, "missing_lines": [471, 473, 529, 531, 532, 534, 535, 537, 538, 540, 541, 544, 545, 546, 547, 549, 557, 558], "excluded_lines": []}, "create_study_record": {"executed_lines": [], "summary": {"covered_lines": 0, "num_statements": 17, "percent_covered": 0.0, "percent_covered_display": "0", "missing_lines": 17, "excluded_lines": 0}, "missing_lines": [579, 581, 582, 588, 589, 595, 598, 599, 600, 602, 616, 618, 619, 623, 624, 625, 626], "excluded_lines": []}, "get_study_record": {"executed_lines": [], "summary": {"covered_lines": 0, "num_statements": 9, "percent_covered": 0.0, "percent_covered_display": "0", "missing_lines": 9, "excluded_lines": 0}, "missing_lines": [647, 649, 650, 656, 685, 687, 688, 689, 690], "excluded_lines": []}, "delete_study_record": {"executed_lines": [], "summary": {"covered_lines": 0, "num_statements": 8, "percent_covered": 0.0, "percent_covered_display": "0", "missing_lines": 8, "excluded_lines": 0}, "missing_lines": [710, 712, 713, 722, 728, 729, 730, 731], "excluded_lines": []}, "get_achievements": {"executed_lines": [], "summary": {"covered_lines": 0, "num_statements": 11, "percent_covered": 0.0, "percent_covered_display": "0", "missing_lines": 11, "excluded_lines": 0}, "missing_lines": [754, 756, 804, 805, 808, 809, 810, 821, 823, 825, 826], "excluded_lines": []}, "get_my_achievements": {"executed_lines": [], "summary": {"covered_lines": 0, "num_statements": 10, "percent_covered": 0.0, "percent_covered_display": "0", "missing_lines": 10, "excluded_lines": 0}, "missing_lines": [847, 849, 883, 884, 885, 886, 891, 893, 895, 896], "excluded_lines": []}, "create_achievement": {"executed_lines": [], "summary": {"covered_lines": 0, "num_statements": 14, "percent_covered": 0.0, "percent_covered_display": "0", "missing_lines": 14, "excluded_lines": 0}, "missing_lines": [918, 920, 921, 926, 927, 933, 935, 947, 949, 950, 954, 955, 956, 957], "excluded_lines": []}, "get_growth_stats": {"executed_lines": [], "summary": {"covered_lines": 0, "num_statements": 11, "percent_covered": 0.0, "percent_covered_display": "0", "missing_lines": 11, "excluded_lines": 0}, "missing_lines": [979, 981, 984, 985, 986, 993, 1003, 1024, 1036, 1038, 1039], "excluded_lines": []}, "get_study_calendar": {"executed_lines": [], "summary": {"covered_lines": 0, "num_statements": 18, "percent_covered": 0.0, "percent_covered_display": "0", "missing_lines": 18, "excluded_lines": 0}, "missing_lines": [1061, 1063, 1065, 1067, 1068, 1070, 1071, 1073, 1074, 1080, 1081, 1088, 1096, 1097, 1098, 1105, 1126, 1127], "excluded_lines": []}, "get_leaderboard": {"executed_lines": [], "summary": {"covered_lines": 0, "num_statements": 27, "percent_covered": 0.0, "percent_covered_display": "0", "missing_lines": 27, "excluded_lines": 0}, "missing_lines": [1150, 1152, 1154, 1156, 1188, 1190, 1212, 1214, 1238, 1240, 1241, 1242, 1243, 1244, 1245, 1246, 1247, 1249, 1250, 1251, 1252, 1253, 1254, 1255, 1258, 1260, 1261], "excluded_lines": []}, "": {"executed_lines": [], "summary": {"covered_lines": 0, "num_statements": 137, "percent_covered": 0.0, "percent_covered_display": "0", "missing_lines": 137, "excluded_lines": 0}, "missing_lines": [11, 12, 13, 14, 15, 17, 18, 19, 20, 22, 23, 27, 29, 30, 31, 32, 33, 34, 35, 38, 40, 41, 42, 43, 44, 45, 46, 47, 50, 52, 53, 54, 55, 56, 57, 58, 59, 62, 64, 65, 66, 67, 68, 69, 73, 75, 76, 77, 78, 79, 80, 81, 82, 83, 84, 85, 86, 87, 90, 92, 93, 94, 95, 96, 97, 98, 99, 100, 101, 102, 105, 107, 108, 109, 110, 111, 112, 113, 114, 115, 118, 120, 121, 122, 125, 127, 128, 129, 130, 131, 132, 133, 134, 135, 138, 140, 141, 142, 143, 144, 147, 149, 150, 151, 152, 153, 156, 172, 178, 239, 245, 296, 302, 352, 358, 408, 413, 451, 457, 564, 570, 632, 638, 696, 701, 738, 744, 832, 838, 902, 908, 964, 970, 1045, 1050, 1133, 1138], "excluded_lines": []}}, "classes": {"CreateLearningPlanRequest": {"executed_lines": [], "summary": {"covered_lines": 0, "num_statements": 0, "percent_covered": 100.0, "percent_covered_display": "100", "missing_lines": 0, "excluded_lines": 0}, "missing_lines": [], "excluded_lines": []}, "UpdateLearningPlanRequest": {"executed_lines": [], "summary": {"covered_lines": 0, "num_statements": 0, "percent_covered": 100.0, "percent_covered_display": "100", "missing_lines": 0, "excluded_lines": 0}, "missing_lines": [], "excluded_lines": []}, "CreateStudyRecordRequest": {"executed_lines": [], "summary": {"covered_lines": 0, "num_statements": 0, "percent_covered": 100.0, "percent_covered_display": "100", "missing_lines": 0, "excluded_lines": 0}, "missing_lines": [], "excluded_lines": []}, "CreateAchievementRequest": {"executed_lines": [], "summary": {"covered_lines": 0, "num_statements": 0, "percent_covered": 100.0, "percent_covered_display": "100", "missing_lines": 0, "excluded_lines": 0}, "missing_lines": [], "excluded_lines": []}, "LearningPlanResponse": {"executed_lines": [], "summary": {"covered_lines": 0, "num_statements": 0, "percent_covered": 100.0, "percent_covered_display": "100", "missing_lines": 0, "excluded_lines": 0}, "missing_lines": [], "excluded_lines": []}, "StudyRecordResponse": {"executed_lines": [], "summary": {"covered_lines": 0, "num_statements": 0, "percent_covered": 100.0, "percent_covered_display": "100", "missing_lines": 0, "excluded_lines": 0}, "missing_lines": [], "excluded_lines": []}, "AchievementResponse": {"executed_lines": [], "summary": {"covered_lines": 0, "num_statements": 0, "percent_covered": 100.0, "percent_covered_display": "100", "missing_lines": 0, "excluded_lines": 0}, "missing_lines": [], "excluded_lines": []}, "UserAchievementResponse": {"executed_lines": [], "summary": {"covered_lines": 0, "num_statements": 0, "percent_covered": 100.0, "percent_covered_display": "100", "missing_lines": 0, "excluded_lines": 0}, "missing_lines": [], "excluded_lines": []}, "GrowthStatsResponse": {"executed_lines": [], "summary": {"covered_lines": 0, "num_statements": 0, "percent_covered": 100.0, "percent_covered_display": "100", "missing_lines": 0, "excluded_lines": 0}, "missing_lines": [], "excluded_lines": []}, "LearningPlanListResponse": {"executed_lines": [], "summary": {"covered_lines": 0, "num_statements": 0, "percent_covered": 100.0, "percent_covered_display": "100", "missing_lines": 0, "excluded_lines": 0}, "missing_lines": [], "excluded_lines": []}, "StudyRecordListResponse": {"executed_lines": [], "summary": {"covered_lines": 0, "num_statements": 0, "percent_covered": 100.0, "percent_covered_display": "100", "missing_lines": 0, "excluded_lines": 0}, "missing_lines": [], "excluded_lines": []}, "": {"executed_lines": [], "summary": {"covered_lines": 0, "num_statements": 338, "percent_covered": 0.0, "percent_covered_display": "0", "missing_lines": 338, "excluded_lines": 0}, "missing_lines": [11, 12, 13, 14, 15, 17, 18, 19, 20, 22, 23, 27, 29, 30, 31, 32, 33, 34, 35, 38, 40, 41, 42, 43, 44, 45, 46, 47, 50, 52, 53, 54, 55, 56, 57, 58, 59, 62, 64, 65, 66, 67, 68, 69, 73, 75, 76, 77, 78, 79, 80, 81, 82, 83, 84, 85, 86, 87, 90, 92, 93, 94, 95, 96, 97, 98, 99, 100, 101, 102, 105, 107, 108, 109, 110, 111, 112, 113, 114, 115, 118, 120, 121, 122, 125, 127, 128, 129, 130, 131, 132, 133, 134, 135, 138, 140, 141, 142, 143, 144, 147, 149, 150, 151, 152, 153, 156, 161, 162, 163, 164, 165, 172, 178, 190, 192, 195, 196, 197, 212, 215, 216, 219, 220, 221, 222, 224, 232, 233, 239, 245, 255, 257, 258, 264, 266, 282, 284, 285, 289, 290, 296, 302, 312, 314, 316, 317, 322, 338, 340, 341, 345, 346, 352, 358, 369, 371, 372, 373, 379, 394, 396, 397, 401, 402, 408, 413, 423, 425, 426, 435, 441, 442, 443, 444, 451, 457, 471, 473, 529, 531, 532, 534, 535, 537, 538, 540, 541, 544, 545, 546, 547, 549, 557, 558, 564, 570, 579, 581, 582, 588, 589, 595, 598, 599, 600, 602, 616, 618, 619, 623, 624, 625, 626, 632, 638, 647, 649, 650, 656, 685, 687, 688, 689, 690, 696, 701, 710, 712, 713, 722, 728, 729, 730, 731, 738, 744, 754, 756, 804, 805, 808, 809, 810, 821, 823, 825, 826, 832, 838, 847, 849, 883, 884, 885, 886, 891, 893, 895, 896, 902, 908, 918, 920, 921, 926, 927, 933, 935, 947, 949, 950, 954, 955, 956, 957, 964, 970, 979, 981, 984, 985, 986, 993, 1003, 1024, 1036, 1038, 1039, 1045, 1050, 1061, 1063, 1065, 1067, 1068, 1070, 1071, 1073, 1074, 1080, 1081, 1088, 1096, 1097, 1098, 1105, 1126, 1127, 1133, 1138, 1150, 1152, 1154, 1156, 1188, 1190, 1212, 1214, 1238, 1240, 1241, 1242, 1243, 1244, 1245, 1246, 1247, 1249, 1250, 1251, 1252, 1253, 1254, 1255, 1258, 1260, 1261], "excluded_lines": []}}}, "api/v1/health.py": {"executed_lines": [], "summary": {"covered_lines": 0, "num_statements": 59, "percent_covered": 0.0, "percent_covered_display": "0", "missing_lines": 59, "excluded_lines": 0}, "missing_lines": [7, 8, 9, 10, 12, 13, 14, 16, 19, 21, 22, 23, 24, 25, 28, 30, 31, 32, 35, 41, 54, 55, 58, 59, 60, 61, 62, 64, 73, 74, 79, 82, 83, 84, 85, 86, 87, 88, 90, 99, 100, 107, 116, 121, 129, 131, 132, 134, 135, 136, 142, 147, 153, 156, 161, 169, 170, 173, 175], "excluded_lines": [], "functions": {"health_check": {"executed_lines": [], "summary": {"covered_lines": 0, "num_statements": 22, "percent_covered": 0.0, "percent_covered_display": "0", "missing_lines": 22, "excluded_lines": 0}, "missing_lines": [54, 55, 58, 59, 60, 61, 62, 64, 73, 74, 79, 82, 83, 84, 85, 86, 87, 88, 90, 99, 100, 107], "excluded_lines": []}, "readiness_check": {"executed_lines": [], "summary": {"covered_lines": 0, "num_statements": 6, "percent_covered": 0.0, "percent_covered_display": "0", "missing_lines": 6, "excluded_lines": 0}, "missing_lines": [129, 131, 132, 134, 135, 136], "excluded_lines": []}, "liveness_check": {"executed_lines": [], "summary": {"covered_lines": 0, "num_statements": 1, "percent_covered": 0.0, "percent_covered_display": "0", "missing_lines": 1, "excluded_lines": 0}, "missing_lines": [153], "excluded_lines": []}, "basic_metrics": {"executed_lines": [], "summary": {"covered_lines": 0, "num_statements": 4, "percent_covered": 0.0, "percent_covered_display": "0", "missing_lines": 4, "excluded_lines": 0}, "missing_lines": [169, 170, 173, 175], "excluded_lines": []}, "": {"executed_lines": [], "summary": {"covered_lines": 0, "num_statements": 26, "percent_covered": 0.0, "percent_covered_display": "0", "missing_lines": 26, "excluded_lines": 0}, "missing_lines": [7, 8, 9, 10, 12, 13, 14, 16, 19, 21, 22, 23, 24, 25, 28, 30, 31, 32, 35, 41, 116, 121, 142, 147, 156, 161], "excluded_lines": []}}, "classes": {"HealthStatus": {"executed_lines": [], "summary": {"covered_lines": 0, "num_statements": 0, "percent_covered": 100.0, "percent_covered_display": "100", "missing_lines": 0, "excluded_lines": 0}, "missing_lines": [], "excluded_lines": []}, "ServiceStatus": {"executed_lines": [], "summary": {"covered_lines": 0, "num_statements": 0, "percent_covered": 100.0, "percent_covered_display": "100", "missing_lines": 0, "excluded_lines": 0}, "missing_lines": [], "excluded_lines": []}, "": {"executed_lines": [], "summary": {"covered_lines": 0, "num_statements": 59, "percent_covered": 0.0, "percent_covered_display": "0", "missing_lines": 59, "excluded_lines": 0}, "missing_lines": [7, 8, 9, 10, 12, 13, 14, 16, 19, 21, 22, 23, 24, 25, 28, 30, 31, 32, 35, 41, 54, 55, 58, 59, 60, 61, 62, 64, 73, 74, 79, 82, 83, 84, 85, 86, 87, 88, 90, 99, 100, 107, 116, 121, 129, 131, 132, 134, 135, 136, 142, 147, 153, 156, 161, 169, 170, 173, 175], "excluded_lines": []}}}, "api/v1/skills.py": {"executed_lines": [], "summary": {"covered_lines": 0, "num_statements": 215, "percent_covered": 0.0, "percent_covered_display": "0", "missing_lines": 215, "excluded_lines": 0}, "missing_lines": [11, 12, 13, 14, 16, 17, 18, 19, 20, 21, 23, 24, 28, 30, 31, 32, 33, 34, 37, 39, 40, 41, 42, 45, 47, 48, 49, 50, 54, 56, 57, 58, 59, 60, 61, 62, 65, 67, 68, 69, 70, 71, 72, 73, 74, 75, 76, 77, 78, 81, 83, 84, 85, 86, 87, 90, 92, 93, 96, 98, 99, 100, 101, 104, 109, 110, 111, 112, 113, 119, 125, 138, 140, 146, 147, 148, 149, 152, 153, 154, 164, 172, 173, 179, 185, 195, 197, 205, 208, 218, 219, 223, 224, 228, 229, 235, 241, 251, 253, 256, 266, 267, 271, 272, 278, 283, 292, 294, 361, 363, 364, 370, 376, 385, 387, 389, 462, 467, 468, 474, 480, 490, 491, 494, 495, 501, 502, 511, 512, 515, 516, 517, 518, 519, 520, 521, 522, 523, 525, 540, 542, 543, 547, 548, 549, 550, 556, 562, 573, 574, 577, 578, 584, 585, 592, 607, 609, 610, 614, 615, 616, 617, 623, 628, 638, 639, 642, 643, 652, 658, 659, 660, 661, 667, 673, 683, 684, 687, 688, 694, 740, 742, 744, 749, 750, 751, 752, 758, 763, 773, 774, 777, 778, 793, 795, 804, 805, 806, 807, 813, 819, 828, 830, 864, 866, 867, 873, 879, 889, 890, 895, 944, 946, 954, 955], "excluded_lines": [], "functions": {"get_current_user_id": {"executed_lines": [], "summary": {"covered_lines": 0, "num_statements": 5, "percent_covered": 0.0, "percent_covered_display": "0", "missing_lines": 5, "excluded_lines": 0}, "missing_lines": [109, 110, 111, 112, 113], "excluded_lines": []}, "get_skills": {"executed_lines": [], "summary": {"covered_lines": 0, "num_statements": 12, "percent_covered": 0.0, "percent_covered_display": "0", "missing_lines": 12, "excluded_lines": 0}, "missing_lines": [138, 140, 146, 147, 148, 149, 152, 153, 154, 164, 172, 173], "excluded_lines": []}, "create_skill": {"executed_lines": [], "summary": {"covered_lines": 0, "num_statements": 10, "percent_covered": 0.0, "percent_covered_display": "0", "missing_lines": 10, "excluded_lines": 0}, "missing_lines": [195, 197, 205, 208, 218, 219, 223, 224, 228, 229], "excluded_lines": []}, "get_skill": {"executed_lines": [], "summary": {"covered_lines": 0, "num_statements": 7, "percent_covered": 0.0, "percent_covered_display": "0", "missing_lines": 7, "excluded_lines": 0}, "missing_lines": [251, 253, 256, 266, 267, 271, 272], "excluded_lines": []}, "get_skill_categories": {"executed_lines": [], "summary": {"covered_lines": 0, "num_statements": 5, "percent_covered": 0.0, "percent_covered_display": "0", "missing_lines": 5, "excluded_lines": 0}, "missing_lines": [292, 294, 361, 363, 364], "excluded_lines": []}, "get_my_skills": {"executed_lines": [], "summary": {"covered_lines": 0, "num_statements": 6, "percent_covered": 0.0, "percent_covered_display": "0", "missing_lines": 6, "excluded_lines": 0}, "missing_lines": [385, 387, 389, 462, 467, 468], "excluded_lines": []}, "add_my_skill": {"executed_lines": [], "summary": {"covered_lines": 0, "num_statements": 25, "percent_covered": 0.0, "percent_covered_display": "0", "missing_lines": 25, "excluded_lines": 0}, "missing_lines": [490, 491, 494, 495, 501, 502, 511, 512, 515, 516, 517, 518, 519, 520, 521, 522, 523, 525, 540, 542, 543, 547, 548, 549, 550], "excluded_lines": []}, "update_my_skill": {"executed_lines": [], "summary": {"covered_lines": 0, "num_statements": 14, "percent_covered": 0.0, "percent_covered_display": "0", "missing_lines": 14, "excluded_lines": 0}, "missing_lines": [573, 574, 577, 578, 584, 585, 592, 607, 609, 610, 614, 615, 616, 617], "excluded_lines": []}, "delete_my_skill": {"executed_lines": [], "summary": {"covered_lines": 0, "num_statements": 9, "percent_covered": 0.0, "percent_covered_display": "0", "missing_lines": 9, "excluded_lines": 0}, "missing_lines": [638, 639, 642, 643, 652, 658, 659, 660, 661], "excluded_lines": []}, "get_user_skills": {"executed_lines": [], "summary": {"covered_lines": 0, "num_statements": 12, "percent_covered": 0.0, "percent_covered_display": "0", "missing_lines": 12, "excluded_lines": 0}, "missing_lines": [683, 684, 687, 688, 694, 740, 742, 744, 749, 750, 751, 752], "excluded_lines": []}, "request_skill_verification": {"executed_lines": [], "summary": {"covered_lines": 0, "num_statements": 10, "percent_covered": 0.0, "percent_covered_display": "0", "missing_lines": 10, "excluded_lines": 0}, "missing_lines": [773, 774, 777, 778, 793, 795, 804, 805, 806, 807], "excluded_lines": []}, "get_skill_stats": {"executed_lines": [], "summary": {"covered_lines": 0, "num_statements": 5, "percent_covered": 0.0, "percent_covered_display": "0", "missing_lines": 5, "excluded_lines": 0}, "missing_lines": [828, 830, 864, 866, 867], "excluded_lines": []}, "get_skill_recommendations": {"executed_lines": [], "summary": {"covered_lines": 0, "num_statements": 7, "percent_covered": 0.0, "percent_covered_display": "0", "missing_lines": 7, "excluded_lines": 0}, "missing_lines": [889, 890, 895, 944, 946, 954, 955], "excluded_lines": []}, "": {"executed_lines": [], "summary": {"covered_lines": 0, "num_statements": 88, "percent_covered": 0.0, "percent_covered_display": "0", "missing_lines": 88, "excluded_lines": 0}, "missing_lines": [11, 12, 13, 14, 16, 17, 18, 19, 20, 21, 23, 24, 28, 30, 31, 32, 33, 34, 37, 39, 40, 41, 42, 45, 47, 48, 49, 50, 54, 56, 57, 58, 59, 60, 61, 62, 65, 67, 68, 69, 70, 71, 72, 73, 74, 75, 76, 77, 78, 81, 83, 84, 85, 86, 87, 90, 92, 93, 96, 98, 99, 100, 101, 104, 119, 125, 179, 185, 235, 241, 278, 283, 370, 376, 474, 480, 556, 562, 623, 628, 667, 673, 758, 763, 813, 819, 873, 879], "excluded_lines": []}}, "classes": {"AddUserSkillRequest": {"executed_lines": [], "summary": {"covered_lines": 0, "num_statements": 0, "percent_covered": 100.0, "percent_covered_display": "100", "missing_lines": 0, "excluded_lines": 0}, "missing_lines": [], "excluded_lines": []}, "UpdateUserSkillRequest": {"executed_lines": [], "summary": {"covered_lines": 0, "num_statements": 0, "percent_covered": 100.0, "percent_covered_display": "100", "missing_lines": 0, "excluded_lines": 0}, "missing_lines": [], "excluded_lines": []}, "CreateSkillRequest": {"executed_lines": [], "summary": {"covered_lines": 0, "num_statements": 0, "percent_covered": 100.0, "percent_covered_display": "100", "missing_lines": 0, "excluded_lines": 0}, "missing_lines": [], "excluded_lines": []}, "SkillResponse": {"executed_lines": [], "summary": {"covered_lines": 0, "num_statements": 0, "percent_covered": 100.0, "percent_covered_display": "100", "missing_lines": 0, "excluded_lines": 0}, "missing_lines": [], "excluded_lines": []}, "UserSkillResponse": {"executed_lines": [], "summary": {"covered_lines": 0, "num_statements": 0, "percent_covered": 100.0, "percent_covered_display": "100", "missing_lines": 0, "excluded_lines": 0}, "missing_lines": [], "excluded_lines": []}, "SkillListResponse": {"executed_lines": [], "summary": {"covered_lines": 0, "num_statements": 0, "percent_covered": 100.0, "percent_covered_display": "100", "missing_lines": 0, "excluded_lines": 0}, "missing_lines": [], "excluded_lines": []}, "UserSkillListResponse": {"executed_lines": [], "summary": {"covered_lines": 0, "num_statements": 0, "percent_covered": 100.0, "percent_covered_display": "100", "missing_lines": 0, "excluded_lines": 0}, "missing_lines": [], "excluded_lines": []}, "SkillStatsResponse": {"executed_lines": [], "summary": {"covered_lines": 0, "num_statements": 0, "percent_covered": 100.0, "percent_covered_display": "100", "missing_lines": 0, "excluded_lines": 0}, "missing_lines": [], "excluded_lines": []}, "": {"executed_lines": [], "summary": {"covered_lines": 0, "num_statements": 215, "percent_covered": 0.0, "percent_covered_display": "0", "missing_lines": 215, "excluded_lines": 0}, "missing_lines": [11, 12, 13, 14, 16, 17, 18, 19, 20, 21, 23, 24, 28, 30, 31, 32, 33, 34, 37, 39, 40, 41, 42, 45, 47, 48, 49, 50, 54, 56, 57, 58, 59, 60, 61, 62, 65, 67, 68, 69, 70, 71, 72, 73, 74, 75, 76, 77, 78, 81, 83, 84, 85, 86, 87, 90, 92, 93, 96, 98, 99, 100, 101, 104, 109, 110, 111, 112, 113, 119, 125, 138, 140, 146, 147, 148, 149, 152, 153, 154, 164, 172, 173, 179, 185, 195, 197, 205, 208, 218, 219, 223, 224, 228, 229, 235, 241, 251, 253, 256, 266, 267, 271, 272, 278, 283, 292, 294, 361, 363, 364, 370, 376, 385, 387, 389, 462, 467, 468, 474, 480, 490, 491, 494, 495, 501, 502, 511, 512, 515, 516, 517, 518, 519, 520, 521, 522, 523, 525, 540, 542, 543, 547, 548, 549, 550, 556, 562, 573, 574, 577, 578, 584, 585, 592, 607, 609, 610, 614, 615, 616, 617, 623, 628, 638, 639, 642, 643, 652, 658, 659, 660, 661, 667, 673, 683, 684, 687, 688, 694, 740, 742, 744, 749, 750, 751, 752, 758, 763, 773, 774, 777, 778, 793, 795, 804, 805, 806, 807, 813, 819, 828, 830, 864, 866, 867, 873, 879, 889, 890, 895, 944, 946, 954, 955], "excluded_lines": []}}}, "api/v1/tasks.py": {"executed_lines": [], "summary": {"covered_lines": 0, "num_statements": 253, "percent_covered": 0.0, "percent_covered_display": "0", "missing_lines": 253, "excluded_lines": 0}, "missing_lines": [11, 12, 13, 14, 15, 17, 18, 19, 20, 21, 22, 24, 25, 29, 31, 32, 33, 34, 35, 36, 37, 38, 39, 40, 41, 44, 46, 47, 48, 49, 50, 51, 52, 53, 54, 55, 58, 60, 61, 65, 67, 68, 69, 70, 71, 72, 73, 74, 75, 76, 77, 78, 79, 80, 81, 82, 83, 84, 85, 86, 87, 90, 92, 93, 94, 95, 96, 99, 101, 102, 103, 104, 105, 106, 107, 108, 111, 116, 117, 118, 119, 120, 126, 132, 143, 145, 160, 163, 164, 167, 191, 192, 196, 197, 203, 209, 228, 230, 241, 242, 243, 246, 247, 249, 250, 253, 254, 255, 256, 258, 283, 285, 293, 294, 300, 306, 317, 319, 321, 322, 328, 329, 332, 333, 334, 335, 338, 362, 363, 367, 368, 374, 380, 392, 394, 408, 411, 412, 415, 416, 417, 418, 421, 445, 446, 450, 451, 455, 456, 460, 461, 467, 472, 482, 484, 486, 487, 489, 494, 495, 499, 500, 504, 505, 511, 517, 529, 531, 539, 540, 543, 554, 555, 559, 560, 564, 565, 569, 570, 576, 582, 593, 595, 601, 602, 604, 605, 607, 618, 620, 621, 625, 626, 630, 631, 637, 642, 654, 655, 657, 662, 665, 670, 672, 673, 675, 680, 681, 685, 686, 690, 691, 695, 696, 702, 708, 721, 723, 729, 730, 731, 734, 735, 737, 738, 741, 742, 743, 744, 746, 771, 773, 781, 782, 788, 794, 807, 809, 816, 817, 820, 821, 823, 824, 827, 828, 829, 830, 832, 857, 859, 867, 868], "excluded_lines": [], "functions": {"get_current_user_id": {"executed_lines": [], "summary": {"covered_lines": 0, "num_statements": 5, "percent_covered": 0.0, "percent_covered_display": "0", "missing_lines": 5, "excluded_lines": 0}, "missing_lines": [116, 117, 118, 119, 120], "excluded_lines": []}, "create_task": {"executed_lines": [], "summary": {"covered_lines": 0, "num_statements": 10, "percent_covered": 0.0, "percent_covered_display": "0", "missing_lines": 10, "excluded_lines": 0}, "missing_lines": [143, 145, 160, 163, 164, 167, 191, 192, 196, 197], "excluded_lines": []}, "get_tasks": {"executed_lines": [], "summary": {"covered_lines": 0, "num_statements": 18, "percent_covered": 0.0, "percent_covered_display": "0", "missing_lines": 18, "excluded_lines": 0}, "missing_lines": [228, 230, 241, 242, 243, 246, 247, 249, 250, 253, 254, 255, 256, 258, 283, 285, 293, 294], "excluded_lines": []}, "get_task": {"executed_lines": [], "summary": {"covered_lines": 0, "num_statements": 15, "percent_covered": 0.0, "percent_covered_display": "0", "missing_lines": 15, "excluded_lines": 0}, "missing_lines": [317, 319, 321, 322, 328, 329, 332, 333, 334, 335, 338, 362, 363, 367, 368], "excluded_lines": []}, "update_task": {"executed_lines": [], "summary": {"covered_lines": 0, "num_statements": 18, "percent_covered": 0.0, "percent_covered_display": "0", "missing_lines": 18, "excluded_lines": 0}, "missing_lines": [392, 394, 408, 411, 412, 415, 416, 417, 418, 421, 445, 446, 450, 451, 455, 456, 460, 461], "excluded_lines": []}, "delete_task": {"executed_lines": [], "summary": {"covered_lines": 0, "num_statements": 11, "percent_covered": 0.0, "percent_covered_display": "0", "missing_lines": 11, "excluded_lines": 0}, "missing_lines": [482, 484, 486, 487, 489, 494, 495, 499, 500, 504, 505], "excluded_lines": []}, "apply_task": {"executed_lines": [], "summary": {"covered_lines": 0, "num_statements": 13, "percent_covered": 0.0, "percent_covered_display": "0", "missing_lines": 13, "excluded_lines": 0}, "missing_lines": [529, 531, 539, 540, 543, 554, 555, 559, 560, 564, 565, 569, 570], "excluded_lines": []}, "get_task_applications": {"executed_lines": [], "summary": {"covered_lines": 0, "num_statements": 14, "percent_covered": 0.0, "percent_covered_display": "0", "missing_lines": 14, "excluded_lines": 0}, "missing_lines": [593, 595, 601, 602, 604, 605, 607, 618, 620, 621, 625, 626, 630, 631], "excluded_lines": []}, "handle_task_application": {"executed_lines": [], "summary": {"covered_lines": 0, "num_statements": 17, "percent_covered": 0.0, "percent_covered_display": "0", "missing_lines": 17, "excluded_lines": 0}, "missing_lines": [654, 655, 657, 662, 665, 670, 672, 673, 675, 680, 681, 685, 686, 690, 691, 695, 696], "excluded_lines": []}, "get_my_published_tasks": {"executed_lines": [], "summary": {"covered_lines": 0, "num_statements": 18, "percent_covered": 0.0, "percent_covered_display": "0", "missing_lines": 18, "excluded_lines": 0}, "missing_lines": [721, 723, 729, 730, 731, 734, 735, 737, 738, 741, 742, 743, 744, 746, 771, 773, 781, 782], "excluded_lines": []}, "get_my_applied_tasks": {"executed_lines": [], "summary": {"covered_lines": 0, "num_statements": 17, "percent_covered": 0.0, "percent_covered_display": "0", "missing_lines": 17, "excluded_lines": 0}, "missing_lines": [807, 809, 816, 817, 820, 821, 823, 824, 827, 828, 829, 830, 832, 857, 859, 867, 868], "excluded_lines": []}, "": {"executed_lines": [], "summary": {"covered_lines": 0, "num_statements": 97, "percent_covered": 0.0, "percent_covered_display": "0", "missing_lines": 97, "excluded_lines": 0}, "missing_lines": [11, 12, 13, 14, 15, 17, 18, 19, 20, 21, 22, 24, 25, 29, 31, 32, 33, 34, 35, 36, 37, 38, 39, 40, 41, 44, 46, 47, 48, 49, 50, 51, 52, 53, 54, 55, 58, 60, 61, 65, 67, 68, 69, 70, 71, 72, 73, 74, 75, 76, 77, 78, 79, 80, 81, 82, 83, 84, 85, 86, 87, 90, 92, 93, 94, 95, 96, 99, 101, 102, 103, 104, 105, 106, 107, 108, 111, 126, 132, 203, 209, 300, 306, 374, 380, 467, 472, 511, 517, 576, 582, 637, 642, 702, 708, 788, 794], "excluded_lines": []}}, "classes": {"CreateTaskRequest": {"executed_lines": [], "summary": {"covered_lines": 0, "num_statements": 0, "percent_covered": 100.0, "percent_covered_display": "100", "missing_lines": 0, "excluded_lines": 0}, "missing_lines": [], "excluded_lines": []}, "UpdateTaskRequest": {"executed_lines": [], "summary": {"covered_lines": 0, "num_statements": 0, "percent_covered": 100.0, "percent_covered_display": "100", "missing_lines": 0, "excluded_lines": 0}, "missing_lines": [], "excluded_lines": []}, "ApplyTaskRequest": {"executed_lines": [], "summary": {"covered_lines": 0, "num_statements": 0, "percent_covered": 100.0, "percent_covered_display": "100", "missing_lines": 0, "excluded_lines": 0}, "missing_lines": [], "excluded_lines": []}, "TaskResponse": {"executed_lines": [], "summary": {"covered_lines": 0, "num_statements": 0, "percent_covered": 100.0, "percent_covered_display": "100", "missing_lines": 0, "excluded_lines": 0}, "missing_lines": [], "excluded_lines": []}, "TaskListResponse": {"executed_lines": [], "summary": {"covered_lines": 0, "num_statements": 0, "percent_covered": 100.0, "percent_covered_display": "100", "missing_lines": 0, "excluded_lines": 0}, "missing_lines": [], "excluded_lines": []}, "TaskApplicationResponse": {"executed_lines": [], "summary": {"covered_lines": 0, "num_statements": 0, "percent_covered": 100.0, "percent_covered_display": "100", "missing_lines": 0, "excluded_lines": 0}, "missing_lines": [], "excluded_lines": []}, "": {"executed_lines": [], "summary": {"covered_lines": 0, "num_statements": 253, "percent_covered": 0.0, "percent_covered_display": "0", "missing_lines": 253, "excluded_lines": 0}, "missing_lines": [11, 12, 13, 14, 15, 17, 18, 19, 20, 21, 22, 24, 25, 29, 31, 32, 33, 34, 35, 36, 37, 38, 39, 40, 41, 44, 46, 47, 48, 49, 50, 51, 52, 53, 54, 55, 58, 60, 61, 65, 67, 68, 69, 70, 71, 72, 73, 74, 75, 76, 77, 78, 79, 80, 81, 82, 83, 84, 85, 86, 87, 90, 92, 93, 94, 95, 96, 99, 101, 102, 103, 104, 105, 106, 107, 108, 111, 116, 117, 118, 119, 120, 126, 132, 143, 145, 160, 163, 164, 167, 191, 192, 196, 197, 203, 209, 228, 230, 241, 242, 243, 246, 247, 249, 250, 253, 254, 255, 256, 258, 283, 285, 293, 294, 300, 306, 317, 319, 321, 322, 328, 329, 332, 333, 334, 335, 338, 362, 363, 367, 368, 374, 380, 392, 394, 408, 411, 412, 415, 416, 417, 418, 421, 445, 446, 450, 451, 455, 456, 460, 461, 467, 472, 482, 484, 486, 487, 489, 494, 495, 499, 500, 504, 505, 511, 517, 529, 531, 539, 540, 543, 554, 555, 559, 560, 564, 565, 569, 570, 576, 582, 593, 595, 601, 602, 604, 605, 607, 618, 620, 621, 625, 626, 630, 631, 637, 642, 654, 655, 657, 662, 665, 670, 672, 673, 675, 680, 681, 685, 686, 690, 691, 695, 696, 702, 708, 721, 723, 729, 730, 731, 734, 735, 737, 738, 741, 742, 743, 744, 746, 771, 773, 781, 782, 788, 794, 807, 809, 816, 817, 820, 821, 823, 824, 827, 828, 829, 830, 832, 857, 859, 867, 868], "excluded_lines": []}}}, "api/v1/users.py": {"executed_lines": [], "summary": {"covered_lines": 0, "num_statements": 153, "percent_covered": 0.0, "percent_covered_display": "0", "missing_lines": 153, "excluded_lines": 0}, "missing_lines": [11, 12, 13, 14, 16, 17, 18, 19, 21, 22, 26, 28, 29, 30, 31, 32, 33, 34, 35, 38, 40, 41, 45, 47, 48, 49, 50, 51, 52, 53, 54, 55, 56, 57, 58, 59, 60, 61, 64, 66, 67, 68, 69, 70, 73, 75, 76, 77, 78, 79, 80, 81, 84, 89, 90, 91, 92, 93, 99, 105, 114, 115, 116, 117, 119, 136, 137, 143, 149, 159, 161, 162, 163, 164, 166, 167, 170, 171, 172, 173, 175, 176, 177, 178, 181, 183, 200, 201, 205, 206, 212, 218, 228, 229, 230, 231, 234, 236, 237, 239, 240, 242, 259, 260, 266, 272, 286, 288, 289, 290, 293, 294, 295, 296, 297, 300, 308, 309, 310, 328, 330, 337, 338, 344, 350, 359, 361, 362, 363, 366, 368, 369, 370, 376, 381, 392, 394, 395, 396, 399, 400, 403, 404, 405, 407, 408, 410, 411, 412, 416, 417, 421, 422], "excluded_lines": [], "functions": {"get_current_user_id": {"executed_lines": [], "summary": {"covered_lines": 0, "num_statements": 5, "percent_covered": 0.0, "percent_covered_display": "0", "missing_lines": 5, "excluded_lines": 0}, "missing_lines": [89, 90, 91, 92, 93], "excluded_lines": []}, "get_current_user_profile": {"executed_lines": [], "summary": {"covered_lines": 0, "num_statements": 7, "percent_covered": 0.0, "percent_covered_display": "0", "missing_lines": 7, "excluded_lines": 0}, "missing_lines": [114, 115, 116, 117, 119, 136, 137], "excluded_lines": []}, "update_current_user_profile": {"executed_lines": [], "summary": {"covered_lines": 0, "num_statements": 21, "percent_covered": 0.0, "percent_covered_display": "0", "missing_lines": 21, "excluded_lines": 0}, "missing_lines": [159, 161, 162, 163, 164, 166, 167, 170, 171, 172, 173, 175, 176, 177, 178, 181, 183, 200, 201, 205, 206], "excluded_lines": []}, "get_user_by_id": {"executed_lines": [], "summary": {"covered_lines": 0, "num_statements": 12, "percent_covered": 0.0, "percent_covered_display": "0", "missing_lines": 12, "excluded_lines": 0}, "missing_lines": [228, 229, 230, 231, 234, 236, 237, 239, 240, 242, 259, 260], "excluded_lines": []}, "get_users": {"executed_lines": [], "summary": {"covered_lines": 0, "num_statements": 17, "percent_covered": 0.0, "percent_covered_display": "0", "missing_lines": 17, "excluded_lines": 0}, "missing_lines": [286, 288, 289, 290, 293, 294, 295, 296, 297, 300, 308, 309, 310, 328, 330, 337, 338], "excluded_lines": []}, "get_user_stats": {"executed_lines": [], "summary": {"covered_lines": 0, "num_statements": 8, "percent_covered": 0.0, "percent_covered_display": "0", "missing_lines": 8, "excluded_lines": 0}, "missing_lines": [359, 361, 362, 363, 366, 368, 369, 370], "excluded_lines": []}, "update_user_status": {"executed_lines": [], "summary": {"covered_lines": 0, "num_statements": 18, "percent_covered": 0.0, "percent_covered_display": "0", "missing_lines": 18, "excluded_lines": 0}, "missing_lines": [392, 394, 395, 396, 399, 400, 403, 404, 405, 407, 408, 410, 411, 412, 416, 417, 421, 422], "excluded_lines": []}, "": {"executed_lines": [], "summary": {"covered_lines": 0, "num_statements": 65, "percent_covered": 0.0, "percent_covered_display": "0", "missing_lines": 65, "excluded_lines": 0}, "missing_lines": [11, 12, 13, 14, 16, 17, 18, 19, 21, 22, 26, 28, 29, 30, 31, 32, 33, 34, 35, 38, 40, 41, 45, 47, 48, 49, 50, 51, 52, 53, 54, 55, 56, 57, 58, 59, 60, 61, 64, 66, 67, 68, 69, 70, 73, 75, 76, 77, 78, 79, 80, 81, 84, 99, 105, 143, 149, 212, 218, 266, 272, 344, 350, 376, 381], "excluded_lines": []}}, "classes": {"UpdateUserRequest": {"executed_lines": [], "summary": {"covered_lines": 0, "num_statements": 0, "percent_covered": 100.0, "percent_covered_display": "100", "missing_lines": 0, "excluded_lines": 0}, "missing_lines": [], "excluded_lines": []}, "UpdateUserStatusRequest": {"executed_lines": [], "summary": {"covered_lines": 0, "num_statements": 0, "percent_covered": 100.0, "percent_covered_display": "100", "missing_lines": 0, "excluded_lines": 0}, "missing_lines": [], "excluded_lines": []}, "UserResponse": {"executed_lines": [], "summary": {"covered_lines": 0, "num_statements": 0, "percent_covered": 100.0, "percent_covered_display": "100", "missing_lines": 0, "excluded_lines": 0}, "missing_lines": [], "excluded_lines": []}, "UserListResponse": {"executed_lines": [], "summary": {"covered_lines": 0, "num_statements": 0, "percent_covered": 100.0, "percent_covered_display": "100", "missing_lines": 0, "excluded_lines": 0}, "missing_lines": [], "excluded_lines": []}, "UserStatsResponse": {"executed_lines": [], "summary": {"covered_lines": 0, "num_statements": 0, "percent_covered": 100.0, "percent_covered_display": "100", "missing_lines": 0, "excluded_lines": 0}, "missing_lines": [], "excluded_lines": []}, "": {"executed_lines": [], "summary": {"covered_lines": 0, "num_statements": 153, "percent_covered": 0.0, "percent_covered_display": "0", "missing_lines": 153, "excluded_lines": 0}, "missing_lines": [11, 12, 13, 14, 16, 17, 18, 19, 21, 22, 26, 28, 29, 30, 31, 32, 33, 34, 35, 38, 40, 41, 45, 47, 48, 49, 50, 51, 52, 53, 54, 55, 56, 57, 58, 59, 60, 61, 64, 66, 67, 68, 69, 70, 73, 75, 76, 77, 78, 79, 80, 81, 84, 89, 90, 91, 92, 93, 99, 105, 114, 115, 116, 117, 119, 136, 137, 143, 149, 159, 161, 162, 163, 164, 166, 167, 170, 171, 172, 173, 175, 176, 177, 178, 181, 183, 200, 201, 205, 206, 212, 218, 228, 229, 230, 231, 234, 236, 237, 239, 240, 242, 259, 260, 266, 272, 286, 288, 289, 290, 293, 294, 295, 296, 297, 300, 308, 309, 310, 328, 330, 337, 338, 344, 350, 359, 361, 362, 363, 366, 368, 369, 370, 376, 381, 392, 394, 395, 396, 399, 400, 403, 404, 405, 407, 408, 410, 411, 412, 416, 417, 421, 422], "excluded_lines": []}}}, "api/validation_demo.py": {"executed_lines": [], "summary": {"covered_lines": 0, "num_statements": 135, "percent_covered": 0.0, "percent_covered_display": "0", "missing_lines": 135, "excluded_lines": 0}, "missing_lines": [6, 7, 8, 9, 10, 11, 13, 33, 37, 39, 40, 41, 42, 43, 44, 45, 47, 48, 49, 50, 51, 54, 56, 57, 58, 61, 63, 64, 67, 69, 73, 80, 82, 83, 86, 88, 89, 90, 93, 95, 96, 97, 100, 102, 105, 106, 107, 109, 113, 146, 147, 149, 150, 151, 152, 155, 158, 162, 164, 165, 168, 169, 171, 172, 173, 176, 177, 178, 180, 184, 190, 194, 196, 197, 200, 201, 203, 205, 208, 212, 213, 222, 223, 229, 235, 236, 239, 240, 242, 244, 247, 248, 250, 256, 257, 260, 261, 263, 270, 271, 273, 274, 280, 281, 283, 284, 290, 291, 292, 294, 296, 303, 304, 307, 308, 310, 328, 329, 330, 332, 335, 336, 337, 339, 342, 343, 344, 346, 349, 350, 351, 353, 356, 357, 359], "excluded_lines": [], "functions": {"UserRegistrationRequest.passwords_match": {"executed_lines": [], "summary": {"covered_lines": 0, "num_statements": 3, "percent_covered": 0.0, "percent_covered_display": "0", "missing_lines": 3, "excluded_lines": 0}, "missing_lines": [49, 50, 51], "excluded_lines": []}, "check_username_unique": {"executed_lines": [], "summary": {"covered_lines": 0, "num_statements": 2, "percent_covered": 0.0, "percent_covered_display": "0", "missing_lines": 2, "excluded_lines": 0}, "missing_lines": [82, 83], "excluded_lines": []}, "check_email_unique": {"executed_lines": [], "summary": {"covered_lines": 0, "num_statements": 3, "percent_covered": 0.0, "percent_covered_display": "0", "missing_lines": 3, "excluded_lines": 0}, "missing_lines": [88, 89, 90], "excluded_lines": []}, "check_phone_unique": {"executed_lines": [], "summary": {"covered_lines": 0, "num_statements": 3, "percent_covered": 0.0, "percent_covered_display": "0", "missing_lines": 3, "excluded_lines": 0}, "missing_lines": [95, 96, 97], "excluded_lines": []}, "validate_password_strength": {"executed_lines": [], "summary": {"covered_lines": 0, "num_statements": 5, "percent_covered": 0.0, "percent_covered_display": "0", "missing_lines": 5, "excluded_lines": 0}, "missing_lines": [102, 105, 106, 107, 109], "excluded_lines": []}, "validate_field_endpoint": {"executed_lines": [], "summary": {"covered_lines": 0, "num_statements": 9, "percent_covered": 0.0, "percent_covered_display": "0", "missing_lines": 9, "excluded_lines": 0}, "missing_lines": [149, 150, 151, 152, 155, 158, 162, 164, 165], "excluded_lines": []}, "validate_form_endpoint": {"executed_lines": [], "summary": {"covered_lines": 0, "num_statements": 11, "percent_covered": 0.0, "percent_covered_display": "0", "missing_lines": 11, "excluded_lines": 0}, "missing_lines": [171, 172, 173, 176, 177, 180, 184, 190, 194, 196, 197], "excluded_lines": []}, "validate_form_endpoint.check_password_match": {"executed_lines": [], "summary": {"covered_lines": 0, "num_statements": 1, "percent_covered": 0.0, "percent_covered_display": "0", "missing_lines": 1, "excluded_lines": 0}, "missing_lines": [178], "excluded_lines": []}, "register_user": {"executed_lines": [], "summary": {"covered_lines": 0, "num_statements": 10, "percent_covered": 0.0, "percent_covered_display": "0", "missing_lines": 10, "excluded_lines": 0}, "missing_lines": [203, 205, 208, 212, 213, 222, 223, 229, 235, 236], "excluded_lines": []}, "set_exception_states": {"executed_lines": [], "summary": {"covered_lines": 0, "num_statements": 7, "percent_covered": 0.0, "percent_covered_display": "0", "missing_lines": 7, "excluded_lines": 0}, "missing_lines": [242, 244, 247, 248, 250, 256, 257], "excluded_lines": []}, "get_exception_states": {"executed_lines": [], "summary": {"covered_lines": 0, "num_statements": 1, "percent_covered": 0.0, "percent_covered_display": "0", "missing_lines": 1, "excluded_lines": 0}, "missing_lines": [263], "excluded_lines": []}, "clear_exception_states": {"executed_lines": [], "summary": {"covered_lines": 0, "num_statements": 2, "percent_covered": 0.0, "percent_covered_display": "0", "missing_lines": 2, "excluded_lines": 0}, "missing_lines": [273, 274], "excluded_lines": []}, "check_field_unique": {"executed_lines": [], "summary": {"covered_lines": 0, "num_statements": 9, "percent_covered": 0.0, "percent_covered_display": "0", "missing_lines": 9, "excluded_lines": 0}, "missing_lines": [283, 284, 290, 291, 292, 294, 296, 303, 304], "excluded_lines": []}, "get_demo_data": {"executed_lines": [], "summary": {"covered_lines": 0, "num_statements": 1, "percent_covered": 0.0, "percent_covered_display": "0", "missing_lines": 1, "excluded_lines": 0}, "missing_lines": [310], "excluded_lines": []}, "simulate_database_error": {"executed_lines": [], "summary": {"covered_lines": 0, "num_statements": 1, "percent_covered": 0.0, "percent_covered_display": "0", "missing_lines": 1, "excluded_lines": 0}, "missing_lines": [332], "excluded_lines": []}, "simulate_service_down": {"executed_lines": [], "summary": {"covered_lines": 0, "num_statements": 1, "percent_covered": 0.0, "percent_covered_display": "0", "missing_lines": 1, "excluded_lines": 0}, "missing_lines": [339], "excluded_lines": []}, "simulate_rate_limit": {"executed_lines": [], "summary": {"covered_lines": 0, "num_statements": 1, "percent_covered": 0.0, "percent_covered_display": "0", "missing_lines": 1, "excluded_lines": 0}, "missing_lines": [346], "excluded_lines": []}, "simulate_maintenance": {"executed_lines": [], "summary": {"covered_lines": 0, "num_statements": 1, "percent_covered": 0.0, "percent_covered_display": "0", "missing_lines": 1, "excluded_lines": 0}, "missing_lines": [353], "excluded_lines": []}, "health_check": {"executed_lines": [], "summary": {"covered_lines": 0, "num_statements": 1, "percent_covered": 0.0, "percent_covered_display": "0", "missing_lines": 1, "excluded_lines": 0}, "missing_lines": [359], "excluded_lines": []}, "": {"executed_lines": [], "summary": {"covered_lines": 0, "num_statements": 63, "percent_covered": 0.0, "percent_covered_display": "0", "missing_lines": 63, "excluded_lines": 0}, "missing_lines": [6, 7, 8, 9, 10, 11, 13, 33, 37, 39, 40, 41, 42, 43, 44, 45, 47, 48, 54, 56, 57, 58, 61, 63, 64, 67, 69, 73, 80, 86, 93, 100, 113, 146, 147, 168, 169, 200, 201, 239, 240, 260, 261, 270, 271, 280, 281, 307, 308, 328, 329, 330, 335, 336, 337, 342, 343, 344, 349, 350, 351, 356, 357], "excluded_lines": []}}, "classes": {"UserRegistrationRequest": {"executed_lines": [], "summary": {"covered_lines": 0, "num_statements": 3, "percent_covered": 0.0, "percent_covered_display": "0", "missing_lines": 3, "excluded_lines": 0}, "missing_lines": [49, 50, 51], "excluded_lines": []}, "FieldValidationRequest": {"executed_lines": [], "summary": {"covered_lines": 0, "num_statements": 0, "percent_covered": 100.0, "percent_covered_display": "100", "missing_lines": 0, "excluded_lines": 0}, "missing_lines": [], "excluded_lines": []}, "FormValidationRequest": {"executed_lines": [], "summary": {"covered_lines": 0, "num_statements": 0, "percent_covered": 100.0, "percent_covered_display": "100", "missing_lines": 0, "excluded_lines": 0}, "missing_lines": [], "excluded_lines": []}, "ExceptionStateRequest": {"executed_lines": [], "summary": {"covered_lines": 0, "num_statements": 0, "percent_covered": 100.0, "percent_covered_display": "100", "missing_lines": 0, "excluded_lines": 0}, "missing_lines": [], "excluded_lines": []}, "": {"executed_lines": [], "summary": {"covered_lines": 0, "num_statements": 132, "percent_covered": 0.0, "percent_covered_display": "0", "missing_lines": 132, "excluded_lines": 0}, "missing_lines": [6, 7, 8, 9, 10, 11, 13, 33, 37, 39, 40, 41, 42, 43, 44, 45, 47, 48, 54, 56, 57, 58, 61, 63, 64, 67, 69, 73, 80, 82, 83, 86, 88, 89, 90, 93, 95, 96, 97, 100, 102, 105, 106, 107, 109, 113, 146, 147, 149, 150, 151, 152, 155, 158, 162, 164, 165, 168, 169, 171, 172, 173, 176, 177, 178, 180, 184, 190, 194, 196, 197, 200, 201, 203, 205, 208, 212, 213, 222, 223, 229, 235, 236, 239, 240, 242, 244, 247, 248, 250, 256, 257, 260, 261, 263, 270, 271, 273, 274, 280, 281, 283, 284, 290, 291, 292, 294, 296, 303, 304, 307, 308, 310, 328, 329, 330, 332, 335, 336, 337, 339, 342, 343, 344, 346, 349, 350, 351, 353, 356, 357, 359], "excluded_lines": []}}}, "repositories/__init__.py": {"executed_lines": [], "summary": {"covered_lines": 0, "num_statements": 5, "percent_covered": 0.0, "percent_covered_display": "0", "missing_lines": 5, "excluded_lines": 0}, "missing_lines": [6, 7, 8, 9, 11], "excluded_lines": [], "functions": {"": {"executed_lines": [], "summary": {"covered_lines": 0, "num_statements": 5, "percent_covered": 0.0, "percent_covered_display": "0", "missing_lines": 5, "excluded_lines": 0}, "missing_lines": [6, 7, 8, 9, 11], "excluded_lines": []}}, "classes": {"": {"executed_lines": [], "summary": {"covered_lines": 0, "num_statements": 5, "percent_covered": 0.0, "percent_covered_display": "0", "missing_lines": 5, "excluded_lines": 0}, "missing_lines": [6, 7, 8, 9, 11], "excluded_lines": []}}}, "repositories/base.py": {"executed_lines": [], "summary": {"covered_lines": 0, "num_statements": 42, "percent_covered": 0.0, "percent_covered_display": "0", "missing_lines": 42, "excluded_lines": 0}, "missing_lines": [6, 7, 8, 10, 12, 15, 16, 18, 20, 21, 23, 25, 26, 28, 30, 31, 33, 35, 36, 38, 40, 41, 43, 45, 48, 49, 51, 53, 54, 56, 58, 59, 61, 63, 64, 66, 68, 69, 71, 73, 74, 76], "excluded_lines": [], "functions": {"BaseRepository.create": {"executed_lines": [], "summary": {"covered_lines": 0, "num_statements": 1, "percent_covered": 0.0, "percent_covered_display": "0", "missing_lines": 1, "excluded_lines": 0}, "missing_lines": [18], "excluded_lines": []}, "BaseRepository.get_by_id": {"executed_lines": [], "summary": {"covered_lines": 0, "num_statements": 1, "percent_covered": 0.0, "percent_covered_display": "0", "missing_lines": 1, "excluded_lines": 0}, "missing_lines": [23], "excluded_lines": []}, "BaseRepository.update": {"executed_lines": [], "summary": {"covered_lines": 0, "num_statements": 1, "percent_covered": 0.0, "percent_covered_display": "0", "missing_lines": 1, "excluded_lines": 0}, "missing_lines": [28], "excluded_lines": []}
[...]
, "percent_covered": 0.0, "percent_covered_display": "0", "missing_lines": 135, "excluded_lines": 0}, "missing_lines": [106, 107, 117, 118, 119, 122, 125, 126, 127, 130, 140, 144, 145, 146, 148, 159, 162, 168, 184, 185, 186, 189, 190, 191, 194, 197, 198, 201, 204, 214, 226, 227, 228, 229, 232, 233, 234, 237, 240, 250, 261, 262, 263, 264, 267, 268, 269, 272, 282, 283, 284, 287, 288, 302, 303, 304, 307, 308, 309, 312, 313, 316, 317, 318, 321, 324, 336, 337, 339, 355, 356, 357, 360, 361, 363, 364, 366, 367, 369, 370, 373, 384, 394, 395, 396, 399, 400, 404, 406, 423, 424, 427, 433, 443, 444, 445, 448, 449, 452, 457, 461, 462, 464, 465, 467, 468, 470, 471, 475, 476, 478, 480, 484, 485, 486, 487, 488, 489, 490, 491, 493, 497, 499, 500, 502, 503, 505, 506, 508, 509, 511, 512, 514, 515, 517], "excluded_lines": []}, "": {"executed_lines": [], "summary": {"covered_lines": 0, "num_statements": 85, "percent_covered": 0.0, "percent_covered_display": "0", "missing_lines": 85, "excluded_lines": 0}, "missing_lines": [6, 7, 8, 9, 10, 12, 13, 14, 15, 16, 24, 25, 27, 28, 29, 30, 31, 32, 35, 36, 38, 39, 40, 41, 42, 43, 46, 47, 49, 50, 51, 52, 53, 54, 55, 56, 57, 58, 61, 62, 64, 65, 66, 67, 68, 69, 70, 71, 72, 73, 76, 77, 79, 80, 81, 82, 83, 84, 87, 88, 90, 91, 92, 93, 94, 95, 98, 101, 109, 142, 150, 176, 216, 252, 274, 290, 341, 386, 402, 415, 435, 459, 473, 482, 495], "excluded_lines": []}}}, "services/task_service.py": {"executed_lines": [], "summary": {"covered_lines": 0, "num_statements": 252, "percent_covered": 0.0, "percent_covered_display": "0", "missing_lines": 252, "excluded_lines": 0}, "missing_lines": [6, 7, 8, 9, 10, 12, 13, 14, 15, 16, 24, 25, 27, 28, 29, 30, 31, 32, 33, 34, 35, 36, 37, 40, 41, 43, 44, 45, 46, 47, 48, 49, 50, 51, 52, 55, 56, 58, 59, 60, 61, 62, 63, 64, 65, 66, 67, 68, 69, 72, 73, 75, 76, 77, 78, 79, 80, 81, 82, 83, 84, 85, 88, 89, 91, 92, 93, 94, 95, 96, 97, 98, 99, 102, 105, 110, 111, 113, 121, 122, 123, 125, 126, 129, 132, 147, 149, 151, 152, 153, 156, 157, 159, 161, 169, 170, 171, 174, 175, 176, 177, 180, 181, 184, 185, 186, 187, 188, 189, 192, 193, 195, 198, 199, 200, 203, 204, 205, 206, 209, 210, 213, 215, 226, 229, 237, 245, 257, 258, 259, 262, 263, 264, 266, 267, 270, 271, 274, 275, 276, 279, 280, 282, 283, 286, 295, 297, 305, 306, 307, 309, 310, 311, 312, 315, 316, 318, 327, 328, 329, 331, 332, 334, 335, 338, 339, 340, 343, 349, 351, 360, 361, 362, 365, 366, 367, 370, 372, 380, 381, 382, 385, 386, 388, 389, 392, 394, 402, 403, 404, 407, 408, 409, 410, 412, 413, 416, 418, 420, 422, 434, 436, 437, 438, 440, 441, 443, 444, 446, 448, 449, 451, 452, 454, 456, 457, 459, 460, 462, 468, 469, 471, 472, 474, 476, 478, 480, 482, 483, 485, 486, 488, 489, 491, 492, 494, 495, 497, 498, 500, 501, 503, 504, 506, 507, 509, 510, 512, 513, 515, 516, 518], "excluded_lines": [], "functions": {"TaskService.__init__": {"executed_lines": [], "summary": {"covered_lines": 0, "num_statements": 2, "percent_covered": 0.0, "percent_covered_display": "0", "missing_lines": 2, "excluded_lines": 0}, "missing_lines": [110, 111], "excluded_lines": []}, "TaskService.create_task": {"executed_lines": [], "summary": {"covered_lines": 0, "num_statements": 8, "percent_covered": 0.0, "percent_covered_display": "0", "missing_lines": 8, "excluded_lines": 0}, "missing_lines": [121, 122, 123, 125, 126, 129, 132, 147], "excluded_lines": []}, "TaskService.get_task": {"executed_lines": [], "summary": {"covered_lines": 0, "num_statements": 6, "percent_covered": 0.0, "percent_covered_display": "0", "missing_lines": 6, "excluded_lines": 0}, "missing_lines": [151, 152, 153, 156, 157, 159], "excluded_lines": []}, "TaskService.update_task": {"executed_lines": [], "summary": {"covered_lines": 0, "num_statements": 17, "percent_covered": 0.0, "percent_covered_display": "0", "missing_lines": 17, "excluded_lines": 0}, "missing_lines": [169, 170, 171, 174, 175, 176, 177, 180, 181, 184, 185, 186, 187, 188, 189, 192, 193], "excluded_lines": []}, "TaskService.delete_task": {"executed_lines": [], "summary": {"covered_lines": 0, "num_statements": 10, "percent_covered": 0.0, "percent_covered_display": "0", "missing_lines": 10, "excluded_lines": 0}, "missing_lines": [198, 199, 200, 203, 204, 205, 206, 209, 210, 213], "excluded_lines": []}, "TaskService.search_tasks": {"executed_lines": [], "summary": {"covered_lines": 0, "num_statements": 3, "percent_covered": 0.0, "percent_covered_display": "0", "missing_lines": 3, "excluded_lines": 0}, "missing_lines": [226, 229, 237], "excluded_lines": []}, "TaskService.apply_for_task": {"executed_lines": [], "summary": {"covered_lines": 0, "num_statements": 19, "percent_covered": 0.0, "percent_covered_display": "0", "missing_lines": 19, "excluded_lines": 0}, "missing_lines": [257, 258, 259, 262, 263, 264, 266, 267, 270, 271, 274, 275, 276, 279, 280, 282, 283, 286, 295], "excluded_lines": []}, "TaskService.get_task_applications": {"executed_lines": [], "summary": {"covered_lines": 0, "num_statements": 9, "percent_covered": 0.0, "percent_covered_display": "0", "missing_lines": 9, "excluded_lines": 0}, "missing_lines": [305, 306, 307, 309, 310, 311, 312, 315, 316], "excluded_lines": []}, "TaskService.accept_application": {"executed_lines": [], "summary": {"covered_lines": 0, "num_statements": 12, "percent_covered": 0.0, "percent_covered_display": "0", "missing_lines": 12, "excluded_lines": 0}, "missing_lines": [327, 328, 329, 331, 332, 334, 335, 338, 339, 340, 343, 349], "excluded_lines": []}, "TaskService.reject_application": {"executed_lines": [], "summary": {"covered_lines": 0, "num_statements": 7, "percent_covered": 0.0, "percent_covered_display": "0", "missing_lines": 7, "excluded_lines": 0}, "missing_lines": [360, 361, 362, 365, 366, 367, 370], "excluded_lines": []}, "TaskService.complete_task": {"executed_lines": [], "summary": {"covered_lines": 0, "num_statements": 8, "percent_covered": 0.0, "percent_covered_display": "0", "missing_lines": 8, "excluded_lines": 0}, "missing_lines": [380, 381, 382, 385, 386, 388, 389, 392], "excluded_lines": []}, "TaskService.cancel_task": {"executed_lines": [], "summary": {"covered_lines": 0, "num_statements": 10, "percent_covered": 0.0, "percent_covered_display": "0", "missing_lines": 10, "excluded_lines": 0}, "missing_lines": [402, 403, 404, 407, 408, 409, 410, 412, 413, 416], "excluded_lines": []}, "TaskService.get_task_stats": {"executed_lines": [], "summary": {"covered_lines": 0, "num_statements": 2, "percent_covered": 0.0, "percent_covered_display": "0", "missing_lines": 2, "excluded_lines": 0}, "missing_lines": [420, 422], "excluded_lines": []}, "TaskService._validate_task_data": {"executed_lines": [], "summary": {"covered_lines": 0, "num_statements": 7, "percent_covered": 0.0, "percent_covered_display": "0", "missing_lines": 7, "excluded_lines": 0}, "missing_lines": [436, 437, 438, 440, 441, 443, 444], "excluded_lines": []}, "TaskService._validate_title": {"executed_lines": [], "summary": {"covered_lines": 0, "num_statements": 4, "percent_covered": 0.0, "percent_covered_display": "0", "missing_lines": 4, "excluded_lines": 0}, "missing_lines": [448, 449, 451, 452], "excluded_lines": []}, "TaskService._validate_description": {"executed_lines": [], "summary": {"covered_lines": 0, "num_statements": 4, "percent_covered": 0.0, "percent_covered_display": "0", "missing_lines": 4, "excluded_lines": 0}, "missing_lines": [456, 457, 459, 460], "excluded_lines": []}, "TaskService._validate_budget": {"executed_lines": [], "summary": {"covered_lines": 0, "num_statements": 6, "percent_covered": 0.0, "percent_covered_display": "0", "missing_lines": 6, "excluded_lines": 0}, "missing_lines": [468, 469, 471, 472, 474, 476], "excluded_lines": []}, "TaskService._build_search_conditions": {"executed_lines": [], "summary": {"covered_lines": 0, "num_statements": 26, "percent_covered": 0.0, "percent_covered_display": "0", "missing_lines": 26, "excluded_lines": 0}, "missing_lines": [480, 482, 483, 485, 486, 488, 489, 491, 492, 494, 495, 497, 498, 500, 501, 503, 504, 506, 507, 509, 510, 512, 513, 515, 516, 518], "excluded_lines": []}, "": {"executed_lines": [], "summary": {"covered_lines": 0, "num_statements": 92, "percent_covered": 0.0, "percent_covered_display": "0", "missing_lines": 92, "excluded_lines": 0}, "missing_lines": [6, 7, 8, 9, 10, 12, 13, 14, 15, 16, 24, 25, 27, 28, 29, 30, 31, 32, 33, 34, 35, 36, 37, 40, 41, 43, 44, 45, 46, 47, 48, 49, 50, 51, 52, 55, 56, 58, 59, 60, 61, 62, 63, 64, 65, 66, 67, 68, 69, 72, 73, 75, 76, 77, 78, 79, 80, 81, 82, 83, 84, 85, 88, 89, 91, 92, 93, 94, 95, 96, 97, 98, 99, 102, 105, 113, 149, 161, 195, 215, 245, 297, 318, 351, 372, 394, 418, 434, 446, 454, 462, 478], "excluded_lines": []}}, "classes": {"TaskCreateData": {"executed_lines": [], "summary": {"covered_lines": 0, "num_statements": 0, "percent_covered": 100.0, "percent_covered_display": "100", "missing_lines": 0, "excluded_lines": 0}, "missing_lines": [], "excluded_lines": []}, "TaskUpdateData": {"executed_lines": [], "summary": {"covered_lines": 0, "num_statements": 0, "percent_covered": 100.0, "percent_covered_display": "100", "missing_lines": 0, "excluded_lines": 0}, "missing_lines": [], "excluded_lines": []}, "TaskSearchFilters": {"executed_lines": [], "summary": {"covered_lines": 0, "num_statements": 0, "percent_covered": 100.0, "percent_covered_display": "100", "missing_lines": 0, "excluded_lines": 0}, "missing_lines": [], "excluded_lines": []}, "TaskApplication": {"executed_lines": [], "summary": {"covered_lines": 0, "num_statements": 0, "percent_covered": 100.0, "percent_covered_display": "100", "missing_lines": 0, "excluded_lines": 0}, "missing_lines": [], "excluded_lines": []}, "TaskStats": {"executed_lines": [], "summary": {"covered_lines": 0, "num_statements": 0, "percent_covered": 100.0, "percent_covered_display": "100", "missing_lines": 0, "excluded_lines": 0}, "missing_lines": [], "excluded_lines": []}, "TaskService": {"executed_lines": [], "summary": {"covered_lines": 0, "num_statements": 160, "percent_covered": 0.0, "percent_covered_display": "0", "missing_lines": 160, "excluded_lines": 0}, "missing_lines": [110, 111, 121, 122, 123, 125, 126, 129, 132, 147, 151, 152, 153, 156, 157, 159, 169, 170, 171, 174, 175, 176, 177, 180, 181, 184, 185, 186, 187, 188, 189, 192, 193, 198, 199, 200, 203, 204, 205, 206, 209, 210, 213, 226, 229, 237, 257, 258, 259, 262, 263, 264, 266, 267, 270, 271, 274, 275, 276, 279, 280, 282, 283, 286, 295, 305, 306, 307, 309, 310, 311, 312, 315, 316, 327, 328, 329, 331, 332, 334, 335, 338, 339, 340, 343, 349, 360, 361, 362, 365, 366, 367, 370, 380, 381, 382, 385, 386, 388, 389, 392, 402, 403, 404, 407, 408, 409, 410, 412, 413, 416, 420, 422, 436, 437, 438, 440, 441, 443, 444, 448, 449, 451, 452, 456, 457, 459, 460, 468, 469, 471, 472, 474, 476, 480, 482, 483, 485, 486, 488, 489, 491, 492, 494, 495, 497, 498, 500, 501, 503, 504, 506, 507, 509, 510, 512, 513, 515, 516, 518], "excluded_lines": []}, "": {"executed_lines": [], "summary": {"covered_lines": 0, "num_statements": 92, "percent_covered": 0.0, "percent_covered_display": "0", "missing_lines": 92, "excluded_lines": 0}, "missing_lines": [6, 7, 8, 9, 10, 12, 13, 14, 15, 16, 24, 25, 27, 28, 29, 30, 31, 32, 33, 34, 35, 36, 37, 40, 41, 43, 44, 45, 46, 47, 48, 49, 50, 51, 52, 55, 56, 58, 59, 60, 61, 62, 63, 64, 65, 66, 67, 68, 69, 72, 73, 75, 76, 77, 78, 79, 80, 81, 82, 83, 84, 85, 88, 89, 91, 92, 93, 94, 95, 96, 97, 98, 99, 102, 105, 113, 149, 161, 195, 215, 245, 297, 318, 351, 372, 394, 418, 434, 446, 454, 462, 478], "excluded_lines": []}}}, "services/user_service.py": {"executed_lines": [], "summary": {"covered_lines": 0, "num_statements": 174, "percent_covered": 0.0, "percent_covered_display": "0", "missing_lines": 174, "excluded_lines": 0}, "missing_lines": [6, 7, 8, 9, 11, 12, 13, 21, 22, 24, 25, 26, 27, 28, 29, 30, 31, 32, 33, 34, 35, 36, 37, 38, 39, 40, 41, 42, 43, 46, 47, 49, 50, 51, 52, 53, 54, 55, 56, 57, 60, 61, 63, 64, 65, 66, 67, 68, 69, 70, 71, 74, 75, 77, 78, 79, 80, 81, 82, 83, 86, 89, 90, 92, 94, 95, 96, 98, 100, 102, 103, 104, 106, 108, 117, 118, 119, 120, 123, 126, 127, 128, 130, 132, 141, 144, 151, 153, 161, 163, 165, 175, 184, 185, 186, 189, 190, 193, 199, 200, 202, 204, 212, 213, 214, 217, 222, 223, 225, 227, 235, 236, 237, 239, 240, 243, 245, 246, 248, 250, 252, 253, 255, 256, 258, 260, 261, 263, 264, 266, 268, 269, 270, 274, 284, 286, 309, 311, 312, 314, 315, 317, 318, 320, 321, 323, 324, 326, 327, 329, 331, 332, 339, 341, 343, 345, 346, 348, 349, 351, 352, 354, 355, 357, 358, 360, 361, 363, 364, 366, 367, 369, 370, 372], "excluded_lines": [], "functions": {"UserService.__init__": {"executed_lines": [], "summary": {"covered_lines": 0, "num_statements": 1, "percent_covered": 0.0, "percent_covered_display": "0", "missing_lines": 1, "excluded_lines": 0}, "missing_lines": [90], "excluded_lines": []}, "UserService.get_user_profile": {"executed_lines": [], "summary": {"covered_lines": 0, "num_statements": 4, "percent_covered": 0.0, "percent_covered_display": "0", "missing_lines": 4, "excluded_lines": 0}, "missing_lines": [94, 95, 96, 98], "excluded_lines": []}, "UserService.get_user_by_sub": {"executed_lines": [], "summary": {"covered_lines": 0, "num_statements": 4, "percent_covered": 0.0, "percent_covered_display": "0", "missing_lines": 4, "excluded_lines": 0}, "missing_lines": [102, 103, 104, 106], "excluded_lines": []}, "UserService.update_user_profile": {"executed_lines": [], "summary": {"covered_lines": 0, "num_statements": 9, "percent_covered": 0.0, "percent_covered_display": "0", "missing_lines": 9, "excluded_lines": 0}, "missing_lines": [117, 118, 119, 120, 123, 126, 127, 128, 130], "excluded_lines": []}, "UserService.search_users": {"executed_lines": [], "summary": {"covered_lines": 0, "num_statements": 4, "percent_covered": 0.0, "percent_covered_display": "0", "missing_lines": 4, "excluded_lines": 0}, "missing_lines": [141, 144, 151, 153], "excluded_lines": []}, "UserService.get_user_stats": {"executed_lines": [], "summary": {"covered_lines": 0, "num_statements": 2, "percent_covered": 0.0, "percent_covered_display": "0", "missing_lines": 2, "excluded_lines": 0}, "missing_lines": [163, 165], "excluded_lines": []}, "UserService.deactivate_user": {"executed_lines": [], "summary": {"covered_lines": 0, "num_statements": 9, "percent_covered": 0.0, "percent_covered_display": "0", "missing_lines": 9, "excluded_lines": 0}, "missing_lines": [184, 185, 186, 189, 190, 193, 199, 200, 202], "excluded_lines": []}, "UserService.activate_user": {"executed_lines": [], "summary": {"covered_lines": 0, "num_statements": 7, "percent_covered": 0.0, "percent_covered_display": "0", "missing_lines": 7, "excluded_lines": 0}, "missing_lines": [212, 213, 214, 217, 222, 223, 225], "excluded_lines": []}, "UserService.delete_user": {"executed_lines": [], "summary": {"covered_lines": 0, "num_statements": 9, "percent_covered": 0.0, "percent_covered_display": "0", "missing_lines": 9, "excluded_lines": 0}, "missing_lines": [235, 236, 237, 239, 240, 243, 245, 246, 248], "excluded_lines": []}, "UserService.check_username_availability": {"executed_lines": [], "summary": {"covered_lines": 0, "num_statements": 4, "percent_covered": 0.0, "percent_covered_display": "0", "missing_lines": 4, "excluded_lines": 0}, "missing_lines": [252, 253, 255, 256], "excluded_lines": []}, "UserService.check_email_availability": {"executed_lines": [], "summary": {"covered_lines": 0, "num_statements": 4, "percent_covered": 0.0, "percent_covered_display": "0", "missing_lines": 4, "excluded_lines": 0}, "missing_lines": [260, 261, 263, 264], "excluded_lines": []}, "UserService.get_user_activity_summary": {"executed_lines": [], "summary": {"covered_lines": 0, "num_statements": 4, "percent_covered": 0.0, "percent_covered_display": "0", "missing_lines": 4, "excluded_lines": 0}, "missing_lines": [268, 269, 270, 274], "excluded_lines": []}, "UserService._user_to_profile": {"executed_lines": [], "summary": {"covered_lines": 0, "num_statements": 1, "percent_covered": 0.0, "percent_covered_display": "0", "missing_lines": 1, "excluded_lines": 0}, "missing_lines": [286], "excluded_lines": []}, "UserService._validate_update_data": {"executed_lines": [], "summary": {"covered_lines": 0, "num_statements": 12, "percent_covered": 0.0, "percent_covered_display": "0", "missing_lines": 12, "excluded_lines": 0}, "missing_lines": [311, 312, 314, 315, 317, 318, 320, 321, 323, 324, 326, 327], "excluded_lines": []}, "UserService._is_valid_url": {"executed_lines": [], "summary": {"covered_lines": 0, "num_statements": 3, "percent_covered": 0.0, "percent_covered_display": "0", "missing_lines": 3, "excluded_lines": 0}, "missing_lines": [331, 332, 339], "excluded_lines": []}, "UserService._build_search_conditions": {"executed_lines": [], "summary": {"covered_lines": 0, "num_statements": 20, "percent_covered": 0.0, "percent_covered_display": "0", "missing_lines": 20, "excluded_lines": 0}, "missing_lines": [343, 345, 346, 348, 349, 351, 352, 354, 355, 357, 358, 360, 361, 363, 364, 366, 367, 369, 370, 372], "excluded_lines": []}, "": {"executed_lines": [], "summary": {"covered_lines": 0, "num_statements": 77, "percent_covered": 0.0, "percent_covered_display": "0", "missing_lines": 77, "excluded_lines": 0}, "missing_lines": [6, 7, 8, 9, 11, 12, 13, 21, 22, 24, 25, 26, 27, 28, 29, 30, 31, 32, 33, 34, 35, 36, 37, 38, 39, 40, 41, 42, 43, 46, 47, 49, 50, 51, 52, 53, 54, 55, 56, 57, 60, 61, 63, 64, 65, 66, 67, 68, 69, 70, 71, 74, 75, 77, 78, 79, 80, 81, 82, 83, 86, 89, 92, 100, 108, 132, 161, 175, 204, 227, 250, 258, 266, 284, 309, 329, 341], "excluded_lines": []}}, "classes": {"UserProfile": {"executed_lines": [], "summary": {"covered_lines": 0, "num_statements": 0, "percent_covered": 100.0, "percent_covered_display": "100", "missing_lines": 0, "excluded_lines": 0}, "missing_lines": [], "excluded_lines": []}, "UserUpdateData": {"executed_lines": [], "summary": {"covered_lines": 0, "num_statements": 0, "percent_covered": 100.0, "percent_covered_display": "100", "missing_lines": 0, "excluded_lines": 0}, "missing_lines": [], "excluded_lines": []}, "UserSearchFilters": {"executed_lines": [], "summary": {"covered_lines": 0, "num_statements": 0, "percent_covered": 100.0, "percent_covered_display": "100", "missing_lines": 0, "excluded_lines": 0}, "missing_lines": [], "excluded_lines": []}, "UserStats": {"executed_lines": [], "summary": {"covered_lines": 0, "num_statements": 0, "percent_covered": 100.0, "percent_covered_display": "100", "missing_lines": 0, "excluded_lines": 0}, "missing_lines": [], "excluded_lines": []}, "UserService": {"executed_lines": [], "summary": {"covered_lines": 0, "num_statements": 97, "percent_covered": 0.0, "percent_covered_display": "0", "missing_lines": 97, "excluded_lines": 0}, "missing_lines": [90, 94, 95, 96, 98, 102, 103, 104, 106, 117, 118, 119, 120, 123, 126, 127, 128, 130, 141, 144, 151, 153, 163, 165, 184, 185, 186, 189, 190, 193, 199, 200, 202, 212, 213, 214, 217, 222, 223, 225, 235, 236, 237, 239, 240, 243, 245, 246, 248, 252, 253, 255, 256, 260, 261, 263, 264, 268, 269, 270, 274, 286, 311, 312, 314, 315, 317, 318, 320, 321, 323, 324, 326, 327, 331, 332, 339, 343, 345, 346, 348, 349, 351, 352, 354, 355, 357, 358, 360, 361, 363, 364, 366, 367, 369, 370, 372], "excluded_lines": []}, "": {"executed_lines": [], "summary": {"covered_lines": 0, "num_statements": 77, "percent_covered": 0.0, "percent_covered_display": "0", "missing_lines": 77, "excluded_lines": 0}, "missing_lines": [6, 7, 8, 9, 11, 12, 13, 21, 22, 24, 25, 26, 27, 28, 29, 30, 31, 32, 33, 34, 35, 36, 37, 38, 39, 40, 41, 42, 43, 46, 47, 49, 50, 51, 52, 53, 54, 55, 56, 57, 60, 61, 63, 64, 65, 66, 67, 68, 69, 70, 71, 74, 75, 77, 78, 79, 80, 81, 82, 83, 86, 89, 92, 100, 108, 132, 161, 175, 204, 227, 250, 258, 266, 284, 309, 329, 341], "excluded_lines": []}}}}, "totals": {"covered_lines": 0, "num_statements": 3173, "percent_covered": 0.0, "percent_covered_display": "0", "missing_lines": 3173, "excluded_lines": 0}}